0 verbose cli C:\Program Files\nodejs\node.exe C:\Users\prin_\AppData\Roaming\npm\node_modules\npm\bin\npm-cli.js
1 info using npm@10.9.2
2 info using node@v20.17.0
3 silly config load:file:C:\Users\prin_\AppData\Roaming\npm\node_modules\npm\npmrc
4 silly config load:file:C:\dogDaycare\.npmrc
5 silly config load:file:C:\Users\prin_\.npmrc
6 silly config load:file:C:\Users\prin_\AppData\Roaming\npm\etc\npmrc
7 verbose title npm audit fix
8 verbose argv "audit" "fix"
9 verbose logfile logs-max:10 dir:C:\dogDaycare\Usersprin_npm-cache\_logs\2024-12-12T01_39_14_039Z-
10 verbose logfile C:\dogDaycare\Usersprin_npm-cache\_logs\2024-12-12T01_39_14_039Z-debug-0.log
11 silly logfile start cleaning logs, removing 1 files
12 silly packumentCache heap:4345298944 maxSize:1086324736 maxEntrySize:543162368
13 silly logfile done cleaning log files
14 silly audit bulk request {
14 silly audit   '@aws-crypto/sha256-browser': [ '5.2.0' ],
14 silly audit   '@smithy/is-array-buffer': [ '2.2.0', '3.0.0' ],
14 silly audit   '@smithy/util-buffer-from': [ '2.2.0', '3.0.0' ],
14 silly audit   '@smithy/util-utf8': [ '2.3.0', '3.0.0' ],
14 silly audit   '@aws-crypto/sha256-js': [ '5.2.0' ],
14 silly audit   '@aws-crypto/supports-web-crypto': [ '5.2.0' ],
14 silly audit   '@aws-crypto/util': [ '5.2.0' ],
14 silly audit   '@aws-sdk/client-cognito-identity': [ '3.709.0' ],
14 silly audit   '@aws-sdk/client-sso': [ '3.709.0' ],
14 silly audit   '@aws-sdk/client-sso-oidc': [ '3.709.0' ],
14 silly audit   '@aws-sdk/client-sts': [ '3.709.0' ],
14 silly audit   '@aws-sdk/core': [ '3.709.0' ],
14 silly audit   '@aws-sdk/credential-provider-cognito-identity': [ '3.709.0' ],
14 silly audit   '@aws-sdk/credential-provider-env': [ '3.709.0' ],
14 silly audit   '@aws-sdk/credential-provider-http': [ '3.709.0' ],
14 silly audit   '@aws-sdk/credential-provider-ini': [ '3.709.0' ],
14 silly audit   '@aws-sdk/credential-provider-node': [ '3.709.0' ],
14 silly audit   '@aws-sdk/credential-provider-process': [ '3.709.0' ],
14 silly audit   '@aws-sdk/credential-provider-sso': [ '3.709.0' ],
14 silly audit   '@aws-sdk/credential-provider-web-identity': [ '3.709.0' ],
14 silly audit   '@aws-sdk/credential-providers': [ '3.709.0' ],
14 silly audit   '@aws-sdk/middleware-host-header': [ '3.709.0' ],
14 silly audit   '@aws-sdk/middleware-logger': [ '3.709.0' ],
14 silly audit   '@aws-sdk/middleware-recursion-detection': [ '3.709.0' ],
14 silly audit   '@aws-sdk/middleware-user-agent': [ '3.709.0' ],
14 silly audit   '@aws-sdk/region-config-resolver': [ '3.709.0' ],
14 silly audit   '@aws-sdk/token-providers': [ '3.709.0' ],
14 silly audit   '@aws-sdk/types': [ '3.709.0' ],
14 silly audit   '@aws-sdk/util-endpoints': [ '3.709.0' ],
14 silly audit   '@aws-sdk/util-locate-window': [ '3.693.0' ],
14 silly audit   '@aws-sdk/util-user-agent-browser': [ '3.709.0' ],
14 silly audit   '@aws-sdk/util-user-agent-node': [ '3.709.0' ],
14 silly audit   '@ioredis/commands': [ '1.2.0' ],
14 silly audit   '@mongodb-js/saslprep': [ '1.1.9' ],
14 silly audit   '@smithy/abort-controller': [ '3.1.9' ],
14 silly audit   '@smithy/config-resolver': [ '3.0.13' ],
14 silly audit   '@smithy/core': [ '2.5.5' ],
14 silly audit   '@smithy/credential-provider-imds': [ '3.2.8' ],
14 silly audit   '@smithy/fetch-http-handler': [ '4.1.2' ],
14 silly audit   '@smithy/hash-node': [ '3.0.11' ],
14 silly audit   '@smithy/invalid-dependency': [ '3.0.11' ],
14 silly audit   '@smithy/middleware-content-length': [ '3.0.13' ],
14 silly audit   '@smithy/middleware-endpoint': [ '3.2.5' ],
14 silly audit   '@smithy/middleware-retry': [ '3.0.30' ],
14 silly audit   '@smithy/middleware-serde': [ '3.0.11' ],
14 silly audit   '@smithy/middleware-stack': [ '3.0.11' ],
14 silly audit   '@smithy/node-config-provider': [ '3.1.12' ],
14 silly audit   '@smithy/node-http-handler': [ '3.3.2' ],
14 silly audit   '@smithy/property-provider': [ '3.1.11' ],
14 silly audit   '@smithy/protocol-http': [ '4.1.8' ],
14 silly audit   '@smithy/querystring-builder': [ '3.0.11' ],
14 silly audit   '@smithy/querystring-parser': [ '3.0.11' ],
14 silly audit   '@smithy/service-error-classification': [ '3.0.11' ],
14 silly audit   '@smithy/shared-ini-file-loader': [ '3.1.12' ],
14 silly audit   '@smithy/signature-v4': [ '4.2.4' ],
14 silly audit   '@smithy/smithy-client': [ '3.5.0' ],
14 silly audit   '@smithy/types': [ '3.7.2' ],
14 silly audit   '@smithy/url-parser': [ '3.0.11' ],
14 silly audit   '@smithy/util-base64': [ '3.0.0' ],
14 silly audit   '@smithy/util-body-length-browser': [ '3.0.0' ],
14 silly audit   '@smithy/util-body-length-node': [ '3.0.0' ],
14 silly audit   '@smithy/util-config-provider': [ '3.0.0' ],
14 silly audit   '@smithy/util-defaults-mode-browser': [ '3.0.30' ],
14 silly audit   '@smithy/util-defaults-mode-node': [ '3.0.30' ],
14 silly audit   '@smithy/util-endpoints': [ '2.1.7' ],
14 silly audit   '@smithy/util-hex-encoding': [ '3.0.0' ],
14 silly audit   '@smithy/util-middleware': [ '3.0.11' ],
14 silly audit   '@smithy/util-retry': [ '3.0.11' ],
14 silly audit   '@smithy/util-stream': [ '3.3.2' ],
14 silly audit   '@smithy/util-uri-escape': [ '3.0.0' ],
14 silly audit   '@types/node': [ '22.10.1' ],
14 silly audit   '@types/webidl-conversions': [ '7.0.3' ],
14 silly audit   accepts: [ '1.3.8' ],
14 silly audit   anymatch: [ '3.1.3' ],
14 silly audit   'array-flatten': [ '1.1.1' ],
14 silly audit   'balanced-match': [ '1.0.2' ],
14 silly audit   'base64-js': [ '1.5.1' ],
14 silly audit   base64url: [ '3.0.1' ],
14 silly audit   'basic-auth': [ '2.0.1' ],
14 silly audit   'safe-buffer': [ '5.1.2', '5.2.1' ],
14 silly audit   bcryptjs: [ '2.4.3' ],
14 silly audit   'binary-extensions': [ '2.3.0' ],
14 silly audit   'body-parser': [ '1.20.3' ],
14 silly audit   'http-errors': [ '2.0.0', '1.6.3' ],
14 silly audit   'on-finished': [ '2.4.1', '2.3.0' ],
14 silly audit   setprototypeof: [ '1.2.0', '1.1.0' ],
14 silly audit   statuses: [ '2.0.1', '1.4.0' ],
14 silly audit   bowser: [ '2.11.0' ],
14 silly audit   'brace-expansion': [ '1.1.11' ],
14 silly audit   braces: [ '3.0.3' ],
14 silly audit   buffer: [ '5.7.1' ],
14 silly audit   bytes: [ '3.1.2' ],
14 silly audit   'call-bind': [ '1.0.8' ],
14 silly audit   'call-bind-apply-helpers': [ '1.0.1' ],
14 silly audit   'call-bound': [ '1.0.2' ],
14 silly audit   chokidar: [ '3.6.0' ],
14 silly audit   'cluster-key-slot': [ '1.1.2' ],
14 silly audit   'concat-map': [ '0.0.1' ],
14 silly audit   'connect-flash': [ '0.1.1' ],
14 silly audit   'connect-redis': [ '7.1.1' ],
14 silly audit   'content-disposition': [ '0.5.4' ],
14 silly audit   'content-type': [ '1.0.5' ],
14 silly audit   cookie: [ '0.7.2', '0.7.1' ],
14 silly audit   'cookie-parser': [ '1.4.7' ],
14 silly audit   'cookie-signature': [ '1.0.6', '1.0.7' ],
14 silly audit   debug: [ '2.6.9', '4.4.0', '3.2.7' ],
14 silly audit   ms: [ '2.0.0', '2.1.3' ],
14 silly audit   'define-data-property': [ '1.1.4' ],
14 silly audit   denque: [ '2.1.0' ],
14 silly audit   depd: [ '2.0.0', '1.1.2' ],
14 silly audit   destroy: [ '1.2.0' ],
14 silly audit   dotenv: [ '10.0.0' ],
14 silly audit   'dunder-proto': [ '1.0.0' ],
14 silly audit   'ee-first': [ '1.1.1' ],
14 silly audit   encodeurl: [ '2.0.0', '1.0.2' ],
14 silly audit   'es-define-property': [ '1.0.1' ],
14 silly audit   'es-errors': [ '1.3.0' ],
14 silly audit   'es-object-atoms': [ '1.0.0' ],
14 silly audit   'escape-html': [ '1.0.3' ],
14 silly audit   etag: [ '1.8.1' ],
14 silly audit   express: [ '4.21.2' ],
14 silly audit   'express-handlebars': [ '5.3.5' ],
14 silly audit   'express-session': [ '1.18.1' ],
14 silly audit   'fast-xml-parser': [ '4.4.1' ],
14 silly audit   'fill-range': [ '7.1.1' ],
14 silly audit   finalhandler: [ '1.3.1' ],
14 silly audit   forwarded: [ '0.2.0' ],
14 silly audit   fresh: [ '0.5.2' ],
14 silly audit   'fs.realpath': [ '1.0.0' ],
14 silly audit   fsevents: [ '2.3.3' ],
14 silly audit   'function-bind': [ '1.1.2' ],
14 silly audit   'get-intrinsic': [ '1.2.6' ],
14 silly audit   glob: [ '7.2.3' ],
14 silly audit   'glob-parent': [ '5.1.2' ],
14 silly audit   gopd: [ '1.2.0' ],
14 silly audit   'graceful-fs': [ '4.2.11' ],
14 silly audit   handlebars: [ '4.7.8' ],
14 silly audit   'has-flag': [ '3.0.0' ],
14 silly audit   'has-property-descriptors': [ '1.0.2' ],
14 silly audit   'has-symbols': [ '1.1.0' ],
14 silly audit   hasown: [ '2.0.2' ],
14 silly audit   inherits: [ '2.0.3', '2.0.4' ],
14 silly audit   'iconv-lite': [ '0.4.24' ],
14 silly audit   ieee754: [ '1.2.1' ],
14 silly audit   'ignore-by-default': [ '1.0.1' ],
14 silly audit   inflight: [ '1.0.6' ],
14 silly audit   ioredis: [ '5.4.1' ],
14 silly audit   'ip-address': [ '9.0.5' ],
14 silly audit   'ipaddr.js': [ '1.9.1' ],
14 silly audit   'is-binary-path': [ '2.1.0' ],
14 silly audit   'is-extglob': [ '2.1.1' ],
14 silly audit   'is-glob': [ '4.0.3' ],
14 silly audit   'is-number': [ '7.0.0' ],
14 silly audit   jsbn: [ '1.1.0' ],
14 silly audit   kareem: [ '2.5.1' ],
14 silly audit   'lodash.defaults': [ '4.2.0' ],
14 silly audit   'lodash.isarguments': [ '3.1.0' ],
14 silly audit   'math-intrinsics': [ '1.0.0' ],
14 silly audit   'media-typer': [ '0.3.0' ],
14 silly audit   'memory-pager': [ '1.5.0' ],
14 silly audit   'merge-descriptors': [ '1.0.3' ],
14 silly audit   methods: [ '1.1.2' ],
14 silly audit   mime: [ '1.6.0' ],
14 silly audit   'mime-db': [ '1.52.0' ],
14 silly audit   'mime-types': [ '2.1.35' ],
14 silly audit   minimatch: [ '3.1.2' ],
14 silly audit   minimist: [ '1.2.8' ],
14 silly audit   mongoose: [ '6.13.5' ],
14 silly audit   '@types/whatwg-url': [ '8.2.2' ],
14 silly audit   bson: [ '4.7.2' ],
14 silly audit   mongodb: [ '4.17.2' ],
14 silly audit   'mongodb-connection-string-url': [ '2.6.0' ],
14 silly audit   tr46: [ '3.0.0' ],
14 silly audit   'whatwg-url': [ '11.0.0' ],
14 silly audit   morgan: [ '1.9.1' ],
14 silly audit   mpath: [ '0.9.0' ],
14 silly audit   mquery: [ '4.0.3' ],
14 silly audit   negotiator: [ '0.6.3' ],
14 silly audit   'neo-async': [ '2.6.2' ],
14 silly audit   nodemon: [ '2.0.22' ],
14 silly audit   'normalize-path': [ '3.0.0' ],
14 silly audit   oauth: [ '0.10.0' ],
14 silly audit   'object-inspect': [ '1.13.3' ],
14 silly audit   'on-headers': [ '1.0.2' ],
14 silly audit   once: [ '1.4.0' ],
14 silly audit   parseurl: [ '1.3.3' ],
14 silly audit   passport: [ '0.7.0' ],
14 silly audit   'passport-github2': [ '0.1.12' ],
14 silly audit   'passport-local': [ '1.0.0' ],
14 silly audit   'passport-oauth2': [ '1.8.0' ],
14 silly audit   'passport-strategy': [ '1.0.0' ],
14 silly audit   'path-is-absolute': [ '1.0.1' ],
14 silly audit   'path-to-regexp': [ '0.1.12' ],
14 silly audit   pause: [ '0.0.1' ],
14 silly audit   picomatch: [ '2.3.1' ],
14 silly audit   'proxy-addr': [ '2.0.7' ],
14 silly audit   'pstree.remy': [ '1.1.8' ],
14 silly audit   punycode: [ '2.3.1' ],
14 silly audit   qs: [ '6.13.0' ],
14 silly audit   'random-bytes': [ '1.0.0' ],
14 silly audit   'range-parser': [ '1.2.1' ],
14 silly audit   'raw-body': [ '2.5.2' ],
14 silly audit   readdirp: [ '3.6.0' ],
14 silly audit   'redis-errors': [ '1.2.0' ],
14 silly audit   'redis-parser': [ '3.0.0' ],
14 silly audit   'safer-buffer': [ '2.1.2' ],
14 silly audit   semver: [ '5.7.2', '7.0.0' ],
14 silly audit   send: [ '0.19.0' ],
14 silly audit   'serve-static': [ '1.16.2' ],
14 silly audit   'set-function-length': [ '1.2.2' ],
14 silly audit   'side-channel': [ '1.1.0' ],
14 silly audit   'side-channel-list': [ '1.0.0' ],
14 silly audit   'side-channel-map': [ '1.0.1' ],
14 silly audit   'side-channel-weakmap': [ '1.0.2' ],
14 silly audit   sift: [ '16.0.1' ],
14 silly audit   'simple-update-notifier': [ '1.1.0' ],
14 silly audit   'smart-buffer': [ '4.2.0' ],
14 silly audit   socks: [ '2.8.3' ],
14 silly audit   'source-map': [ '0.6.1' ],
14 silly audit   'sparse-bitfield': [ '3.0.3' ],
14 silly audit   'sprintf-js': [ '1.1.3' ],
14 silly audit   'standard-as-callback': [ '2.1.0' ],
14 silly audit   strnum: [ '1.0.5' ],
14 silly audit   'supports-color': [ '5.5.0' ],
14 silly audit   'to-regex-range': [ '5.0.1' ],
14 silly audit   toidentifier: [ '1.0.1' ],
14 silly audit   touch: [ '3.1.1' ],
14 silly audit   tslib: [ '2.8.1' ],
14 silly audit   'type-is': [ '1.6.18' ],
14 silly audit   'uglify-js': [ '3.19.3' ],
14 silly audit   'uid-safe': [ '2.1.5' ],
14 silly audit   uid2: [ '0.0.4' ],
14 silly audit   undefsafe: [ '2.0.5' ],
14 silly audit   'undici-types': [ '6.20.0' ],
14 silly audit   unpipe: [ '1.0.0' ],
14 silly audit   'utils-merge': [ '1.0.1' ],
14 silly audit   uuid: [ '9.0.1' ],
14 silly audit   vary: [ '1.1.2' ],
14 silly audit   'webidl-conversions': [ '7.0.0' ],
14 silly audit   wordwrap: [ '1.0.0' ],
14 silly audit   wrappy: [ '1.0.2' ]
14 silly audit }
15 http fetch POST 200 https://registry.npmjs.org/-/npm/v1/security/advisories/bulk 225ms
16 silly audit report {
16 silly audit report   semver: [
16 silly audit report     {
16 silly audit report       id: 1101088,
16 silly audit report       url: 'https://github.com/advisories/GHSA-c2qf-rxjj-qqgw',
16 silly audit report       title: 'semver vulnerable to Regular Expression Denial of Service',
16 silly audit report       severity: 'high',
16 silly audit report       vulnerable_versions: '>=7.0.0 <7.5.2',
16 silly audit report       cwe: [Array],
16 silly audit report       cvss: [Object]
16 silly audit report     }
16 silly audit report   ]
16 silly audit report }
17 silly packumentCache corgi:https://registry.npmjs.org/semver cache-miss
18 http cache https://registry.npmjs.org/semver 22ms (cache hit)
19 silly packumentCache corgi:https://registry.npmjs.org/semver set size:92294 disposed:false
20 silly packumentCache corgi:https://registry.npmjs.org/simple-update-notifier cache-miss
21 http cache https://registry.npmjs.org/simple-update-notifier 8ms (cache hit)
22 silly packumentCache corgi:https://registry.npmjs.org/simple-update-notifier set size:21489 disposed:false
23 silly packumentCache corgi:https://registry.npmjs.org/nodemon cache-miss
24 http cache https://registry.npmjs.org/nodemon 9ms (cache hit)
25 silly packumentCache corgi:https://registry.npmjs.org/nodemon set size:274018 disposed:false
26 silly idealTree buildDeps
27 silly fetch manifest nodemon@^2.0.14
28 silly packumentCache full:https://registry.npmjs.org/nodemon cache-miss
29 http cache https://registry.npmjs.org/nodemon 95ms (cache hit)
30 silly packumentCache full:https://registry.npmjs.org/nodemon set size:647001 disposed:false
31 silly placeDep ROOT nodemon@2.0.18 KEEP for: dogdaycare@0.0.0 want: ^2.0.14
32 silly fetch manifest simple-update-notifier@^1.0.7
33 silly packumentCache full:https://registry.npmjs.org/simple-update-notifier cache-miss
34 http cache https://registry.npmjs.org/simple-update-notifier 8ms (cache hit)
35 silly packumentCache full:https://registry.npmjs.org/simple-update-notifier set size:44879 disposed:false
36 silly placeDep ROOT simple-update-notifier@1.1.0 KEEP for: nodemon@2.0.22 want: ^1.0.7
37 silly fetch manifest semver@~7.0.0
38 silly packumentCache full:https://registry.npmjs.org/semver cache-miss
39 http cache https://registry.npmjs.org/semver 9ms (cache hit)
40 silly packumentCache full:https://registry.npmjs.org/semver set size:215926 disposed:false
41 silly placeDep node_modules/simple-update-notifier semver@7.0.0 KEEP for: simple-update-notifier@1.1.0 want: ~7.0.0
42 silly reify moves {}
43 silly audit bulk request {
43 silly audit   '@aws-crypto/sha256-browser': [ '5.2.0' ],
43 silly audit   '@smithy/is-array-buffer': [ '2.2.0', '3.0.0' ],
43 silly audit   '@smithy/util-buffer-from': [ '2.2.0', '3.0.0' ],
43 silly audit   '@smithy/util-utf8': [ '2.3.0', '3.0.0' ],
43 silly audit   '@aws-crypto/sha256-js': [ '5.2.0' ],
43 silly audit   '@aws-crypto/supports-web-crypto': [ '5.2.0' ],
43 silly audit   '@aws-crypto/util': [ '5.2.0' ],
43 silly audit   '@aws-sdk/client-cognito-identity': [ '3.709.0' ],
43 silly audit   '@aws-sdk/client-sso': [ '3.709.0' ],
43 silly audit   '@aws-sdk/client-sso-oidc': [ '3.709.0' ],
43 silly audit   '@aws-sdk/client-sts': [ '3.709.0' ],
43 silly audit   '@aws-sdk/core': [ '3.709.0' ],
43 silly audit   '@aws-sdk/credential-provider-cognito-identity': [ '3.709.0' ],
43 silly audit   '@aws-sdk/credential-provider-env': [ '3.709.0' ],
43 silly audit   '@aws-sdk/credential-provider-http': [ '3.709.0' ],
43 silly audit   '@aws-sdk/credential-provider-ini': [ '3.709.0' ],
43 silly audit   '@aws-sdk/credential-provider-node': [ '3.709.0' ],
43 silly audit   '@aws-sdk/credential-provider-process': [ '3.709.0' ],
43 silly audit   '@aws-sdk/credential-provider-sso': [ '3.709.0' ],
43 silly audit   '@aws-sdk/credential-provider-web-identity': [ '3.709.0' ],
43 silly audit   '@aws-sdk/credential-providers': [ '3.709.0' ],
43 silly audit   '@aws-sdk/middleware-host-header': [ '3.709.0' ],
43 silly audit   '@aws-sdk/middleware-logger': [ '3.709.0' ],
43 silly audit   '@aws-sdk/middleware-recursion-detection': [ '3.709.0' ],
43 silly audit   '@aws-sdk/middleware-user-agent': [ '3.709.0' ],
43 silly audit   '@aws-sdk/region-config-resolver': [ '3.709.0' ],
43 silly audit   '@aws-sdk/token-providers': [ '3.709.0' ],
43 silly audit   '@aws-sdk/types': [ '3.709.0' ],
43 silly audit   '@aws-sdk/util-endpoints': [ '3.709.0' ],
43 silly audit   '@aws-sdk/util-locate-window': [ '3.693.0' ],
43 silly audit   '@aws-sdk/util-user-agent-browser': [ '3.709.0' ],
43 silly audit   '@aws-sdk/util-user-agent-node': [ '3.709.0' ],
43 silly audit   '@ioredis/commands': [ '1.2.0' ],
43 silly audit   '@mongodb-js/saslprep': [ '1.1.9' ],
43 silly audit   '@smithy/abort-controller': [ '3.1.9' ],
43 silly audit   '@smithy/config-resolver': [ '3.0.13' ],
43 silly audit   '@smithy/core': [ '2.5.5' ],
43 silly audit   '@smithy/credential-provider-imds': [ '3.2.8' ],
43 silly audit   '@smithy/fetch-http-handler': [ '4.1.2' ],
43 silly audit   '@smithy/hash-node': [ '3.0.11' ],
43 silly audit   '@smithy/invalid-dependency': [ '3.0.11' ],
43 silly audit   '@smithy/middleware-content-length': [ '3.0.13' ],
43 silly audit   '@smithy/middleware-endpoint': [ '3.2.5' ],
43 silly audit   '@smithy/middleware-retry': [ '3.0.30' ],
43 silly audit   '@smithy/middleware-serde': [ '3.0.11' ],
43 silly audit   '@smithy/middleware-stack': [ '3.0.11' ],
43 silly audit   '@smithy/node-config-provider': [ '3.1.12' ],
43 silly audit   '@smithy/node-http-handler': [ '3.3.2' ],
43 silly audit   '@smithy/property-provider': [ '3.1.11' ],
43 silly audit   '@smithy/protocol-http': [ '4.1.8' ],
43 silly audit   '@smithy/querystring-builder': [ '3.0.11' ],
43 silly audit   '@smithy/querystring-parser': [ '3.0.11' ],
43 silly audit   '@smithy/service-error-classification': [ '3.0.11' ],
43 silly audit   '@smithy/shared-ini-file-loader': [ '3.1.12' ],
43 silly audit   '@smithy/signature-v4': [ '4.2.4' ],
43 silly audit   '@smithy/smithy-client': [ '3.5.0' ],
43 silly audit   '@smithy/types': [ '3.7.2' ],
43 silly audit   '@smithy/url-parser': [ '3.0.11' ],
43 silly audit   '@smithy/util-base64': [ '3.0.0' ],
43 silly audit   '@smithy/util-body-length-browser': [ '3.0.0' ],
43 silly audit   '@smithy/util-body-length-node': [ '3.0.0' ],
43 silly audit   '@smithy/util-config-provider': [ '3.0.0' ],
43 silly audit   '@smithy/util-defaults-mode-browser': [ '3.0.30' ],
43 silly audit   '@smithy/util-defaults-mode-node': [ '3.0.30' ],
43 silly audit   '@smithy/util-endpoints': [ '2.1.7' ],
43 silly audit   '@smithy/util-hex-encoding': [ '3.0.0' ],
43 silly audit   '@smithy/util-middleware': [ '3.0.11' ],
43 silly audit   '@smithy/util-retry': [ '3.0.11' ],
43 silly audit   '@smithy/util-stream': [ '3.3.2' ],
43 silly audit   '@smithy/util-uri-escape': [ '3.0.0' ],
43 silly audit   '@types/node': [ '22.10.1' ],
43 silly audit   '@types/webidl-conversions': [ '7.0.3' ],
43 silly audit   accepts: [ '1.3.8' ],
43 silly audit   anymatch: [ '3.1.3' ],
43 silly audit   'array-flatten': [ '1.1.1' ],
43 silly audit   'balanced-match': [ '1.0.2' ],
43 silly audit   'base64-js': [ '1.5.1' ],
43 silly audit   base64url: [ '3.0.1' ],
43 silly audit   'basic-auth': [ '2.0.1' ],
43 silly audit   'safe-buffer': [ '5.1.2', '5.2.1' ],
43 silly audit   bcryptjs: [ '2.4.3' ],
43 silly audit   'binary-extensions': [ '2.3.0' ],
43 silly audit   'body-parser': [ '1.20.3' ],
43 silly audit   'http-errors': [ '2.0.0', '1.6.3' ],
43 silly audit   'on-finished': [ '2.4.1', '2.3.0' ],
43 silly audit   setprototypeof: [ '1.2.0', '1.1.0' ],
43 silly audit   statuses: [ '2.0.1', '1.4.0' ],
43 silly audit   bowser: [ '2.11.0' ],
43 silly audit   'brace-expansion': [ '1.1.11' ],
43 silly audit   braces: [ '3.0.3' ],
43 silly audit   buffer: [ '5.7.1' ],
43 silly audit   bytes: [ '3.1.2' ],
43 silly audit   'call-bind': [ '1.0.8' ],
43 silly audit   'call-bind-apply-helpers': [ '1.0.1' ],
43 silly audit   'call-bound': [ '1.0.2' ],
43 silly audit   chokidar: [ '3.6.0' ],
43 silly audit   'cluster-key-slot': [ '1.1.2' ],
43 silly audit   'concat-map': [ '0.0.1' ],
43 silly audit   'connect-flash': [ '0.1.1' ],
43 silly audit   'connect-redis': [ '7.1.1' ],
43 silly audit   'content-disposition': [ '0.5.4' ],
43 silly audit   'content-type': [ '1.0.5' ],
43 silly audit   cookie: [ '0.7.2', '0.7.1' ],
43 silly audit   'cookie-parser': [ '1.4.7' ],
43 silly audit   'cookie-signature': [ '1.0.6', '1.0.7' ],
43 silly audit   debug: [ '2.6.9', '4.4.0', '3.2.7' ],
43 silly audit   ms: [ '2.0.0', '2.1.3' ],
43 silly audit   'define-data-property': [ '1.1.4' ],
43 silly audit   denque: [ '2.1.0' ],
43 silly audit   depd: [ '2.0.0', '1.1.2' ],
43 silly audit   destroy: [ '1.2.0' ],
43 silly audit   dotenv: [ '10.0.0' ],
43 silly audit   'dunder-proto': [ '1.0.0' ],
43 silly audit   'ee-first': [ '1.1.1' ],
43 silly audit   encodeurl: [ '2.0.0', '1.0.2' ],
43 silly audit   'es-define-property': [ '1.0.1' ],
43 silly audit   'es-errors': [ '1.3.0' ],
43 silly audit   'es-object-atoms': [ '1.0.0' ],
43 silly audit   'escape-html': [ '1.0.3' ],
43 silly audit   etag: [ '1.8.1' ],
43 silly audit   express: [ '4.21.2' ],
43 silly audit   'express-handlebars': [ '5.3.5' ],
43 silly audit   'express-session': [ '1.18.1' ],
43 silly audit   'fast-xml-parser': [ '4.4.1' ],
43 silly audit   'fill-range': [ '7.1.1' ],
43 silly audit   finalhandler: [ '1.3.1' ],
43 silly audit   forwarded: [ '0.2.0' ],
43 silly audit   fresh: [ '0.5.2' ],
43 silly audit   'fs.realpath': [ '1.0.0' ],
43 silly audit   fsevents: [ '2.3.3' ],
43 silly audit   'function-bind': [ '1.1.2' ],
43 silly audit   'get-intrinsic': [ '1.2.6' ],
43 silly audit   glob: [ '7.2.3' ],
43 silly audit   'glob-parent': [ '5.1.2' ],
43 silly audit   gopd: [ '1.2.0' ],
43 silly audit   'graceful-fs': [ '4.2.11' ],
43 silly audit   handlebars: [ '4.7.8' ],
43 silly audit   'has-flag': [ '3.0.0' ],
43 silly audit   'has-property-descriptors': [ '1.0.2' ],
43 silly audit   'has-symbols': [ '1.1.0' ],
43 silly audit   hasown: [ '2.0.2' ],
43 silly audit   inherits: [ '2.0.3', '2.0.4' ],
43 silly audit   'iconv-lite': [ '0.4.24' ],
43 silly audit   ieee754: [ '1.2.1' ],
43 silly audit   'ignore-by-default': [ '1.0.1' ],
43 silly audit   inflight: [ '1.0.6' ],
43 silly audit   ioredis: [ '5.4.1' ],
43 silly audit   'ip-address': [ '9.0.5' ],
43 silly audit   'ipaddr.js': [ '1.9.1' ],
43 silly audit   'is-binary-path': [ '2.1.0' ],
43 silly audit   'is-extglob': [ '2.1.1' ],
43 silly audit   'is-glob': [ '4.0.3' ],
43 silly audit   'is-number': [ '7.0.0' ],
43 silly audit   jsbn: [ '1.1.0' ],
43 silly audit   kareem: [ '2.5.1' ],
43 silly audit   'lodash.defaults': [ '4.2.0' ],
43 silly audit   'lodash.isarguments': [ '3.1.0' ],
43 silly audit   'math-intrinsics': [ '1.0.0' ],
43 silly audit   'media-typer': [ '0.3.0' ],
43 silly audit   'memory-pager': [ '1.5.0' ],
43 silly audit   'merge-descriptors': [ '1.0.3' ],
43 silly audit   methods: [ '1.1.2' ],
43 silly audit   mime: [ '1.6.0' ],
43 silly audit   'mime-db': [ '1.52.0' ],
43 silly audit   'mime-types': [ '2.1.35' ],
43 silly audit   minimatch: [ '3.1.2' ],
43 silly audit   minimist: [ '1.2.8' ],
43 silly audit   mongoose: [ '6.13.5' ],
43 silly audit   '@types/whatwg-url': [ '8.2.2' ],
43 silly audit   bson: [ '4.7.2' ],
43 silly audit   mongodb: [ '4.17.2' ],
43 silly audit   'mongodb-connection-string-url': [ '2.6.0' ],
43 silly audit   tr46: [ '3.0.0' ],
43 silly audit   'whatwg-url': [ '11.0.0' ],
43 silly audit   morgan: [ '1.9.1' ],
43 silly audit   mpath: [ '0.9.0' ],
43 silly audit   mquery: [ '4.0.3' ],
43 silly audit   negotiator: [ '0.6.3' ],
43 silly audit   'neo-async': [ '2.6.2' ],
43 silly audit   nodemon: [ '2.0.22' ],
43 silly audit   'normalize-path': [ '3.0.0' ],
43 silly audit   oauth: [ '0.10.0' ],
43 silly audit   'object-inspect': [ '1.13.3' ],
43 silly audit   'on-headers': [ '1.0.2' ],
43 silly audit   once: [ '1.4.0' ],
43 silly audit   parseurl: [ '1.3.3' ],
43 silly audit   passport: [ '0.7.0' ],
43 silly audit   'passport-github2': [ '0.1.12' ],
43 silly audit   'passport-local': [ '1.0.0' ],
43 silly audit   'passport-oauth2': [ '1.8.0' ],
43 silly audit   'passport-strategy': [ '1.0.0' ],
43 silly audit   'path-is-absolute': [ '1.0.1' ],
43 silly audit   'path-to-regexp': [ '0.1.12' ],
43 silly audit   pause: [ '0.0.1' ],
43 silly audit   picomatch: [ '2.3.1' ],
43 silly audit   'proxy-addr': [ '2.0.7' ],
43 silly audit   'pstree.remy': [ '1.1.8' ],
43 silly audit   punycode: [ '2.3.1' ],
43 silly audit   qs: [ '6.13.0' ],
43 silly audit   'random-bytes': [ '1.0.0' ],
43 silly audit   'range-parser': [ '1.2.1' ],
43 silly audit   'raw-body': [ '2.5.2' ],
43 silly audit   readdirp: [ '3.6.0' ],
43 silly audit   'redis-errors': [ '1.2.0' ],
43 silly audit   'redis-parser': [ '3.0.0' ],
43 silly audit   'safer-buffer': [ '2.1.2' ],
43 silly audit   semver: [ '5.7.2', '7.0.0' ],
43 silly audit   send: [ '0.19.0' ],
43 silly audit   'serve-static': [ '1.16.2' ],
43 silly audit   'set-function-length': [ '1.2.2' ],
43 silly audit   'side-channel': [ '1.1.0' ],
43 silly audit   'side-channel-list': [ '1.0.0' ],
43 silly audit   'side-channel-map': [ '1.0.1' ],
43 silly audit   'side-channel-weakmap': [ '1.0.2' ],
43 silly audit   sift: [ '16.0.1' ],
43 silly audit   'simple-update-notifier': [ '1.1.0' ],
43 silly audit   'smart-buffer': [ '4.2.0' ],
43 silly audit   socks: [ '2.8.3' ],
43 silly audit   'source-map': [ '0.6.1' ],
43 silly audit   'sparse-bitfield': [ '3.0.3' ],
43 silly audit   'sprintf-js': [ '1.1.3' ],
43 silly audit   'standard-as-callback': [ '2.1.0' ],
43 silly audit   strnum: [ '1.0.5' ],
43 silly audit   'supports-color': [ '5.5.0' ],
43 silly audit   'to-regex-range': [ '5.0.1' ],
43 silly audit   toidentifier: [ '1.0.1' ],
43 silly audit   touch: [ '3.1.1' ],
43 silly audit   tslib: [ '2.8.1' ],
43 silly audit   'type-is': [ '1.6.18' ],
43 silly audit   'uglify-js': [ '3.19.3' ],
43 silly audit   'uid-safe': [ '2.1.5' ],
43 silly audit   uid2: [ '0.0.4' ],
43 silly audit   undefsafe: [ '2.0.5' ],
43 silly audit   'undici-types': [ '6.20.0' ],
43 silly audit   unpipe: [ '1.0.0' ],
43 silly audit   'utils-merge': [ '1.0.1' ],
43 silly audit   uuid: [ '9.0.1' ],
43 silly audit   vary: [ '1.1.2' ],
43 silly audit   'webidl-conversions': [ '7.0.0' ],
43 silly audit   wordwrap: [ '1.0.0' ],
43 silly audit   wrappy: [ '1.0.2' ]
43 silly audit }
44 verbose reify failed optional dependency C:\dogDaycare\node_modules\fsevents
45 silly reify mark deleted [ 'C:\\dogDaycare\\node_modules\\fsevents' ]
46 http fetch POST 200 https://registry.npmjs.org/-/npm/v1/security/advisories/bulk 210ms
47 silly audit report {
47 silly audit report   semver: [
47 silly audit report     {
47 silly audit report       id: 1101088,
47 silly audit report       url: 'https://github.com/advisories/GHSA-c2qf-rxjj-qqgw',
47 silly audit report       title: 'semver vulnerable to Regular Expression Denial of Service',
47 silly audit report       severity: 'high',
47 silly audit report       vulnerable_versions: '>=7.0.0 <7.5.2',
47 silly audit report       cwe: [Array],
47 silly audit report       cvss: [Object]
47 silly audit report     }
47 silly audit report   ]
47 silly audit report }
48 silly packumentCache corgi:https://registry.npmjs.org/semver cache-hit
49 silly packumentCache corgi:https://registry.npmjs.org/simple-update-notifier cache-hit
50 silly packumentCache corgi:https://registry.npmjs.org/nodemon cache-hit
51 silly ADD
52 verbose cwd C:\dogDaycare
53 verbose os Windows_NT 10.0.22631
54 verbose node v20.17.0
55 verbose npm  v10.9.2
56 verbose exit 1
57 verbose code 1
