0 verbose cli C:\Program Files\nodejs\node.exe C:\Users\prin_\AppData\Roaming\npm\node_modules\npm\bin\npm-cli.js
1 info using npm@10.9.2
2 info using node@v20.17.0
3 silly config load:file:C:\Users\prin_\AppData\Roaming\npm\node_modules\npm\npmrc
4 silly config load:file:C:\Users\prin_\OneDrive\Documentos\GeorgianClasses\Semester4\JavaScriptFrameworks\dogDaycare\.npmrc
5 silly config load:file:C:\Users\prin_\.npmrc
6 silly config load:file:C:\Users\prin_\AppData\Roaming\npm\etc\npmrc
7 verbose title npm install connect-redis ioredis
8 verbose argv "install" "connect-redis" "ioredis"
9 verbose logfile logs-max:10 dir:C:\Users\prin_\OneDrive\Documentos\GeorgianClasses\Semester4\JavaScriptFrameworks\dogDaycare\Usersprin_npm-cache\_logs\2024-12-11T01_48_13_699Z-
10 verbose logfile C:\Users\prin_\OneDrive\Documentos\GeorgianClasses\Semester4\JavaScriptFrameworks\dogDaycare\Usersprin_npm-cache\_logs\2024-12-11T01_48_13_699Z-debug-0.log
11 silly logfile done cleaning log files
12 silly packumentCache heap:4345298944 maxSize:1086324736 maxEntrySize:543162368
13 silly idealTree buildDeps
14 silly fetch manifest debug@^4.3.4
15 silly packumentCache full:https://registry.npmjs.org/debug cache-miss
16 http cache https://registry.npmjs.org/debug 120ms (cache hit)
17 silly packumentCache full:https://registry.npmjs.org/debug set size:191347 disposed:false
18 silly fetch manifest http-errors@^2.0.0
19 silly packumentCache full:https://registry.npmjs.org/http-errors cache-miss
20 http cache https://registry.npmjs.org/http-errors 111ms (cache hit)
21 silly packumentCache full:https://registry.npmjs.org/http-errors set size:69476 disposed:false
22 silly fetch manifest morgan@^1.10.0
23 silly packumentCache full:https://registry.npmjs.org/morgan cache-miss
24 http cache https://registry.npmjs.org/morgan 8ms (cache hit)
25 silly packumentCache full:https://registry.npmjs.org/morgan set size:73583 disposed:false
26 silly fetch manifest connect-redis@*
27 silly packumentCache full:https://registry.npmjs.org/connect-redis cache-miss
28 http fetch GET 200 https://registry.npmjs.org/connect-redis 187ms (cache miss)
29 silly packumentCache full:https://registry.npmjs.org/connect-redis set size:undefined disposed:false
30 silly fetch manifest express-session@^1.18.0
31 silly packumentCache full:https://registry.npmjs.org/express-session cache-miss
32 http fetch GET 200 https://registry.npmjs.org/express-session 39ms (cache revalidated)
33 silly packumentCache full:https://registry.npmjs.org/express-session set size:192649 disposed:false
34 silly fetch manifest ioredis@*
35 silly packumentCache full:https://registry.npmjs.org/ioredis cache-miss
36 http fetch GET 200 https://registry.npmjs.org/ioredis 106ms (cache miss)
37 silly packumentCache full:https://registry.npmjs.org/ioredis set size:undefined disposed:false
38 silly placeDep ROOT connect-redis@8.0.1 OK for: dogdaycare@0.0.0 want: *
39 silly placeDep ROOT debug@4.4.0 REPLACE for: dogdaycare@0.0.0 want: ^4.3.4
40 silly placeDep ROOT http-errors@2.0.0 REPLACE for: dogdaycare@0.0.0 want: ^2.0.0
41 silly placeDep ROOT ioredis@5.4.1 OK for: dogdaycare@0.0.0 want: *
42 silly placeDep ROOT morgan@1.10.0 REPLACE for: dogdaycare@0.0.0 want: ^1.10.0
43 silly fetch manifest ms@^2.1.3
44 silly packumentCache full:https://registry.npmjs.org/ms cache-miss
45 silly fetch manifest depd@2.0.0
46 silly packumentCache full:https://registry.npmjs.org/depd cache-miss
47 silly fetch manifest inherits@2.0.4
48 silly packumentCache full:https://registry.npmjs.org/inherits cache-miss
49 silly fetch manifest setprototypeof@1.2.0
50 silly packumentCache full:https://registry.npmjs.org/setprototypeof cache-miss
51 silly fetch manifest statuses@2.0.1
52 silly packumentCache full:https://registry.npmjs.org/statuses cache-miss
53 silly fetch manifest @ioredis/commands@^1.1.1
54 silly packumentCache full:https://registry.npmjs.org/@ioredis%2fcommands cache-miss
55 silly fetch manifest cluster-key-slot@^1.1.0
56 silly packumentCache full:https://registry.npmjs.org/cluster-key-slot cache-miss
57 http cache https://registry.npmjs.org/ms 29ms (cache hit)
58 silly packumentCache full:https://registry.npmjs.org/ms set size:84885 disposed:false
59 silly fetch manifest denque@^2.1.0
60 silly packumentCache full:https://registry.npmjs.org/denque cache-miss
61 http cache https://registry.npmjs.org/depd 31ms (cache hit)
62 silly packumentCache full:https://registry.npmjs.org/depd set size:40182 disposed:false
63 silly fetch manifest lodash.defaults@^4.2.0
64 silly packumentCache full:https://registry.npmjs.org/lodash.defaults cache-miss
65 http cache https://registry.npmjs.org/inherits 37ms (cache hit)
66 silly packumentCache full:https://registry.npmjs.org/inherits set size:12925 disposed:false
67 silly fetch manifest lodash.isarguments@^3.1.0
68 silly packumentCache full:https://registry.npmjs.org/lodash.isarguments cache-miss
69 http cache https://registry.npmjs.org/setprototypeof 42ms (cache hit)
70 silly packumentCache full:https://registry.npmjs.org/setprototypeof set size:14532 disposed:false
71 silly fetch manifest redis-errors@^1.2.0
72 silly packumentCache full:https://registry.npmjs.org/redis-errors cache-miss
73 http cache https://registry.npmjs.org/statuses 45ms (cache hit)
74 silly packumentCache full:https://registry.npmjs.org/statuses set size:34272 disposed:false
75 silly fetch manifest redis-parser@^3.0.0
76 silly packumentCache full:https://registry.npmjs.org/redis-parser cache-miss
77 http fetch GET 200 https://registry.npmjs.org/@ioredis%2fcommands 86ms (cache miss)
78 silly packumentCache full:https://registry.npmjs.org/@ioredis%2fcommands set size:undefined disposed:false
79 silly fetch manifest standard-as-callback@^2.1.0
80 silly packumentCache full:https://registry.npmjs.org/standard-as-callback cache-miss
81 http fetch GET 200 https://registry.npmjs.org/cluster-key-slot 88ms (cache miss)
82 silly packumentCache full:https://registry.npmjs.org/cluster-key-slot set size:undefined disposed:false
83 silly fetch manifest depd@~2.0.0
84 silly packumentCache full:https://registry.npmjs.org/depd cache-hit
85 silly fetch manifest debug@2.6.9
86 silly packumentCache full:https://registry.npmjs.org/debug cache-hit
87 http fetch GET 200 https://registry.npmjs.org/lodash.defaults 75ms (cache miss)
88 silly packumentCache full:https://registry.npmjs.org/lodash.defaults set size:undefined disposed:false
89 http fetch GET 200 https://registry.npmjs.org/denque 82ms (cache miss)
90 silly packumentCache full:https://registry.npmjs.org/denque set size:undefined disposed:false
91 http fetch GET 200 https://registry.npmjs.org/lodash.isarguments 91ms (cache miss)
92 silly packumentCache full:https://registry.npmjs.org/lodash.isarguments set size:undefined disposed:false
93 http fetch GET 200 https://registry.npmjs.org/redis-parser 87ms (cache miss)
94 silly packumentCache full:https://registry.npmjs.org/redis-parser set size:undefined disposed:false
95 http fetch GET 200 https://registry.npmjs.org/redis-errors 96ms (cache miss)
96 silly packumentCache full:https://registry.npmjs.org/redis-errors set size:undefined disposed:false
97 http fetch GET 200 https://registry.npmjs.org/standard-as-callback 78ms (cache miss)
98 silly packumentCache full:https://registry.npmjs.org/standard-as-callback set size:undefined disposed:false
99 silly placeDep node_modules/body-parser debug@2.6.9 OK for: body-parser@1.20.3 want: 2.6.9
100 silly fetch manifest ms@2.0.0
101 silly packumentCache full:https://registry.npmjs.org/ms cache-hit
102 silly placeDep ROOT ms@2.1.3 OK for: debug@4.4.0 want: ^2.1.3
103 silly placeDep node_modules/express debug@2.6.9 OK for: express@4.21.2 want: 2.6.9
104 silly placeDep node_modules/express-session debug@2.6.9 OK for: express-session@1.18.1 want: 2.6.9
105 silly placeDep node_modules/finalhandler debug@2.6.9 OK for: finalhandler@1.3.1 want: 2.6.9
106 silly placeDep ROOT depd@2.0.0 OK for: http-errors@2.0.0 want: 2.0.0
107 silly placeDep ROOT inherits@2.0.4 REPLACE for: http-errors@2.0.0 want: 2.0.4
108 silly placeDep ROOT setprototypeof@1.2.0 OK for: http-errors@2.0.0 want: 1.2.0
109 silly placeDep ROOT statuses@2.0.1 OK for: http-errors@2.0.0 want: 2.0.1
110 silly placeDep ROOT @ioredis/commands@1.2.0 OK for: ioredis@5.4.1 want: ^1.1.1
111 silly placeDep ROOT cluster-key-slot@1.1.2 OK for: ioredis@5.4.1 want: ^1.1.0
112 silly placeDep ROOT denque@2.1.0 OK for: ioredis@5.4.1 want: ^2.1.0
113 silly placeDep ROOT lodash.defaults@4.2.0 OK for: ioredis@5.4.1 want: ^4.2.0
114 silly placeDep ROOT lodash.isarguments@3.1.0 OK for: ioredis@5.4.1 want: ^3.1.0
115 silly placeDep ROOT redis-errors@1.2.0 OK for: ioredis@5.4.1 want: ^1.2.0
116 silly placeDep ROOT redis-parser@3.0.0 OK for: ioredis@5.4.1 want: ^3.0.0
117 silly placeDep ROOT standard-as-callback@2.1.0 OK for: ioredis@5.4.1 want: ^2.1.0
118 silly placeDep node_modules/morgan debug@2.6.9 OK for: morgan@1.10.0 want: 2.6.9
119 silly placeDep node_modules/send debug@2.6.9 OK for: send@0.19.0 want: 2.6.9
120 silly placeDep node_modules/body-parser ms@2.0.0 OK for: debug@2.6.9 want: 2.0.0
121 silly placeDep node_modules/express-session ms@2.0.0 OK for: debug@2.6.9 want: 2.0.0
122 silly placeDep node_modules/express ms@2.0.0 OK for: debug@2.6.9 want: 2.0.0
123 silly placeDep node_modules/finalhandler ms@2.0.0 OK for: debug@2.6.9 want: 2.0.0
124 silly placeDep node_modules/morgan ms@2.0.0 OK for: debug@2.6.9 want: 2.0.0
125 silly placeDep node_modules/send/node_modules/debug ms@2.0.0 OK for: debug@2.6.9 want: 2.0.0
126 silly reify mark retired [
126 silly reify   'C:\\Users\\prin_\\OneDrive\\Documentos\\GeorgianClasses\\Semester4\\JavaScriptFrameworks\\dogDaycare\\node_modules\\ansi-regex'
126 silly reify ]
127 silly reify mark retired [
127 silly reify   'C:\\Users\\prin_\\OneDrive\\Documentos\\GeorgianClasses\\Semester4\\JavaScriptFrameworks\\dogDaycare\\node_modules\\ansi-styles'
127 silly reify ]
128 silly reify mark retired [
128 silly reify   'C:\\Users\\prin_\\OneDrive\\Documentos\\GeorgianClasses\\Semester4\\JavaScriptFrameworks\\dogDaycare\\node_modules\\basic-auth\\node_modules\\safe-buffer'
128 silly reify ]
129 silly reify mark retired [
129 silly reify   'C:\\Users\\prin_\\OneDrive\\Documentos\\GeorgianClasses\\Semester4\\JavaScriptFrameworks\\dogDaycare\\node_modules\\brace-expansion'
129 silly reify ]
130 silly reify mark retired [
130 silly reify   'C:\\Users\\prin_\\OneDrive\\Documentos\\GeorgianClasses\\Semester4\\JavaScriptFrameworks\\dogDaycare\\node_modules\\bson'
130 silly reify ]
131 silly reify mark retired [
131 silly reify   'C:\\Users\\prin_\\OneDrive\\Documentos\\GeorgianClasses\\Semester4\\JavaScriptFrameworks\\dogDaycare\\node_modules\\call-bind-apply-helpers'
131 silly reify ]
132 silly reify mark retired [
132 silly reify   'C:\\Users\\prin_\\OneDrive\\Documentos\\GeorgianClasses\\Semester4\\JavaScriptFrameworks\\dogDaycare\\node_modules\\call-bind'
132 silly reify ]
133 silly reify mark retired [
133 silly reify   'C:\\Users\\prin_\\OneDrive\\Documentos\\GeorgianClasses\\Semester4\\JavaScriptFrameworks\\dogDaycare\\node_modules\\depd'
133 silly reify ]
134 silly reify mark retired [
134 silly reify   'C:\\Users\\prin_\\OneDrive\\Documentos\\GeorgianClasses\\Semester4\\JavaScriptFrameworks\\dogDaycare\\node_modules\\dunder-proto'
134 silly reify ]
135 silly reify mark retired [
135 silly reify   'C:\\Users\\prin_\\OneDrive\\Documentos\\GeorgianClasses\\Semester4\\JavaScriptFrameworks\\dogDaycare\\node_modules\\emoji-regex'
135 silly reify ]
136 silly reify mark retired [
136 silly reify   'C:\\Users\\prin_\\OneDrive\\Documentos\\GeorgianClasses\\Semester4\\JavaScriptFrameworks\\dogDaycare\\node_modules\\es-define-property'
136 silly reify ]
137 silly reify mark retired [
137 silly reify   'C:\\Users\\prin_\\OneDrive\\Documentos\\GeorgianClasses\\Semester4\\JavaScriptFrameworks\\dogDaycare\\node_modules\\get-intrinsic'
137 silly reify ]
138 silly reify mark retired [
138 silly reify   'C:\\Users\\prin_\\OneDrive\\Documentos\\GeorgianClasses\\Semester4\\JavaScriptFrameworks\\dogDaycare\\node_modules\\glob\\node_modules\\brace-expansion'
138 silly reify ]
139 silly reify mark retired [
139 silly reify   'C:\\Users\\prin_\\OneDrive\\Documentos\\GeorgianClasses\\Semester4\\JavaScriptFrameworks\\dogDaycare\\node_modules\\glob\\node_modules\\minimatch'
139 silly reify ]
140 silly reify mark retired [
140 silly reify   'C:\\Users\\prin_\\OneDrive\\Documentos\\GeorgianClasses\\Semester4\\JavaScriptFrameworks\\dogDaycare\\node_modules\\gopd'
140 silly reify ]
141 silly reify mark retired [
141 silly reify   'C:\\Users\\prin_\\OneDrive\\Documentos\\GeorgianClasses\\Semester4\\JavaScriptFrameworks\\dogDaycare\\node_modules\\has-symbols'
141 silly reify ]
142 silly reify mark retired [
142 silly reify   'C:\\Users\\prin_\\OneDrive\\Documentos\\GeorgianClasses\\Semester4\\JavaScriptFrameworks\\dogDaycare\\node_modules\\inherits'
142 silly reify ]
143 silly reify mark retired [
143 silly reify   'C:\\Users\\prin_\\OneDrive\\Documentos\\GeorgianClasses\\Semester4\\JavaScriptFrameworks\\dogDaycare\\node_modules\\minimatch'
143 silly reify ]
144 silly reify mark retired [
144 silly reify   'C:\\Users\\prin_\\OneDrive\\Documentos\\GeorgianClasses\\Semester4\\JavaScriptFrameworks\\dogDaycare\\node_modules\\mquery\\node_modules\\debug'
144 silly reify ]
145 silly reify mark retired [
145 silly reify   'C:\\Users\\prin_\\OneDrive\\Documentos\\GeorgianClasses\\Semester4\\JavaScriptFrameworks\\dogDaycare\\node_modules\\mquery\\node_modules\\ms'
145 silly reify ]
146 silly reify mark retired [
146 silly reify   'C:\\Users\\prin_\\OneDrive\\Documentos\\GeorgianClasses\\Semester4\\JavaScriptFrameworks\\dogDaycare\\node_modules\\ms'
146 silly reify ]
147 silly reify mark retired [
147 silly reify   'C:\\Users\\prin_\\OneDrive\\Documentos\\GeorgianClasses\\Semester4\\JavaScriptFrameworks\\dogDaycare\\node_modules\\on-finished'
147 silly reify ]
148 silly reify mark retired [
148 silly reify   'C:\\Users\\prin_\\OneDrive\\Documentos\\GeorgianClasses\\Semester4\\JavaScriptFrameworks\\dogDaycare\\node_modules\\raw-body\\node_modules\\depd'
148 silly reify ]
149 silly reify mark retired [
149 silly reify   'C:\\Users\\prin_\\OneDrive\\Documentos\\GeorgianClasses\\Semester4\\JavaScriptFrameworks\\dogDaycare\\node_modules\\raw-body\\node_modules\\http-errors'
149 silly reify ]
150 silly reify mark retired [
150 silly reify   'C:\\Users\\prin_\\OneDrive\\Documentos\\GeorgianClasses\\Semester4\\JavaScriptFrameworks\\dogDaycare\\node_modules\\raw-body\\node_modules\\inherits'
150 silly reify ]
151 silly reify mark retired [
151 silly reify   'C:\\Users\\prin_\\OneDrive\\Documentos\\GeorgianClasses\\Semester4\\JavaScriptFrameworks\\dogDaycare\\node_modules\\raw-body\\node_modules\\setprototypeof'
151 silly reify ]
152 silly reify mark retired [
152 silly reify   'C:\\Users\\prin_\\OneDrive\\Documentos\\GeorgianClasses\\Semester4\\JavaScriptFrameworks\\dogDaycare\\node_modules\\raw-body\\node_modules\\statuses'
152 silly reify ]
153 silly reify mark retired [
153 silly reify   'C:\\Users\\prin_\\OneDrive\\Documentos\\GeorgianClasses\\Semester4\\JavaScriptFrameworks\\dogDaycare\\node_modules\\safe-buffer'
153 silly reify ]
154 silly reify mark retired [
154 silly reify   'C:\\Users\\prin_\\OneDrive\\Documentos\\GeorgianClasses\\Semester4\\JavaScriptFrameworks\\dogDaycare\\node_modules\\semver',
154 silly reify   'C:\\Users\\prin_\\OneDrive\\Documentos\\GeorgianClasses\\Semester4\\JavaScriptFrameworks\\dogDaycare\\node_modules\\.bin\\semver',
154 silly reify   'C:\\Users\\prin_\\OneDrive\\Documentos\\GeorgianClasses\\Semester4\\JavaScriptFrameworks\\dogDaycare\\node_modules\\.bin\\semver.cmd',
154 silly reify   'C:\\Users\\prin_\\OneDrive\\Documentos\\GeorgianClasses\\Semester4\\JavaScriptFrameworks\\dogDaycare\\node_modules\\.bin\\semver.ps1'
154 silly reify ]
155 silly reify mark retired [
155 silly reify   'C:\\Users\\prin_\\OneDrive\\Documentos\\GeorgianClasses\\Semester4\\JavaScriptFrameworks\\dogDaycare\\node_modules\\send\\node_modules\\depd'
155 silly reify ]
156 silly reify mark retired [
156 silly reify   'C:\\Users\\prin_\\OneDrive\\Documentos\\GeorgianClasses\\Semester4\\JavaScriptFrameworks\\dogDaycare\\node_modules\\send\\node_modules\\http-errors'
156 silly reify ]
157 silly reify mark retired [
157 silly reify   'C:\\Users\\prin_\\OneDrive\\Documentos\\GeorgianClasses\\Semester4\\JavaScriptFrameworks\\dogDaycare\\node_modules\\send\\node_modules\\inherits'
157 silly reify ]
158 silly reify mark retired [
158 silly reify   'C:\\Users\\prin_\\OneDrive\\Documentos\\GeorgianClasses\\Semester4\\JavaScriptFrameworks\\dogDaycare\\node_modules\\send\\node_modules\\ms'
158 silly reify ]
159 silly reify mark retired [
159 silly reify   'C:\\Users\\prin_\\OneDrive\\Documentos\\GeorgianClasses\\Semester4\\JavaScriptFrameworks\\dogDaycare\\node_modules\\send\\node_modules\\setprototypeof'
159 silly reify ]
160 silly reify mark retired [
160 silly reify   'C:\\Users\\prin_\\OneDrive\\Documentos\\GeorgianClasses\\Semester4\\JavaScriptFrameworks\\dogDaycare\\node_modules\\send\\node_modules\\statuses'
160 silly reify ]
161 silly reify mark retired [
161 silly reify   'C:\\Users\\prin_\\OneDrive\\Documentos\\GeorgianClasses\\Semester4\\JavaScriptFrameworks\\dogDaycare\\node_modules\\setprototypeof'
161 silly reify ]
162 silly reify mark retired [
162 silly reify   'C:\\Users\\prin_\\OneDrive\\Documentos\\GeorgianClasses\\Semester4\\JavaScriptFrameworks\\dogDaycare\\node_modules\\simple-update-notifier'
162 silly reify ]
163 silly reify mark retired [
163 silly reify   'C:\\Users\\prin_\\OneDrive\\Documentos\\GeorgianClasses\\Semester4\\JavaScriptFrameworks\\dogDaycare\\node_modules\\statuses'
163 silly reify ]
164 silly reify mark retired [
164 silly reify   'C:\\Users\\prin_\\OneDrive\\Documentos\\GeorgianClasses\\Semester4\\JavaScriptFrameworks\\dogDaycare\\node_modules\\string-width\\node_modules\\ansi-regex'
164 silly reify ]
165 silly reify mark retired [
165 silly reify   'C:\\Users\\prin_\\OneDrive\\Documentos\\GeorgianClasses\\Semester4\\JavaScriptFrameworks\\dogDaycare\\node_modules\\string-width\\node_modules\\emoji-regex'
165 silly reify ]
166 silly reify mark retired [
166 silly reify   'C:\\Users\\prin_\\OneDrive\\Documentos\\GeorgianClasses\\Semester4\\JavaScriptFrameworks\\dogDaycare\\node_modules\\string-width\\node_modules\\strip-ansi'
166 silly reify ]
167 silly reify mark retired [
167 silly reify   'C:\\Users\\prin_\\OneDrive\\Documentos\\GeorgianClasses\\Semester4\\JavaScriptFrameworks\\dogDaycare\\node_modules\\strip-ansi'
167 silly reify ]
168 silly reify mark retired [
168 silly reify   'C:\\Users\\prin_\\OneDrive\\Documentos\\GeorgianClasses\\Semester4\\JavaScriptFrameworks\\dogDaycare\\node_modules\\wrap-ansi\\node_modules\\ansi-regex'
168 silly reify ]
169 silly reify mark retired [
169 silly reify   'C:\\Users\\prin_\\OneDrive\\Documentos\\GeorgianClasses\\Semester4\\JavaScriptFrameworks\\dogDaycare\\node_modules\\wrap-ansi\\node_modules\\ansi-styles'
169 silly reify ]
170 silly reify mark retired [
170 silly reify   'C:\\Users\\prin_\\OneDrive\\Documentos\\GeorgianClasses\\Semester4\\JavaScriptFrameworks\\dogDaycare\\node_modules\\wrap-ansi\\node_modules\\strip-ansi'
170 silly reify ]
171 silly reify mark retired [
171 silly reify   'C:\\Users\\prin_\\OneDrive\\Documentos\\GeorgianClasses\\Semester4\\JavaScriptFrameworks\\dogDaycare\\node_modules\\@isaacs\\cliui\\node_modules\\ansi-regex'
171 silly reify ]
172 silly reify mark retired [
172 silly reify   'C:\\Users\\prin_\\OneDrive\\Documentos\\GeorgianClasses\\Semester4\\JavaScriptFrameworks\\dogDaycare\\node_modules\\@isaacs\\cliui\\node_modules\\strip-ansi'
172 silly reify ]
173 silly reify mark retired [
173 silly reify   'C:\\Users\\prin_\\OneDrive\\Documentos\\GeorgianClasses\\Semester4\\JavaScriptFrameworks\\dogDaycare\\node_modules\\bcryptjs'
173 silly reify ]
174 silly reify mark retired [
174 silly reify   'C:\\Users\\prin_\\OneDrive\\Documentos\\GeorgianClasses\\Semester4\\JavaScriptFrameworks\\dogDaycare\\node_modules\\body-parser'
174 silly reify ]
175 silly reify mark retired [
175 silly reify   'C:\\Users\\prin_\\OneDrive\\Documentos\\GeorgianClasses\\Semester4\\JavaScriptFrameworks\\dogDaycare\\node_modules\\connect-mongo'
175 silly reify ]
176 silly reify mark retired [
176 silly reify   'C:\\Users\\prin_\\OneDrive\\Documentos\\GeorgianClasses\\Semester4\\JavaScriptFrameworks\\dogDaycare\\node_modules\\connect-flash'
176 silly reify ]
177 silly reify mark retired [
177 silly reify   'C:\\Users\\prin_\\OneDrive\\Documentos\\GeorgianClasses\\Semester4\\JavaScriptFrameworks\\dogDaycare\\node_modules\\cookie-parser'
177 silly reify ]
178 silly reify mark retired [
178 silly reify   'C:\\Users\\prin_\\OneDrive\\Documentos\\GeorgianClasses\\Semester4\\JavaScriptFrameworks\\dogDaycare\\node_modules\\debug'
178 silly reify ]
179 silly reify mark retired [
179 silly reify   'C:\\Users\\prin_\\OneDrive\\Documentos\\GeorgianClasses\\Semester4\\JavaScriptFrameworks\\dogDaycare\\node_modules\\dotenv'
179 silly reify ]
180 silly reify mark retired [
180 silly reify   'C:\\Users\\prin_\\OneDrive\\Documentos\\GeorgianClasses\\Semester4\\JavaScriptFrameworks\\dogDaycare\\node_modules\\express'
180 silly reify ]
181 silly reify mark retired [
181 silly reify   'C:\\Users\\prin_\\OneDrive\\Documentos\\GeorgianClasses\\Semester4\\JavaScriptFrameworks\\dogDaycare\\node_modules\\express-handlebars'
181 silly reify ]
182 silly reify mark retired [
182 silly reify   'C:\\Users\\prin_\\OneDrive\\Documentos\\GeorgianClasses\\Semester4\\JavaScriptFrameworks\\dogDaycare\\node_modules\\express-session'
182 silly reify ]
183 silly reify mark retired [
183 silly reify   'C:\\Users\\prin_\\OneDrive\\Documentos\\GeorgianClasses\\Semester4\\JavaScriptFrameworks\\dogDaycare\\node_modules\\handlebars',
183 silly reify   'C:\\Users\\prin_\\OneDrive\\Documentos\\GeorgianClasses\\Semester4\\JavaScriptFrameworks\\dogDaycare\\node_modules\\.bin\\handlebars',
183 silly reify   'C:\\Users\\prin_\\OneDrive\\Documentos\\GeorgianClasses\\Semester4\\JavaScriptFrameworks\\dogDaycare\\node_modules\\.bin\\handlebars.cmd',
183 silly reify   'C:\\Users\\prin_\\OneDrive\\Documentos\\GeorgianClasses\\Semester4\\JavaScriptFrameworks\\dogDaycare\\node_modules\\.bin\\handlebars.ps1'
183 silly reify ]
184 silly reify mark retired [
184 silly reify   'C:\\Users\\prin_\\OneDrive\\Documentos\\GeorgianClasses\\Semester4\\JavaScriptFrameworks\\dogDaycare\\node_modules\\hbs'
184 silly reify ]
185 silly reify mark retired [
185 silly reify   'C:\\Users\\prin_\\OneDrive\\Documentos\\GeorgianClasses\\Semester4\\JavaScriptFrameworks\\dogDaycare\\node_modules\\http-errors'
185 silly reify ]
186 silly reify mark retired [
186 silly reify   'C:\\Users\\prin_\\OneDrive\\Documentos\\GeorgianClasses\\Semester4\\JavaScriptFrameworks\\dogDaycare\\node_modules\\mongoose'
186 silly reify ]
187 silly reify mark retired [
187 silly reify   'C:\\Users\\prin_\\OneDrive\\Documentos\\GeorgianClasses\\Semester4\\JavaScriptFrameworks\\dogDaycare\\node_modules\\mongodb'
187 silly reify ]
188 silly reify mark retired [
188 silly reify   'C:\\Users\\prin_\\OneDrive\\Documentos\\GeorgianClasses\\Semester4\\JavaScriptFrameworks\\dogDaycare\\node_modules\\morgan'
188 silly reify ]
189 silly reify mark retired [
189 silly reify   'C:\\Users\\prin_\\OneDrive\\Documentos\\GeorgianClasses\\Semester4\\JavaScriptFrameworks\\dogDaycare\\node_modules\\passport-github2'
189 silly reify ]
190 silly reify mark retired [
190 silly reify   'C:\\Users\\prin_\\OneDrive\\Documentos\\GeorgianClasses\\Semester4\\JavaScriptFrameworks\\dogDaycare\\node_modules\\nodemon',
190 silly reify   'C:\\Users\\prin_\\OneDrive\\Documentos\\GeorgianClasses\\Semester4\\JavaScriptFrameworks\\dogDaycare\\node_modules\\.bin\\nodemon',
190 silly reify   'C:\\Users\\prin_\\OneDrive\\Documentos\\GeorgianClasses\\Semester4\\JavaScriptFrameworks\\dogDaycare\\node_modules\\.bin\\nodemon.cmd',
190 silly reify   'C:\\Users\\prin_\\OneDrive\\Documentos\\GeorgianClasses\\Semester4\\JavaScriptFrameworks\\dogDaycare\\node_modules\\.bin\\nodemon.ps1'
190 silly reify ]
191 silly reify mark retired [
191 silly reify   'C:\\Users\\prin_\\OneDrive\\Documentos\\GeorgianClasses\\Semester4\\JavaScriptFrameworks\\dogDaycare\\node_modules\\passport-local'
191 silly reify ]
192 silly reify mark retired [
192 silly reify   'C:\\Users\\prin_\\OneDrive\\Documentos\\GeorgianClasses\\Semester4\\JavaScriptFrameworks\\dogDaycare\\node_modules\\passport'
192 silly reify ]
193 silly reify mark retired [
193 silly reify   'C:\\Users\\prin_\\OneDrive\\Documentos\\GeorgianClasses\\Semester4\\JavaScriptFrameworks\\dogDaycare\\node_modules\\.pnpm\\nodemon@2.0.22\\node_modules\\nodemon\\node_modules\\debug'
193 silly reify ]
194 silly reify mark retired [
194 silly reify   'C:\\Users\\prin_\\OneDrive\\Documentos\\GeorgianClasses\\Semester4\\JavaScriptFrameworks\\dogDaycare\\node_modules\\.pnpm\\nodemon@2.0.22\\node_modules\\nodemon\\node_modules\\brace-expansion'
194 silly reify ]
195 silly reify mark retired [
195 silly reify   'C:\\Users\\prin_\\OneDrive\\Documentos\\GeorgianClasses\\Semester4\\JavaScriptFrameworks\\dogDaycare\\node_modules\\.pnpm\\nodemon@2.0.22\\node_modules\\nodemon\\node_modules\\minimatch'
195 silly reify ]
196 silly reify mark retired [
196 silly reify   'C:\\Users\\prin_\\OneDrive\\Documentos\\GeorgianClasses\\Semester4\\JavaScriptFrameworks\\dogDaycare\\node_modules\\.pnpm\\nodemon@2.0.22\\node_modules\\nodemon\\node_modules\\ms'
196 silly reify ]
197 silly reify moves {
197 silly reify   'C:\\Users\\prin_\\OneDrive\\Documentos\\GeorgianClasses\\Semester4\\JavaScriptFrameworks\\dogDaycare\\node_modules\\ansi-regex': 'C:\\Users\\prin_\\OneDrive\\Documentos\\GeorgianClasses\\Semester4\\JavaScriptFrameworks\\dogDaycare\\node_modules\\.ansi-regex-ZlcHPTyL',
197 silly reify   'C:\\Users\\prin_\\OneDrive\\Documentos\\GeorgianClasses\\Semester4\\JavaScriptFrameworks\\dogDaycare\\node_modules\\ansi-styles': 'C:\\Users\\prin_\\OneDrive\\Documentos\\GeorgianClasses\\Semester4\\JavaScriptFrameworks\\dogDaycare\\node_modules\\.ansi-styles-Uns3GiF0',
197 silly reify   'C:\\Users\\prin_\\OneDrive\\Documentos\\GeorgianClasses\\Semester4\\JavaScriptFrameworks\\dogDaycare\\node_modules\\basic-auth\\node_modules\\safe-buffer': 'C:\\Users\\prin_\\OneDrive\\Documentos\\GeorgianClasses\\Semester4\\JavaScriptFrameworks\\dogDaycare\\node_modules\\basic-auth\\node_modules\\.safe-buffer-1Pu9hDLM',
197 silly reify   'C:\\Users\\prin_\\OneDrive\\Documentos\\GeorgianClasses\\Semester4\\JavaScriptFrameworks\\dogDaycare\\node_modules\\brace-expansion': 'C:\\Users\\prin_\\OneDrive\\Documentos\\GeorgianClasses\\Semester4\\JavaScriptFrameworks\\dogDaycare\\node_modules\\.brace-expansion-CG7Jg0O3',
197 silly reify   'C:\\Users\\prin_\\OneDrive\\Documentos\\GeorgianClasses\\Semester4\\JavaScriptFrameworks\\dogDaycare\\node_modules\\bson': 'C:\\Users\\prin_\\OneDrive\\Documentos\\GeorgianClasses\\Semester4\\JavaScriptFrameworks\\dogDaycare\\node_modules\\.bson-fwmfZ6vi',
197 silly reify   'C:\\Users\\prin_\\OneDrive\\Documentos\\GeorgianClasses\\Semester4\\JavaScriptFrameworks\\dogDaycare\\node_modules\\call-bind-apply-helpers': 'C:\\Users\\prin_\\OneDrive\\Documentos\\GeorgianClasses\\Semester4\\JavaScriptFrameworks\\dogDaycare\\node_modules\\.call-bind-apply-helpers-mTVn6t8r',
197 silly reify   'C:\\Users\\prin_\\OneDrive\\Documentos\\GeorgianClasses\\Semester4\\JavaScriptFrameworks\\dogDaycare\\node_modules\\call-bind': 'C:\\Users\\prin_\\OneDrive\\Documentos\\GeorgianClasses\\Semester4\\JavaScriptFrameworks\\dogDaycare\\node_modules\\.call-bind-veD3GNHX',
197 silly reify   'C:\\Users\\prin_\\OneDrive\\Documentos\\GeorgianClasses\\Semester4\\JavaScriptFrameworks\\dogDaycare\\node_modules\\depd': 'C:\\Users\\prin_\\OneDrive\\Documentos\\GeorgianClasses\\Semester4\\JavaScriptFrameworks\\dogDaycare\\node_modules\\.depd-dDkYjo66',
197 silly reify   'C:\\Users\\prin_\\OneDrive\\Documentos\\GeorgianClasses\\Semester4\\JavaScriptFrameworks\\dogDaycare\\node_modules\\dunder-proto': 'C:\\Users\\prin_\\OneDrive\\Documentos\\GeorgianClasses\\Semester4\\JavaScriptFrameworks\\dogDaycare\\node_modules\\.dunder-proto-gp89HPL0',
197 silly reify   'C:\\Users\\prin_\\OneDrive\\Documentos\\GeorgianClasses\\Semester4\\JavaScriptFrameworks\\dogDaycare\\node_modules\\emoji-regex': 'C:\\Users\\prin_\\OneDrive\\Documentos\\GeorgianClasses\\Semester4\\JavaScriptFrameworks\\dogDaycare\\node_modules\\.emoji-regex-IM4qlFol',
197 silly reify   'C:\\Users\\prin_\\OneDrive\\Documentos\\GeorgianClasses\\Semester4\\JavaScriptFrameworks\\dogDaycare\\node_modules\\es-define-property': 'C:\\Users\\prin_\\OneDrive\\Documentos\\GeorgianClasses\\Semester4\\JavaScriptFrameworks\\dogDaycare\\node_modules\\.es-define-property-JGxgUezp',
197 silly reify   'C:\\Users\\prin_\\OneDrive\\Documentos\\GeorgianClasses\\Semester4\\JavaScriptFrameworks\\dogDaycare\\node_modules\\get-intrinsic': 'C:\\Users\\prin_\\OneDrive\\Documentos\\GeorgianClasses\\Semester4\\JavaScriptFrameworks\\dogDaycare\\node_modules\\.get-intrinsic-agnT2HHM',
197 silly reify   'C:\\Users\\prin_\\OneDrive\\Documentos\\GeorgianClasses\\Semester4\\JavaScriptFrameworks\\dogDaycare\\node_modules\\glob\\node_modules\\brace-expansion': 'C:\\Users\\prin_\\OneDrive\\Documentos\\GeorgianClasses\\Semester4\\JavaScriptFrameworks\\dogDaycare\\node_modules\\glob\\node_modules\\.brace-expansion-GH1ledEW',
197 silly reify   'C:\\Users\\prin_\\OneDrive\\Documentos\\GeorgianClasses\\Semester4\\JavaScriptFrameworks\\dogDaycare\\node_modules\\glob\\node_modules\\minimatch': 'C:\\Users\\prin_\\OneDrive\\Documentos\\GeorgianClasses\\Semester4\\JavaScriptFrameworks\\dogDaycare\\node_modules\\glob\\node_modules\\.minimatch-XFgIruVY',
197 silly reify   'C:\\Users\\prin_\\OneDrive\\Documentos\\GeorgianClasses\\Semester4\\JavaScriptFrameworks\\dogDaycare\\node_modules\\gopd': 'C:\\Users\\prin_\\OneDrive\\Documentos\\GeorgianClasses\\Semester4\\JavaScriptFrameworks\\dogDaycare\\node_modules\\.gopd-J1smcNc3',
197 silly reify   'C:\\Users\\prin_\\OneDrive\\Documentos\\GeorgianClasses\\Semester4\\JavaScriptFrameworks\\dogDaycare\\node_modules\\has-symbols': 'C:\\Users\\prin_\\OneDrive\\Documentos\\GeorgianClasses\\Semester4\\JavaScriptFrameworks\\dogDaycare\\node_modules\\.has-symbols-lvKAlaJx',
197 silly reify   'C:\\Users\\prin_\\OneDrive\\Documentos\\GeorgianClasses\\Semester4\\JavaScriptFrameworks\\dogDaycare\\node_modules\\inherits': 'C:\\Users\\prin_\\OneDrive\\Documentos\\GeorgianClasses\\Semester4\\JavaScriptFrameworks\\dogDaycare\\node_modules\\.inherits-SpH3xSCk',
197 silly reify   'C:\\Users\\prin_\\OneDrive\\Documentos\\GeorgianClasses\\Semester4\\JavaScriptFrameworks\\dogDaycare\\node_modules\\minimatch': 'C:\\Users\\prin_\\OneDrive\\Documentos\\GeorgianClasses\\Semester4\\JavaScriptFrameworks\\dogDaycare\\node_modules\\.minimatch-Wisv0cvO',
197 silly reify   'C:\\Users\\prin_\\OneDrive\\Documentos\\GeorgianClasses\\Semester4\\JavaScriptFrameworks\\dogDaycare\\node_modules\\mquery\\node_modules\\debug': 'C:\\Users\\prin_\\OneDrive\\Documentos\\GeorgianClasses\\Semester4\\JavaScriptFrameworks\\dogDaycare\\node_modules\\mquery\\node_modules\\.debug-YwB4ILau',
197 silly reify   'C:\\Users\\prin_\\OneDrive\\Documentos\\GeorgianClasses\\Semester4\\JavaScriptFrameworks\\dogDaycare\\node_modules\\mquery\\node_modules\\ms': 'C:\\Users\\prin_\\OneDrive\\Documentos\\GeorgianClasses\\Semester4\\JavaScriptFrameworks\\dogDaycare\\node_modules\\mquery\\node_modules\\.ms-r87jBWqQ',
197 silly reify   'C:\\Users\\prin_\\OneDrive\\Documentos\\GeorgianClasses\\Semester4\\JavaScriptFrameworks\\dogDaycare\\node_modules\\ms': 'C:\\Users\\prin_\\OneDrive\\Documentos\\GeorgianClasses\\Semester4\\JavaScriptFrameworks\\dogDaycare\\node_modules\\.ms-FxG67otc',
197 silly reify   'C:\\Users\\prin_\\OneDrive\\Documentos\\GeorgianClasses\\Semester4\\JavaScriptFrameworks\\dogDaycare\\node_modules\\on-finished': 'C:\\Users\\prin_\\OneDrive\\Documentos\\GeorgianClasses\\Semester4\\JavaScriptFrameworks\\dogDaycare\\node_modules\\.on-finished-0FfZ9zQb',
197 silly reify   'C:\\Users\\prin_\\OneDrive\\Documentos\\GeorgianClasses\\Semester4\\JavaScriptFrameworks\\dogDaycare\\node_modules\\raw-body\\node_modules\\depd': 'C:\\Users\\prin_\\OneDrive\\Documentos\\GeorgianClasses\\Semester4\\JavaScriptFrameworks\\dogDaycare\\node_modules\\raw-body\\node_modules\\.depd-SQG3EFgl',
197 silly reify   'C:\\Users\\prin_\\OneDrive\\Documentos\\GeorgianClasses\\Semester4\\JavaScriptFrameworks\\dogDaycare\\node_modules\\raw-body\\node_modules\\http-errors': 'C:\\Users\\prin_\\OneDrive\\Documentos\\GeorgianClasses\\Semester4\\JavaScriptFrameworks\\dogDaycare\\node_modules\\raw-body\\node_modules\\.http-errors-wse6ftdO',
197 silly reify   'C:\\Users\\prin_\\OneDrive\\Documentos\\GeorgianClasses\\Semester4\\JavaScriptFrameworks\\dogDaycare\\node_modules\\raw-body\\node_modules\\inherits': 'C:\\Users\\prin_\\OneDrive\\Documentos\\GeorgianClasses\\Semester4\\JavaScriptFrameworks\\dogDaycare\\node_modules\\raw-body\\node_modules\\.inherits-OXA1Ughg',
197 silly reify   'C:\\Users\\prin_\\OneDrive\\Documentos\\GeorgianClasses\\Semester4\\JavaScriptFrameworks\\dogDaycare\\node_modules\\raw-body\\node_modules\\setprototypeof': 'C:\\Users\\prin_\\OneDrive\\Documentos\\GeorgianClasses\\Semester4\\JavaScriptFrameworks\\dogDaycare\\node_modules\\raw-body\\node_modules\\.setprototypeof-KFiBMRKu',
197 silly reify   'C:\\Users\\prin_\\OneDrive\\Documentos\\GeorgianClasses\\Semester4\\JavaScriptFrameworks\\dogDaycare\\node_modules\\raw-body\\node_modules\\statuses': 'C:\\Users\\prin_\\OneDrive\\Documentos\\GeorgianClasses\\Semester4\\JavaScriptFrameworks\\dogDaycare\\node_modules\\raw-body\\node_modules\\.statuses-bqwM1y74',
197 silly reify   'C:\\Users\\prin_\\OneDrive\\Documentos\\GeorgianClasses\\Semester4\\JavaScriptFrameworks\\dogDaycare\\node_modules\\safe-buffer': 'C:\\Users\\prin_\\OneDrive\\Documentos\\GeorgianClasses\\Semester4\\JavaScriptFrameworks\\dogDaycare\\node_modules\\.safe-buffer-ILSlq3Vg',
197 silly reify   'C:\\Users\\prin_\\OneDrive\\Documentos\\GeorgianClasses\\Semester4\\JavaScriptFrameworks\\dogDaycare\\node_modules\\semver': 'C:\\Users\\prin_\\OneDrive\\Documentos\\GeorgianClasses\\Semester4\\JavaScriptFrameworks\\dogDaycare\\node_modules\\.semver-GxoiJJ2l',
197 silly reify   'C:\\Users\\prin_\\OneDrive\\Documentos\\GeorgianClasses\\Semester4\\JavaScriptFrameworks\\dogDaycare\\node_modules\\.bin\\semver': 'C:\\Users\\prin_\\OneDrive\\Documentos\\GeorgianClasses\\Semester4\\JavaScriptFrameworks\\dogDaycare\\node_modules\\.bin\\.semver-Kqxyattc',
197 silly reify   'C:\\Users\\prin_\\OneDrive\\Documentos\\GeorgianClasses\\Semester4\\JavaScriptFrameworks\\dogDaycare\\node_modules\\.bin\\semver.cmd': 'C:\\Users\\prin_\\OneDrive\\Documentos\\GeorgianClasses\\Semester4\\JavaScriptFrameworks\\dogDaycare\\node_modules\\.bin\\.semver.cmd-6x8MUHXR',
197 silly reify   'C:\\Users\\prin_\\OneDrive\\Documentos\\GeorgianClasses\\Semester4\\JavaScriptFrameworks\\dogDaycare\\node_modules\\.bin\\semver.ps1': 'C:\\Users\\prin_\\OneDrive\\Documentos\\GeorgianClasses\\Semester4\\JavaScriptFrameworks\\dogDaycare\\node_modules\\.bin\\.semver.ps1-OqkXrR8g',
197 silly reify   'C:\\Users\\prin_\\OneDrive\\Documentos\\GeorgianClasses\\Semester4\\JavaScriptFrameworks\\dogDaycare\\node_modules\\send\\node_modules\\depd': 'C:\\Users\\prin_\\OneDrive\\Documentos\\GeorgianClasses\\Semester4\\JavaScriptFrameworks\\dogDaycare\\node_modules\\send\\node_modules\\.depd-wEF3ruZN',
197 silly reify   'C:\\Users\\prin_\\OneDrive\\Documentos\\GeorgianClasses\\Semester4\\JavaScriptFrameworks\\dogDaycare\\node_modules\\send\\node_modules\\http-errors': 'C:\\Users\\prin_\\OneDrive\\Documentos\\GeorgianClasses\\Semester4\\JavaScriptFrameworks\\dogDaycare\\node_modules\\send\\node_modules\\.http-errors-oLQW32dF',
197 silly reify   'C:\\Users\\prin_\\OneDrive\\Documentos\\GeorgianClasses\\Semester4\\JavaScriptFrameworks\\dogDaycare\\node_modules\\send\\node_modules\\inherits': 'C:\\Users\\prin_\\OneDrive\\Documentos\\GeorgianClasses\\Semester4\\JavaScriptFrameworks\\dogDaycare\\node_modules\\send\\node_modules\\.inherits-dGx9disO',
197 silly reify   'C:\\Users\\prin_\\OneDrive\\Documentos\\GeorgianClasses\\Semester4\\JavaScriptFrameworks\\dogDaycare\\node_modules\\send\\node_modules\\ms': 'C:\\Users\\prin_\\OneDrive\\Documentos\\GeorgianClasses\\Semester4\\JavaScriptFrameworks\\dogDaycare\\node_modules\\send\\node_modules\\.ms-GVgDCXF0',
197 silly reify   'C:\\Users\\prin_\\OneDrive\\Documentos\\GeorgianClasses\\Semester4\\JavaScriptFrameworks\\dogDaycare\\node_modules\\send\\node_modules\\setprototypeof': 'C:\\Users\\prin_\\OneDrive\\Documentos\\GeorgianClasses\\Semester4\\JavaScriptFrameworks\\dogDaycare\\node_modules\\send\\node_modules\\.setprototypeof-uAdKwuAQ',
197 silly reify   'C:\\Users\\prin_\\OneDrive\\Documentos\\GeorgianClasses\\Semester4\\JavaScriptFrameworks\\dogDaycare\\node_modules\\send\\node_modules\\statuses': 'C:\\Users\\prin_\\OneDrive\\Documentos\\GeorgianClasses\\Semester4\\JavaScriptFrameworks\\dogDaycare\\node_modules\\send\\node_modules\\.statuses-raavJxtD',
197 silly reify   'C:\\Users\\prin_\\OneDrive\\Documentos\\GeorgianClasses\\Semester4\\JavaScriptFrameworks\\dogDaycare\\node_modules\\setprototypeof': 'C:\\Users\\prin_\\OneDrive\\Documentos\\GeorgianClasses\\Semester4\\JavaScriptFrameworks\\dogDaycare\\node_modules\\.setprototypeof-oY1Rp88W',
197 silly reify   'C:\\Users\\prin_\\OneDrive\\Documentos\\GeorgianClasses\\Semester4\\JavaScriptFrameworks\\dogDaycare\\node_modules\\simple-update-notifier': 'C:\\Users\\prin_\\OneDrive\\Documentos\\GeorgianClasses\\Semester4\\JavaScriptFrameworks\\dogDaycare\\node_modules\\.simple-update-notifier-MI6un9Dt',
197 silly reify   'C:\\Users\\prin_\\OneDrive\\Documentos\\GeorgianClasses\\Semester4\\JavaScriptFrameworks\\dogDaycare\\node_modules\\statuses': 'C:\\Users\\prin_\\OneDrive\\Documentos\\GeorgianClasses\\Semester4\\JavaScriptFrameworks\\dogDaycare\\node_modules\\.statuses-U72dVj4w',
197 silly reify   'C:\\Users\\prin_\\OneDrive\\Documentos\\GeorgianClasses\\Semester4\\JavaScriptFrameworks\\dogDaycare\\node_modules\\string-width\\node_modules\\ansi-regex': 'C:\\Users\\prin_\\OneDrive\\Documentos\\GeorgianClasses\\Semester4\\JavaScriptFrameworks\\dogDaycare\\node_modules\\string-width\\node_modules\\.ansi-regex-e7iayHwF',
197 silly reify   'C:\\Users\\prin_\\OneDrive\\Documentos\\GeorgianClasses\\Semester4\\JavaScriptFrameworks\\dogDaycare\\node_modules\\string-width\\node_modules\\emoji-regex': 'C:\\Users\\prin_\\OneDrive\\Documentos\\GeorgianClasses\\Semester4\\JavaScriptFrameworks\\dogDaycare\\node_modules\\string-width\\node_modules\\.emoji-regex-XTZRrsh9',
197 silly reify   'C:\\Users\\prin_\\OneDrive\\Documentos\\GeorgianClasses\\Semester4\\JavaScriptFrameworks\\dogDaycare\\node_modules\\string-width\\node_modules\\strip-ansi': 'C:\\Users\\prin_\\OneDrive\\Documentos\\GeorgianClasses\\Semester4\\JavaScriptFrameworks\\dogDaycare\\node_modules\\string-width\\node_modules\\.strip-ansi-HJiRWAPC',
197 silly reify   'C:\\Users\\prin_\\OneDrive\\Documentos\\GeorgianClasses\\Semester4\\JavaScriptFrameworks\\dogDaycare\\node_modules\\strip-ansi': 'C:\\Users\\prin_\\OneDrive\\Documentos\\GeorgianClasses\\Semester4\\JavaScriptFrameworks\\dogDaycare\\node_modules\\.strip-ansi-KevPhoff',
197 silly reify   'C:\\Users\\prin_\\OneDrive\\Documentos\\GeorgianClasses\\Semester4\\JavaScriptFrameworks\\dogDaycare\\node_modules\\wrap-ansi\\node_modules\\ansi-regex': 'C:\\Users\\prin_\\OneDrive\\Documentos\\GeorgianClasses\\Semester4\\JavaScriptFrameworks\\dogDaycare\\node_modules\\wrap-ansi\\node_modules\\.ansi-regex-Ko4UZV8W',
197 silly reify   'C:\\Users\\prin_\\OneDrive\\Documentos\\GeorgianClasses\\Semester4\\JavaScriptFrameworks\\dogDaycare\\node_modules\\wrap-ansi\\node_modules\\ansi-styles': 'C:\\Users\\prin_\\OneDrive\\Documentos\\GeorgianClasses\\Semester4\\JavaScriptFrameworks\\dogDaycare\\node_modules\\wrap-ansi\\node_modules\\.ansi-styles-8I9vpgJ9',
197 silly reify   'C:\\Users\\prin_\\OneDrive\\Documentos\\GeorgianClasses\\Semester4\\JavaScriptFrameworks\\dogDaycare\\node_modules\\wrap-ansi\\node_modules\\strip-ansi': 'C:\\Users\\prin_\\OneDrive\\Documentos\\GeorgianClasses\\Semester4\\JavaScriptFrameworks\\dogDaycare\\node_modules\\wrap-ansi\\node_modules\\.strip-ansi-zPebpotn',
197 silly reify   'C:\\Users\\prin_\\OneDrive\\Documentos\\GeorgianClasses\\Semester4\\JavaScriptFrameworks\\dogDaycare\\node_modules\\@isaacs\\cliui\\node_modules\\ansi-regex': 'C:\\Users\\prin_\\OneDrive\\Documentos\\GeorgianClasses\\Semester4\\JavaScriptFrameworks\\dogDaycare\\node_modules\\@isaacs\\cliui\\node_modules\\.ansi-regex-R6fWLHGf',
197 silly reify   'C:\\Users\\prin_\\OneDrive\\Documentos\\GeorgianClasses\\Semester4\\JavaScriptFrameworks\\dogDaycare\\node_modules\\@isaacs\\cliui\\node_modules\\strip-ansi': 'C:\\Users\\prin_\\OneDrive\\Documentos\\GeorgianClasses\\Semester4\\JavaScriptFrameworks\\dogDaycare\\node_modules\\@isaacs\\cliui\\node_modules\\.strip-ansi-XGsx46LN',
197 silly reify   'C:\\Users\\prin_\\OneDrive\\Documentos\\GeorgianClasses\\Semester4\\JavaScriptFrameworks\\dogDaycare\\node_modules\\bcryptjs': 'C:\\Users\\prin_\\OneDrive\\Documentos\\GeorgianClasses\\Semester4\\JavaScriptFrameworks\\dogDaycare\\node_modules\\.bcryptjs-gIvhxc71',
197 silly reify   'C:\\Users\\prin_\\OneDrive\\Documentos\\GeorgianClasses\\Semester4\\JavaScriptFrameworks\\dogDaycare\\node_modules\\body-parser': 'C:\\Users\\prin_\\OneDrive\\Documentos\\GeorgianClasses\\Semester4\\JavaScriptFrameworks\\dogDaycare\\node_modules\\.body-parser-XbNoZW3g',
197 silly reify   'C:\\Users\\prin_\\OneDrive\\Documentos\\GeorgianClasses\\Semester4\\JavaScriptFrameworks\\dogDaycare\\node_modules\\connect-mongo': 'C:\\Users\\prin_\\OneDrive\\Documentos\\GeorgianClasses\\Semester4\\JavaScriptFrameworks\\dogDaycare\\node_modules\\.connect-mongo-KMDFTW5V',
197 silly reify   'C:\\Users\\prin_\\OneDrive\\Documentos\\GeorgianClasses\\Semester4\\JavaScriptFrameworks\\dogDaycare\\node_modules\\connect-flash': 'C:\\Users\\prin_\\OneDrive\\Documentos\\GeorgianClasses\\Semester4\\JavaScriptFrameworks\\dogDaycare\\node_modules\\.connect-flash-hLEUxRlI',
197 silly reify   'C:\\Users\\prin_\\OneDrive\\Documentos\\GeorgianClasses\\Semester4\\JavaScriptFrameworks\\dogDaycare\\node_modules\\cookie-parser': 'C:\\Users\\prin_\\OneDrive\\Documentos\\GeorgianClasses\\Semester4\\JavaScriptFrameworks\\dogDaycare\\node_modules\\.cookie-parser-ro0bOxzW',
197 silly reify   'C:\\Users\\prin_\\OneDrive\\Documentos\\GeorgianClasses\\Semester4\\JavaScriptFrameworks\\dogDaycare\\node_modules\\debug': 'C:\\Users\\prin_\\OneDrive\\Documentos\\GeorgianClasses\\Semester4\\JavaScriptFrameworks\\dogDaycare\\node_modules\\.debug-pNOeNPwI',
197 silly reify   'C:\\Users\\prin_\\OneDrive\\Documentos\\GeorgianClasses\\Semester4\\JavaScriptFrameworks\\dogDaycare\\node_modules\\dotenv': 'C:\\Users\\prin_\\OneDrive\\Documentos\\GeorgianClasses\\Semester4\\JavaScriptFrameworks\\dogDaycare\\node_modules\\.dotenv-VY1bOO6l',
197 silly reify   'C:\\Users\\prin_\\OneDrive\\Documentos\\GeorgianClasses\\Semester4\\JavaScriptFrameworks\\dogDaycare\\node_modules\\express': 'C:\\Users\\prin_\\OneDrive\\Documentos\\GeorgianClasses\\Semester4\\JavaScriptFrameworks\\dogDaycare\\node_modules\\.express-NenyOxkA',
197 silly reify   'C:\\Users\\prin_\\OneDrive\\Documentos\\GeorgianClasses\\Semester4\\JavaScriptFrameworks\\dogDaycare\\node_modules\\express-handlebars': 'C:\\Users\\prin_\\OneDrive\\Documentos\\GeorgianClasses\\Semester4\\JavaScriptFrameworks\\dogDaycare\\node_modules\\.express-handlebars-xgkqGgbR',
197 silly reify   'C:\\Users\\prin_\\OneDrive\\Documentos\\GeorgianClasses\\Semester4\\JavaScriptFrameworks\\dogDaycare\\node_modules\\express-session': 'C:\\Users\\prin_\\OneDrive\\Documentos\\GeorgianClasses\\Semester4\\JavaScriptFrameworks\\dogDaycare\\node_modules\\.express-session-37jpOwia',
197 silly reify   'C:\\Users\\prin_\\OneDrive\\Documentos\\GeorgianClasses\\Semester4\\JavaScriptFrameworks\\dogDaycare\\node_modules\\handlebars': 'C:\\Users\\prin_\\OneDrive\\Documentos\\GeorgianClasses\\Semester4\\JavaScriptFrameworks\\dogDaycare\\node_modules\\.handlebars-Q662HMSJ',
197 silly reify   'C:\\Users\\prin_\\OneDrive\\Documentos\\GeorgianClasses\\Semester4\\JavaScriptFrameworks\\dogDaycare\\node_modules\\.bin\\handlebars': 'C:\\Users\\prin_\\OneDrive\\Documentos\\GeorgianClasses\\Semester4\\JavaScriptFrameworks\\dogDaycare\\node_modules\\.bin\\.handlebars-eQ448AZV',
197 silly reify   'C:\\Users\\prin_\\OneDrive\\Documentos\\GeorgianClasses\\Semester4\\JavaScriptFrameworks\\dogDaycare\\node_modules\\.bin\\handlebars.cmd': 'C:\\Users\\prin_\\OneDrive\\Documentos\\GeorgianClasses\\Semester4\\JavaScriptFrameworks\\dogDaycare\\node_modules\\.bin\\.handlebars.cmd-ehwufgP8',
197 silly reify   'C:\\Users\\prin_\\OneDrive\\Documentos\\GeorgianClasses\\Semester4\\JavaScriptFrameworks\\dogDaycare\\node_modules\\.bin\\handlebars.ps1': 'C:\\Users\\prin_\\OneDrive\\Documentos\\GeorgianClasses\\Semester4\\JavaScriptFrameworks\\dogDaycare\\node_modules\\.bin\\.handlebars.ps1-f6yj7HlJ',
197 silly reify   'C:\\Users\\prin_\\OneDrive\\Documentos\\GeorgianClasses\\Semester4\\JavaScriptFrameworks\\dogDaycare\\node_modules\\hbs': 'C:\\Users\\prin_\\OneDrive\\Documentos\\GeorgianClasses\\Semester4\\JavaScriptFrameworks\\dogDaycare\\node_modules\\.hbs-v0KG4HHa',
197 silly reify   'C:\\Users\\prin_\\OneDrive\\Documentos\\GeorgianClasses\\Semester4\\JavaScriptFrameworks\\dogDaycare\\node_modules\\http-errors': 'C:\\Users\\prin_\\OneDrive\\Documentos\\GeorgianClasses\\Semester4\\JavaScriptFrameworks\\dogDaycare\\node_modules\\.http-errors-CBUBFIUn',
197 silly reify   'C:\\Users\\prin_\\OneDrive\\Documentos\\GeorgianClasses\\Semester4\\JavaScriptFrameworks\\dogDaycare\\node_modules\\mongoose': 'C:\\Users\\prin_\\OneDrive\\Documentos\\GeorgianClasses\\Semester4\\JavaScriptFrameworks\\dogDaycare\\node_modules\\.mongoose-oBhIuZw0',
197 silly reify   'C:\\Users\\prin_\\OneDrive\\Documentos\\GeorgianClasses\\Semester4\\JavaScriptFrameworks\\dogDaycare\\node_modules\\mongodb': 'C:\\Users\\prin_\\OneDrive\\Documentos\\GeorgianClasses\\Semester4\\JavaScriptFrameworks\\dogDaycare\\node_modules\\.mongodb-VXMsOahD',
197 silly reify   'C:\\Users\\prin_\\OneDrive\\Documentos\\GeorgianClasses\\Semester4\\JavaScriptFrameworks\\dogDaycare\\node_modules\\morgan': 'C:\\Users\\prin_\\OneDrive\\Documentos\\GeorgianClasses\\Semester4\\JavaScriptFrameworks\\dogDaycare\\node_modules\\.morgan-NfFvofIq',
197 silly reify   'C:\\Users\\prin_\\OneDrive\\Documentos\\GeorgianClasses\\Semester4\\JavaScriptFrameworks\\dogDaycare\\node_modules\\passport-github2': 'C:\\Users\\prin_\\OneDrive\\Documentos\\GeorgianClasses\\Semester4\\JavaScriptFrameworks\\dogDaycare\\node_modules\\.passport-github2-B8YXtPxZ',
197 silly reify   'C:\\Users\\prin_\\OneDrive\\Documentos\\GeorgianClasses\\Semester4\\JavaScriptFrameworks\\dogDaycare\\node_modules\\nodemon': 'C:\\Users\\prin_\\OneDrive\\Documentos\\GeorgianClasses\\Semester4\\JavaScriptFrameworks\\dogDaycare\\node_modules\\.nodemon-jTrHUAP9',
197 silly reify   'C:\\Users\\prin_\\OneDrive\\Documentos\\GeorgianClasses\\Semester4\\JavaScriptFrameworks\\dogDaycare\\node_modules\\.bin\\nodemon': 'C:\\Users\\prin_\\OneDrive\\Documentos\\GeorgianClasses\\Semester4\\JavaScriptFrameworks\\dogDaycare\\node_modules\\.bin\\.nodemon-SOWFwGrv',
197 silly reify   'C:\\Users\\prin_\\OneDrive\\Documentos\\GeorgianClasses\\Semester4\\JavaScriptFrameworks\\dogDaycare\\node_modules\\.bin\\nodemon.cmd': 'C:\\Users\\prin_\\OneDrive\\Documentos\\GeorgianClasses\\Semester4\\JavaScriptFrameworks\\dogDaycare\\node_modules\\.bin\\.nodemon.cmd-nmYG14k7',
197 silly reify   'C:\\Users\\prin_\\OneDrive\\Documentos\\GeorgianClasses\\Semester4\\JavaScriptFrameworks\\dogDaycare\\node_modules\\.bin\\nodemon.ps1': 'C:\\Users\\prin_\\OneDrive\\Documentos\\GeorgianClasses\\Semester4\\JavaScriptFrameworks\\dogDaycare\\node_modules\\.bin\\.nodemon.ps1-gaCgF0qg',
197 silly reify   'C:\\Users\\prin_\\OneDrive\\Documentos\\GeorgianClasses\\Semester4\\JavaScriptFrameworks\\dogDaycare\\node_modules\\passport-local': 'C:\\Users\\prin_\\OneDrive\\Documentos\\GeorgianClasses\\Semester4\\JavaScriptFrameworks\\dogDaycare\\node_modules\\.passport-local-sn1QjImC',
197 silly reify   'C:\\Users\\prin_\\OneDrive\\Documentos\\GeorgianClasses\\Semester4\\JavaScriptFrameworks\\dogDaycare\\node_modules\\passport': 'C:\\Users\\prin_\\OneDrive\\Documentos\\GeorgianClasses\\Semester4\\JavaScriptFrameworks\\dogDaycare\\node_modules\\.passport-YvoU9eS8',
197 silly reify   'C:\\Users\\prin_\\OneDrive\\Documentos\\GeorgianClasses\\Semester4\\JavaScriptFrameworks\\dogDaycare\\node_modules\\.pnpm\\nodemon@2.0.22\\node_modules\\nodemon\\node_modules\\debug': 'C:\\Users\\prin_\\OneDrive\\Documentos\\GeorgianClasses\\Semester4\\JavaScriptFrameworks\\dogDaycare\\node_modules\\.pnpm\\nodemon@2.0.22\\node_modules\\nodemon\\node_modules\\.debug-jyEuXH6D',
197 silly reify   'C:\\Users\\prin_\\OneDrive\\Documentos\\GeorgianClasses\\Semester4\\JavaScriptFrameworks\\dogDaycare\\node_modules\\.pnpm\\nodemon@2.0.22\\node_modules\\nodemon\\node_modules\\brace-expansion': 'C:\\Users\\prin_\\OneDrive\\Documentos\\GeorgianClasses\\Semester4\\JavaScriptFrameworks\\dogDaycare\\node_modules\\.pnpm\\nodemon@2.0.22\\node_modules\\nodemon\\node_modules\\.brace-expansion-auz2UkiW',
197 silly reify   'C:\\Users\\prin_\\OneDrive\\Documentos\\GeorgianClasses\\Semester4\\JavaScriptFrameworks\\dogDaycare\\node_modules\\.pnpm\\nodemon@2.0.22\\node_modules\\nodemon\\node_modules\\minimatch': 'C:\\Users\\prin_\\OneDrive\\Documentos\\GeorgianClasses\\Semester4\\JavaScriptFrameworks\\dogDaycare\\node_modules\\.pnpm\\nodemon@2.0.22\\node_modules\\nodemon\\node_modules\\.minimatch-Goxv1Efp',
197 silly reify   'C:\\Users\\prin_\\OneDrive\\Documentos\\GeorgianClasses\\Semester4\\JavaScriptFrameworks\\dogDaycare\\node_modules\\.pnpm\\nodemon@2.0.22\\node_modules\\nodemon\\node_modules\\ms': 'C:\\Users\\prin_\\OneDrive\\Documentos\\GeorgianClasses\\Semester4\\JavaScriptFrameworks\\dogDaycare\\node_modules\\.pnpm\\nodemon@2.0.22\\node_modules\\nodemon\\node_modules\\.ms-YVXycUqZ'
197 silly reify }
198 verbose stack Error: EPERM: operation not permitted, rmdir 'C:\Users\prin_\OneDrive\Documentos\GeorgianClasses\Semester4\JavaScriptFrameworks\dogDaycare\node_modules\semver\classes'
199 error code EPERM
200 error syscall rmdir
201 error path C:\Users\prin_\OneDrive\Documentos\GeorgianClasses\Semester4\JavaScriptFrameworks\dogDaycare\node_modules\semver\classes
202 error errno -4048
203 error [Error: EPERM: operation not permitted, rmdir 'C:\Users\prin_\OneDrive\Documentos\GeorgianClasses\Semester4\JavaScriptFrameworks\dogDaycare\node_modules\semver\classes'] {
203 error   errno: -4048,
203 error   code: 'EPERM',
203 error   syscall: 'rmdir',
203 error   path: 'C:\\Users\\prin_\\OneDrive\\Documentos\\GeorgianClasses\\Semester4\\JavaScriptFrameworks\\dogDaycare\\node_modules\\semver\\classes'
203 error }
204 error
204 error The operation was rejected by your operating system.
204 error It's possible that the file was already in use (by a text editor or antivirus),
204 error or that you lack permissions to access it.
204 error
204 error If you believe this might be a permissions issue, please double-check the
204 error permissions of the file and its containing directories, or try running
204 error the command again as root/Administrator.
205 silly unfinished npm timer reify 1733881694279
206 silly unfinished npm timer reify:retireShallow 1733881695242
207 verbose cwd C:\Users\prin_\OneDrive\Documentos\GeorgianClasses\Semester4\JavaScriptFrameworks\dogDaycare
208 verbose os Windows_NT 10.0.22631
209 verbose node v20.17.0
210 verbose npm  v10.9.2
211 verbose exit -4048
212 verbose code -4048
213 error A complete log of this run can be found in: C:\Users\prin_\OneDrive\Documentos\GeorgianClasses\Semester4\JavaScriptFrameworks\dogDaycare\Usersprin_npm-cache\_logs\2024-12-11T01_48_13_699Z-debug-0.log
