0 verbose cli C:\Program Files\nodejs\node.exe C:\Users\prin_\AppData\Roaming\npm\node_modules\npm\bin\npm-cli.js
1 info using npm@10.9.2
2 info using node@v20.17.0
3 silly config load:file:C:\Users\prin_\AppData\Roaming\npm\node_modules\npm\npmrc
4 silly config load:file:C:\dogDaycare\.npmrc
5 silly config load:file:C:\Users\prin_\.npmrc
6 silly config load:file:C:\Users\prin_\AppData\Roaming\npm\etc\npmrc
7 verbose title npm install express-handlebars@latest
8 verbose argv "install" "express-handlebars@latest"
9 verbose logfile logs-max:10 dir:C:\dogDaycare\Usersprin_npm-cache\_logs\2024-12-11T03_52_04_635Z-
10 verbose logfile C:\dogDaycare\Usersprin_npm-cache\_logs\2024-12-11T03_52_04_635Z-debug-0.log
11 silly logfile start cleaning logs, removing 1 files
12 silly packumentCache heap:4345298944 maxSize:1086324736 maxEntrySize:543162368
13 silly logfile done cleaning log files
14 silly packumentCache corgi:https://registry.npmjs.org/express-handlebars cache-miss
15 http fetch GET 200 https://registry.npmjs.org/express-handlebars 440ms (cache revalidated)
16 silly packumentCache corgi:https://registry.npmjs.org/express-handlebars set size:90036 disposed:false
17 silly idealTree buildDeps
18 silly fetch manifest express-handlebars@8.0.1
19 silly packumentCache full:https://registry.npmjs.org/express-handlebars cache-miss
20 http fetch GET 200 https://registry.npmjs.org/express-handlebars 56ms (cache revalidated)
21 silly packumentCache full:https://registry.npmjs.org/express-handlebars set size:190152 disposed:false
22 silly placeDep ROOT express-handlebars@8.0.1 REPLACE for: dogdaycare@0.0.0 want: 8.0.1
23 silly fetch manifest glob@^11.0.0
24 silly packumentCache full:https://registry.npmjs.org/glob cache-miss
25 http fetch GET 200 https://registry.npmjs.org/glob 35ms (cache revalidated)
26 silly packumentCache full:https://registry.npmjs.org/glob set size:430869 disposed:false
27 silly placeDep ROOT glob@11.0.0 OK for: express-handlebars@8.0.1 want: ^11.0.0
28 silly fetch manifest minipass@^7.1.2
29 silly packumentCache full:https://registry.npmjs.org/minipass cache-miss
30 silly fetch manifest jackspeak@^4.0.1
31 silly packumentCache full:https://registry.npmjs.org/jackspeak cache-miss
32 silly fetch manifest minimatch@^10.0.0
33 silly packumentCache full:https://registry.npmjs.org/minimatch cache-miss
34 silly fetch manifest path-scurry@^2.0.0
35 silly packumentCache full:https://registry.npmjs.org/path-scurry cache-miss
36 silly fetch manifest foreground-child@^3.1.0
37 silly packumentCache full:https://registry.npmjs.org/foreground-child cache-miss
38 silly fetch manifest package-json-from-dist@^1.0.0
39 silly packumentCache full:https://registry.npmjs.org/package-json-from-dist cache-miss
40 http fetch GET 200 https://registry.npmjs.org/minipass 83ms (cache revalidated)
41 silly packumentCache full:https://registry.npmjs.org/minipass set size:490195 disposed:false
42 http fetch GET 200 https://registry.npmjs.org/minimatch 99ms (cache revalidated)
43 silly packumentCache full:https://registry.npmjs.org/minimatch set size:398328 disposed:false
44 http fetch GET 200 https://registry.npmjs.org/path-scurry 107ms (cache revalidated)
45 silly packumentCache full:https://registry.npmjs.org/path-scurry set size:112463 disposed:false
46 http fetch GET 200 https://registry.npmjs.org/jackspeak 112ms (cache revalidated)
47 silly packumentCache full:https://registry.npmjs.org/jackspeak set size:180235 disposed:false
48 http fetch GET 200 https://registry.npmjs.org/foreground-child 113ms (cache revalidated)
49 silly packumentCache full:https://registry.npmjs.org/foreground-child set size:56088 disposed:false
50 http fetch GET 200 https://registry.npmjs.org/package-json-from-dist 126ms (cache revalidated)
51 silly packumentCache full:https://registry.npmjs.org/package-json-from-dist set size:8854 disposed:false
52 silly placeDep ROOT foreground-child@3.3.0 OK for: glob@11.0.0 want: ^3.1.0
53 silly placeDep ROOT jackspeak@4.0.2 OK for: glob@11.0.0 want: ^4.0.1
54 silly placeDep node_modules/glob minimatch@10.0.1 OK for: glob@11.0.0 want: ^10.0.0
55 silly placeDep ROOT minipass@7.1.2 OK for: glob@11.0.0 want: ^7.1.2
56 silly placeDep ROOT package-json-from-dist@1.0.1 OK for: glob@11.0.0 want: ^1.0.0
57 silly placeDep ROOT path-scurry@2.0.0 OK for: glob@11.0.0 want: ^2.0.0
58 silly fetch manifest cross-spawn@^7.0.0
59 silly packumentCache full:https://registry.npmjs.org/cross-spawn cache-miss
60 silly fetch manifest signal-exit@^4.0.1
61 silly packumentCache full:https://registry.npmjs.org/signal-exit cache-miss
62 silly fetch manifest @isaacs/cliui@^8.0.2
63 silly packumentCache full:https://registry.npmjs.org/@isaacs%2fcliui cache-miss
64 silly fetch manifest brace-expansion@^2.0.1
65 silly packumentCache full:https://registry.npmjs.org/brace-expansion cache-miss
66 silly fetch manifest lru-cache@^11.0.0
67 silly packumentCache full:https://registry.npmjs.org/lru-cache cache-miss
68 http fetch GET 200 https://registry.npmjs.org/cross-spawn 44ms (cache revalidated)
69 silly packumentCache full:https://registry.npmjs.org/cross-spawn set size:109066 disposed:false
70 http fetch GET 200 https://registry.npmjs.org/signal-exit 50ms (cache revalidated)
71 silly packumentCache full:https://registry.npmjs.org/signal-exit set size:53489 disposed:false
72 http fetch GET 200 https://registry.npmjs.org/brace-expansion 54ms (cache revalidated)
73 silly packumentCache full:https://registry.npmjs.org/brace-expansion set size:42345 disposed:false
74 http fetch GET 200 https://registry.npmjs.org/@isaacs%2fcliui 64ms (cache revalidated)
75 silly packumentCache full:https://registry.npmjs.org/@isaacs%2fcliui set size:7676 disposed:false
76 http fetch GET 200 https://registry.npmjs.org/lru-cache 65ms (cache revalidated)
77 silly packumentCache full:https://registry.npmjs.org/lru-cache set size:387720 disposed:false
78 silly placeDep ROOT cross-spawn@7.0.6 OK for: foreground-child@3.3.0 want: ^7.0.0
79 silly placeDep ROOT signal-exit@4.1.0 OK for: foreground-child@3.3.0 want: ^4.0.1
80 silly fetch manifest which@^2.0.1
81 silly packumentCache full:https://registry.npmjs.org/which cache-miss
82 silly fetch manifest path-key@^3.1.0
83 silly packumentCache full:https://registry.npmjs.org/path-key cache-miss
84 silly fetch manifest shebang-command@^2.0.0
85 silly packumentCache full:https://registry.npmjs.org/shebang-command cache-miss
86 http fetch GET 200 https://registry.npmjs.org/which 41ms (cache revalidated)
87 silly packumentCache full:https://registry.npmjs.org/which set size:62712 disposed:false
88 http fetch GET 200 https://registry.npmjs.org/shebang-command 45ms (cache revalidated)
89 silly packumentCache full:https://registry.npmjs.org/shebang-command set size:8525 disposed:false
90 http fetch GET 200 https://registry.npmjs.org/path-key 49ms (cache revalidated)
91 silly packumentCache full:https://registry.npmjs.org/path-key set size:16975 disposed:false
92 silly placeDep ROOT path-key@3.1.1 OK for: cross-spawn@7.0.6 want: ^3.1.0
93 silly placeDep ROOT shebang-command@2.0.0 OK for: cross-spawn@7.0.6 want: ^2.0.0
94 silly placeDep ROOT which@2.0.2 OK for: cross-spawn@7.0.6 want: ^2.0.1
95 silly fetch manifest shebang-regex@^3.0.0
96 silly packumentCache full:https://registry.npmjs.org/shebang-regex cache-miss
97 silly fetch manifest isexe@^2.0.0
98 silly packumentCache full:https://registry.npmjs.org/isexe cache-miss
99 http fetch GET 200 https://registry.npmjs.org/isexe 45ms (cache revalidated)
100 silly packumentCache full:https://registry.npmjs.org/isexe set size:19340 disposed:false
101 http fetch GET 200 https://registry.npmjs.org/shebang-regex 48ms (cache revalidated)
102 silly packumentCache full:https://registry.npmjs.org/shebang-regex set size:9763 disposed:false
103 silly placeDep ROOT @isaacs/cliui@8.0.2 OK for: jackspeak@4.0.2 want: ^8.0.2
104 silly fetch manifest string-width@^5.1.2
105 silly packumentCache full:https://registry.npmjs.org/string-width cache-miss
106 silly fetch manifest string-width-cjs@npm:string-width@^4.2.0
107 silly packumentCache full:https://registry.npmjs.org/string-width cache-miss
108 silly fetch manifest strip-ansi@^7.0.1
109 silly packumentCache full:https://registry.npmjs.org/strip-ansi cache-miss
110 silly fetch manifest strip-ansi-cjs@npm:strip-ansi@^6.0.1
111 silly packumentCache full:https://registry.npmjs.org/strip-ansi cache-miss
112 silly fetch manifest wrap-ansi@^8.1.0
113 silly packumentCache full:https://registry.npmjs.org/wrap-ansi cache-miss
114 silly fetch manifest wrap-ansi-cjs@npm:wrap-ansi@^7.0.0
115 silly packumentCache full:https://registry.npmjs.org/wrap-ansi cache-miss
116 http fetch GET 200 https://registry.npmjs.org/strip-ansi 61ms (cache revalidated)
117 silly packumentCache full:https://registry.npmjs.org/strip-ansi set size:43180 disposed:false
118 http fetch GET 200 https://registry.npmjs.org/string-width 64ms (cache revalidated)
119 silly packumentCache full:https://registry.npmjs.org/string-width set size:61460 disposed:false
120 http fetch GET 200 https://registry.npmjs.org/wrap-ansi 60ms (cache revalidated)
121 silly packumentCache full:https://registry.npmjs.org/wrap-ansi set size:51143 disposed:false
122 http fetch GET 200 https://registry.npmjs.org/strip-ansi 66ms (cache revalidated)
123 silly packumentCache full:https://registry.npmjs.org/strip-ansi set size:43180 disposed:false
124 silly packumentCache full:https://registry.npmjs.org/strip-ansi dispose
125 http fetch GET 200 https://registry.npmjs.org/wrap-ansi 64ms (cache revalidated)
126 silly packumentCache full:https://registry.npmjs.org/wrap-ansi set size:51143 disposed:false
127 silly packumentCache full:https://registry.npmjs.org/wrap-ansi dispose
128 http fetch GET 200 https://registry.npmjs.org/string-width 74ms (cache revalidated)
129 silly packumentCache full:https://registry.npmjs.org/string-width set size:61460 disposed:false
130 silly packumentCache full:https://registry.npmjs.org/string-width dispose
131 silly placeDep ROOT string-width@5.1.2 OK for: @isaacs/cliui@8.0.2 want: ^5.1.2
132 silly placeDep ROOT string-width-cjs@4.2.3 OK for: @isaacs/cliui@8.0.2 want: npm:string-width@^4.2.0
133 silly placeDep ROOT strip-ansi@7.1.0 OK for: @isaacs/cliui@8.0.2 want: ^7.0.1
134 silly placeDep ROOT strip-ansi-cjs@6.0.1 OK for: @isaacs/cliui@8.0.2 want: npm:strip-ansi@^6.0.1
135 silly placeDep ROOT wrap-ansi@8.1.0 OK for: @isaacs/cliui@8.0.2 want: ^8.1.0
136 silly placeDep ROOT wrap-ansi-cjs@7.0.0 OK for: @isaacs/cliui@8.0.2 want: npm:wrap-ansi@^7.0.0
137 silly fetch manifest emoji-regex@^9.2.2
138 silly packumentCache full:https://registry.npmjs.org/emoji-regex cache-miss
139 silly fetch manifest eastasianwidth@^0.2.0
140 silly packumentCache full:https://registry.npmjs.org/eastasianwidth cache-miss
141 silly fetch manifest strip-ansi@^6.0.1
142 silly packumentCache full:https://registry.npmjs.org/strip-ansi cache-hit
143 silly fetch manifest emoji-regex@^8.0.0
144 silly packumentCache full:https://registry.npmjs.org/emoji-regex cache-miss
145 silly fetch manifest is-fullwidth-code-point@^3.0.0
146 silly packumentCache full:https://registry.npmjs.org/is-fullwidth-code-point cache-miss
147 silly fetch manifest ansi-regex@^6.0.1
148 silly packumentCache full:https://registry.npmjs.org/ansi-regex cache-miss
149 silly fetch manifest ansi-regex@^5.0.1
150 silly packumentCache full:https://registry.npmjs.org/ansi-regex cache-miss
151 silly fetch manifest ansi-styles@^6.1.0
152 silly packumentCache full:https://registry.npmjs.org/ansi-styles cache-miss
153 http fetch GET 200 https://registry.npmjs.org/eastasianwidth 54ms (cache revalidated)
154 silly packumentCache full:https://registry.npmjs.org/eastasianwidth set size:7890 disposed:false
155 silly fetch manifest ansi-styles@^4.0.0
156 silly packumentCache full:https://registry.npmjs.org/ansi-styles cache-miss
157 http fetch GET 200 https://registry.npmjs.org/is-fullwidth-code-point 55ms (cache revalidated)
158 silly packumentCache full:https://registry.npmjs.org/is-fullwidth-code-point set size:12553 disposed:false
159 silly fetch manifest string-width@^4.1.0
160 silly packumentCache full:https://registry.npmjs.org/string-width cache-hit
161 silly fetch manifest strip-ansi@^6.0.0
162 silly packumentCache full:https://registry.npmjs.org/strip-ansi cache-hit
163 http fetch GET 200 https://registry.npmjs.org/emoji-regex 63ms (cache revalidated)
164 silly packumentCache full:https://registry.npmjs.org/emoji-regex set size:85187 disposed:false
165 http fetch GET 200 https://registry.npmjs.org/emoji-regex 67ms (cache revalidated)
166 silly packumentCache full:https://registry.npmjs.org/emoji-regex set size:85187 disposed:false
167 silly packumentCache full:https://registry.npmjs.org/emoji-regex dispose
168 http fetch GET 200 https://registry.npmjs.org/ansi-regex 65ms (cache revalidated)
169 silly packumentCache full:https://registry.npmjs.org/ansi-regex set size:41869 disposed:false
170 http fetch GET 200 https://registry.npmjs.org/ansi-styles 62ms (cache revalidated)
171 silly packumentCache full:https://registry.npmjs.org/ansi-styles set size:66356 disposed:false
172 http fetch GET 200 https://registry.npmjs.org/ansi-regex 76ms (cache revalidated)
173 silly packumentCache full:https://registry.npmjs.org/ansi-regex set size:41869 disposed:false
174 silly packumentCache full:https://registry.npmjs.org/ansi-regex dispose
175 http fetch GET 200 https://registry.npmjs.org/ansi-styles 46ms (cache revalidated)
176 silly packumentCache full:https://registry.npmjs.org/ansi-styles set size:66356 disposed:false
177 silly packumentCache full:https://registry.npmjs.org/ansi-styles dispose
178 silly placeDep ROOT lru-cache@11.0.2 OK for: path-scurry@2.0.0 want: ^11.0.0
179 silly placeDep ROOT shebang-regex@3.0.0 OK for: shebang-command@2.0.0 want: ^3.0.0
180 silly placeDep ROOT eastasianwidth@0.2.0 OK for: string-width@5.1.2 want: ^0.2.0
181 silly placeDep ROOT emoji-regex@9.2.2 OK for: string-width@5.1.2 want: ^9.2.2
182 silly placeDep node_modules/string-width-cjs emoji-regex@8.0.0 OK for: string-width@4.2.3 want: ^8.0.0
183 silly placeDep ROOT is-fullwidth-code-point@3.0.0 OK for: string-width@4.2.3 want: ^3.0.0
184 silly placeDep node_modules/string-width-cjs strip-ansi@6.0.1 OK for: string-width@4.2.3 want: ^6.0.1
185 silly placeDep ROOT ansi-regex@6.1.0 OK for: strip-ansi@7.1.0 want: ^6.0.1
186 silly placeDep node_modules/strip-ansi-cjs ansi-regex@5.0.1 OK for: strip-ansi@6.0.1 want: ^5.0.1
187 silly placeDep ROOT isexe@2.0.0 OK for: which@2.0.2 want: ^2.0.0
188 silly placeDep ROOT ansi-styles@6.2.1 OK for: wrap-ansi@8.1.0 want: ^6.1.0
189 silly placeDep node_modules/wrap-ansi-cjs ansi-styles@4.3.0 OK for: wrap-ansi@7.0.0 want: ^4.0.0
190 silly placeDep node_modules/wrap-ansi-cjs string-width@4.2.3 OK for: wrap-ansi@7.0.0 want: ^4.1.0
191 silly placeDep node_modules/wrap-ansi-cjs strip-ansi@6.0.1 OK for: wrap-ansi@7.0.0 want: ^6.0.0
192 silly fetch manifest color-convert@^2.0.1
193 silly packumentCache full:https://registry.npmjs.org/color-convert cache-miss
194 http fetch GET 200 https://registry.npmjs.org/color-convert 48ms (cache revalidated)
195 silly packumentCache full:https://registry.npmjs.org/color-convert set size:61781 disposed:false
196 silly placeDep node_modules/glob brace-expansion@2.0.1 OK for: minimatch@10.0.1 want: ^2.0.1
197 silly placeDep node_modules/string-width-cjs ansi-regex@5.0.1 OK for: strip-ansi@6.0.1 want: ^5.0.1
198 silly placeDep ROOT color-convert@2.0.1 OK for: ansi-styles@4.3.0 want: ^2.0.1
199 silly fetch manifest color-name@~1.1.4
200 silly packumentCache full:https://registry.npmjs.org/color-name cache-miss
201 http fetch GET 200 https://registry.npmjs.org/color-name 49ms (cache revalidated)
202 silly packumentCache full:https://registry.npmjs.org/color-name set size:16325 disposed:false
203 silly placeDep ROOT color-name@1.1.4 OK for: color-convert@2.0.1 want: ~1.1.4
204 silly placeDep node_modules/wrap-ansi-cjs emoji-regex@8.0.0 OK for: string-width@4.2.3 want: ^8.0.0
205 silly placeDep node_modules/wrap-ansi-cjs ansi-regex@5.0.1 OK for: strip-ansi@6.0.1 want: ^5.0.1
206 silly reify mark retired [ 'C:\\dogDaycare\\node_modules\\express-handlebars' ]
207 silly reify mark retired [ 'C:\\dogDaycare\\node_modules\\fs.realpath' ]
208 silly reify mark retired [ 'C:\\dogDaycare\\node_modules\\glob' ]
209 silly reify mark retired [ 'C:\\dogDaycare\\node_modules\\inflight' ]
210 silly reify mark retired [ 'C:\\dogDaycare\\node_modules\\once' ]
211 silly reify mark retired [ 'C:\\dogDaycare\\node_modules\\path-is-absolute' ]
212 silly reify mark retired [ 'C:\\dogDaycare\\node_modules\\wrappy' ]
213 silly reify moves {
213 silly reify   'C:\\dogDaycare\\node_modules\\express-handlebars': 'C:\\dogDaycare\\node_modules\\.express-handlebars-6ywX4I8V',
213 silly reify   'C:\\dogDaycare\\node_modules\\fs.realpath': 'C:\\dogDaycare\\node_modules\\.fs.realpath-4SXJWGpe',
213 silly reify   'C:\\dogDaycare\\node_modules\\glob': 'C:\\dogDaycare\\node_modules\\.glob-ul2eZOe5',
213 silly reify   'C:\\dogDaycare\\node_modules\\inflight': 'C:\\dogDaycare\\node_modules\\.inflight-WwfymoEN',
213 silly reify   'C:\\dogDaycare\\node_modules\\once': 'C:\\dogDaycare\\node_modules\\.once-GduABF9Q',
213 silly reify   'C:\\dogDaycare\\node_modules\\path-is-absolute': 'C:\\dogDaycare\\node_modules\\.path-is-absolute-Ee7S8GyF',
213 silly reify   'C:\\dogDaycare\\node_modules\\wrappy': 'C:\\dogDaycare\\node_modules\\.wrappy-NNBECb6A'
213 silly reify }
214 silly audit bulk request {
214 silly audit   '@aws-crypto/sha256-browser': [ '5.2.0' ],
214 silly audit   '@smithy/is-array-buffer': [ '2.2.0', '3.0.0' ],
214 silly audit   '@smithy/util-buffer-from': [ '2.2.0', '3.0.0' ],
214 silly audit   '@smithy/util-utf8': [ '2.3.0', '3.0.0' ],
214 silly audit   '@aws-crypto/sha256-js': [ '5.2.0' ],
214 silly audit   '@aws-crypto/supports-web-crypto': [ '5.2.0' ],
214 silly audit   '@aws-crypto/util': [ '5.2.0' ],
214 silly audit   '@aws-sdk/client-cognito-identity': [ '3.709.0' ],
214 silly audit   '@aws-sdk/client-sso': [ '3.709.0' ],
214 silly audit   '@aws-sdk/client-sso-oidc': [ '3.709.0' ],
214 silly audit   '@aws-sdk/client-sts': [ '3.709.0' ],
214 silly audit   '@aws-sdk/core': [ '3.709.0' ],
214 silly audit   '@aws-sdk/credential-provider-cognito-identity': [ '3.709.0' ],
214 silly audit   '@aws-sdk/credential-provider-env': [ '3.709.0' ],
214 silly audit   '@aws-sdk/credential-provider-http': [ '3.709.0' ],
214 silly audit   '@aws-sdk/credential-provider-ini': [ '3.709.0' ],
214 silly audit   '@aws-sdk/credential-provider-node': [ '3.709.0' ],
214 silly audit   '@aws-sdk/credential-provider-process': [ '3.709.0' ],
214 silly audit   '@aws-sdk/credential-provider-sso': [ '3.709.0' ],
214 silly audit   '@aws-sdk/credential-provider-web-identity': [ '3.709.0' ],
214 silly audit   '@aws-sdk/credential-providers': [ '3.709.0' ],
214 silly audit   '@aws-sdk/middleware-host-header': [ '3.709.0' ],
214 silly audit   '@aws-sdk/middleware-logger': [ '3.709.0' ],
214 silly audit   '@aws-sdk/middleware-recursion-detection': [ '3.709.0' ],
214 silly audit   '@aws-sdk/middleware-user-agent': [ '3.709.0' ],
214 silly audit   '@aws-sdk/region-config-resolver': [ '3.709.0' ],
214 silly audit   '@aws-sdk/token-providers': [ '3.709.0' ],
214 silly audit   '@aws-sdk/types': [ '3.709.0' ],
214 silly audit   '@aws-sdk/util-endpoints': [ '3.709.0' ],
214 silly audit   '@aws-sdk/util-locate-window': [ '3.693.0' ],
214 silly audit   '@aws-sdk/util-user-agent-browser': [ '3.709.0' ],
214 silly audit   '@aws-sdk/util-user-agent-node': [ '3.709.0' ],
214 silly audit   '@mongodb-js/saslprep': [ '1.1.9' ],
214 silly audit   '@smithy/abort-controller': [ '3.1.9' ],
214 silly audit   '@smithy/config-resolver': [ '3.0.13' ],
214 silly audit   '@smithy/core': [ '2.5.5' ],
214 silly audit   '@smithy/credential-provider-imds': [ '3.2.8' ],
214 silly audit   '@smithy/fetch-http-handler': [ '4.1.2' ],
214 silly audit   '@smithy/hash-node': [ '3.0.11' ],
214 silly audit   '@smithy/invalid-dependency': [ '3.0.11' ],
214 silly audit   '@smithy/middleware-content-length': [ '3.0.13' ],
214 silly audit   '@smithy/middleware-endpoint': [ '3.2.5' ],
214 silly audit   '@smithy/middleware-retry': [ '3.0.30' ],
214 silly audit   '@smithy/middleware-serde': [ '3.0.11' ],
214 silly audit   '@smithy/middleware-stack': [ '3.0.11' ],
214 silly audit   '@smithy/node-config-provider': [ '3.1.12' ],
214 silly audit   '@smithy/node-http-handler': [ '3.3.2' ],
214 silly audit   '@smithy/property-provider': [ '3.1.11' ],
214 silly audit   '@smithy/protocol-http': [ '4.1.8' ],
214 silly audit   '@smithy/querystring-builder': [ '3.0.11' ],
214 silly audit   '@smithy/querystring-parser': [ '3.0.11' ],
214 silly audit   '@smithy/service-error-classification': [ '3.0.11' ],
214 silly audit   '@smithy/shared-ini-file-loader': [ '3.1.12' ],
214 silly audit   '@smithy/signature-v4': [ '4.2.4' ],
214 silly audit   '@smithy/smithy-client': [ '3.5.0' ],
214 silly audit   '@smithy/types': [ '3.7.2' ],
214 silly audit   '@smithy/url-parser': [ '3.0.11' ],
214 silly audit   '@smithy/util-base64': [ '3.0.0' ],
214 silly audit   '@smithy/util-body-length-browser': [ '3.0.0' ],
214 silly audit   '@smithy/util-body-length-node': [ '3.0.0' ],
214 silly audit   '@smithy/util-config-provider': [ '3.0.0' ],
214 silly audit   '@smithy/util-defaults-mode-browser': [ '3.0.30' ],
214 silly audit   '@smithy/util-defaults-mode-node': [ '3.0.30' ],
214 silly audit   '@smithy/util-endpoints': [ '2.1.7' ],
214 silly audit   '@smithy/util-hex-encoding': [ '3.0.0' ],
214 silly audit   '@smithy/util-middleware': [ '3.0.11' ],
214 silly audit   '@smithy/util-retry': [ '3.0.11' ],
214 silly audit   '@smithy/util-stream': [ '3.3.2' ],
214 silly audit   '@smithy/util-uri-escape': [ '3.0.0' ],
214 silly audit   '@types/node': [ '22.10.1' ],
214 silly audit   '@types/webidl-conversions': [ '7.0.3' ],
214 silly audit   accepts: [ '1.3.8' ],
214 silly audit   anymatch: [ '3.1.3' ],
214 silly audit   'array-flatten': [ '1.1.1' ],
214 silly audit   'balanced-match': [ '1.0.2' ],
214 silly audit   'base64-js': [ '1.5.1' ],
214 silly audit   base64url: [ '3.0.1' ],
214 silly audit   'basic-auth': [ '2.0.1' ],
214 silly audit   'safe-buffer': [ '5.1.2', '5.2.1' ],
214 silly audit   bcryptjs: [ '2.4.3' ],
214 silly audit   'binary-extensions': [ '2.3.0' ],
214 silly audit   'body-parser': [ '1.20.3' ],
214 silly audit   'http-errors': [ '2.0.0', '1.6.3' ],
214 silly audit   'on-finished': [ '2.4.1', '2.3.0' ],
214 silly audit   setprototypeof: [ '1.2.0', '1.1.0' ],
214 silly audit   statuses: [ '2.0.1', '1.4.0' ],
214 silly audit   bowser: [ '2.11.0' ],
214 silly audit   'brace-expansion': [ '1.1.11', '2.0.1' ],
214 silly audit   braces: [ '3.0.3' ],
214 silly audit   buffer: [ '5.7.1' ],
214 silly audit   bytes: [ '3.1.2' ],
214 silly audit   'call-bind': [ '1.0.8' ],
214 silly audit   'call-bind-apply-helpers': [ '1.0.1' ],
214 silly audit   chokidar: [ '3.6.0' ],
214 silly audit   'concat-map': [ '0.0.1' ],
214 silly audit   'connect-flash': [ '0.1.1' ],
214 silly audit   'content-disposition': [ '0.5.4' ],
214 silly audit   'content-type': [ '1.0.5' ],
214 silly audit   cookie: [ '0.7.2', '0.7.1' ],
214 silly audit   'cookie-parser': [ '1.4.7' ],
214 silly audit   'cookie-session': [ '2.1.0' ],
214 silly audit   debug: [ '3.2.7', '2.6.9', '4.4.0' ],
214 silly audit   'cookie-signature': [ '1.0.6' ],
214 silly audit   cookies: [ '0.9.1' ],
214 silly audit   ms: [ '2.0.0', '2.1.3' ],
214 silly audit   'define-data-property': [ '1.1.4' ],
214 silly audit   depd: [ '2.0.0', '1.1.2' ],
214 silly audit   destroy: [ '1.2.0' ],
214 silly audit   dotenv: [ '10.0.0' ],
214 silly audit   'dunder-proto': [ '1.0.0' ],
214 silly audit   'ee-first': [ '1.1.1' ],
214 silly audit   encodeurl: [ '2.0.0', '1.0.2' ],
214 silly audit   'es-define-property': [ '1.0.1' ],
214 silly audit   'es-errors': [ '1.3.0' ],
214 silly audit   'escape-html': [ '1.0.3' ],
214 silly audit   etag: [ '1.8.1' ],
214 silly audit   express: [ '4.21.2' ],
214 silly audit   'fast-xml-parser': [ '4.4.1' ],
214 silly audit   'fill-range': [ '7.1.1' ],
214 silly audit   finalhandler: [ '1.3.1' ],
214 silly audit   forwarded: [ '0.2.0' ],
214 silly audit   fresh: [ '0.5.2' ],
214 silly audit   fsevents: [ '2.3.3' ],
214 silly audit   'function-bind': [ '1.1.2' ],
214 silly audit   'get-intrinsic': [ '1.2.5' ],
214 silly audit   'glob-parent': [ '5.1.2' ],
214 silly audit   gopd: [ '1.2.0' ],
214 silly audit   'graceful-fs': [ '4.2.11' ],
214 silly audit   handlebars: [ '4.7.8' ],
214 silly audit   'has-flag': [ '3.0.0' ],
214 silly audit   'has-property-descriptors': [ '1.0.2' ],
214 silly audit   'has-symbols': [ '1.1.0' ],
214 silly audit   hasown: [ '2.0.2' ],
214 silly audit   inherits: [ '2.0.3', '2.0.4' ],
214 silly audit   'iconv-lite': [ '0.4.24' ],
214 silly audit   ieee754: [ '1.2.1' ],
214 silly audit   'ignore-by-default': [ '1.0.1' ],
214 silly audit   'ip-address': [ '9.0.5' ],
214 silly audit   'ipaddr.js': [ '1.9.1' ],
214 silly audit   'is-binary-path': [ '2.1.0' ],
214 silly audit   'is-extglob': [ '2.1.1' ],
214 silly audit   'is-glob': [ '4.0.3' ],
214 silly audit   'is-number': [ '7.0.0' ],
214 silly audit   jsbn: [ '1.1.0' ],
214 silly audit   kareem: [ '2.5.1' ],
214 silly audit   keygrip: [ '1.1.0' ],
214 silly audit   'media-typer': [ '0.3.0' ],
214 silly audit   'memory-pager': [ '1.5.0' ],
214 silly audit   'merge-descriptors': [ '1.0.3' ],
214 silly audit   methods: [ '1.1.2' ],
214 silly audit   mime: [ '1.6.0' ],
214 silly audit   'mime-db': [ '1.52.0' ],
214 silly audit   'mime-types': [ '2.1.35' ],
214 silly audit   minimatch: [ '3.1.2', '10.0.1' ],
214 silly audit   minimist: [ '1.2.8' ],
214 silly audit   mongoose: [ '6.13.5' ],
214 silly audit   '@types/whatwg-url': [ '8.2.2' ],
214 silly audit   bson: [ '4.7.2' ],
214 silly audit   mongodb: [ '4.17.2' ],
214 silly audit   'mongodb-connection-string-url': [ '2.6.0' ],
214 silly audit   tr46: [ '3.0.0' ],
214 silly audit   'whatwg-url': [ '11.0.0' ],
214 silly audit   morgan: [ '1.9.1' ],
214 silly audit   mpath: [ '0.9.0' ],
214 silly audit   mquery: [ '4.0.3' ],
214 silly audit   negotiator: [ '0.6.3' ],
214 silly audit   'neo-async': [ '2.6.2' ],
214 silly audit   nodemon: [ '2.0.22' ],
214 silly audit   'normalize-path': [ '3.0.0' ],
214 silly audit   oauth: [ '0.10.0' ],
214 silly audit   'object-inspect': [ '1.13.3' ],
214 silly audit   'on-headers': [ '1.0.2' ],
214 silly audit   parseurl: [ '1.3.3' ],
214 silly audit   passport: [ '0.7.0' ],
214 silly audit   'passport-github2': [ '0.1.12' ],
214 silly audit   'passport-local': [ '1.0.0' ],
214 silly audit   'passport-oauth2': [ '1.8.0' ],
214 silly audit   'passport-strategy': [ '1.0.0' ],
214 silly audit   'path-to-regexp': [ '0.1.12' ],
214 silly audit   pause: [ '0.0.1' ],
214 silly audit   picomatch: [ '2.3.1' ],
214 silly audit   'proxy-addr': [ '2.0.7' ],
214 silly audit   'pstree.remy': [ '1.1.8' ],
214 silly audit   punycode: [ '2.3.1' ],
214 silly audit   qs: [ '6.13.0' ],
214 silly audit   'range-parser': [ '1.2.1' ],
214 silly audit   'raw-body': [ '2.5.2' ],
214 silly audit   readdirp: [ '3.6.0' ],
214 silly audit   'safer-buffer': [ '2.1.2' ],
214 silly audit   semver: [ '5.7.2', '7.0.0' ],
214 silly audit   send: [ '0.19.0' ],
214 silly audit   'serve-static': [ '1.16.2' ],
214 silly audit   'set-function-length': [ '1.2.2' ],
214 silly audit   'side-channel': [ '1.0.6' ],
214 silly audit   sift: [ '16.0.1' ],
214 silly audit   'simple-update-notifier': [ '1.1.0' ],
214 silly audit   'smart-buffer': [ '4.2.0' ],
214 silly audit   socks: [ '2.8.3' ],
214 silly audit   'source-map': [ '0.6.1' ],
214 silly audit   'sparse-bitfield': [ '3.0.3' ],
214 silly audit   'sprintf-js': [ '1.1.3' ],
214 silly audit   strnum: [ '1.0.5' ],
214 silly audit   'supports-color': [ '5.5.0' ],
214 silly audit   'to-regex-range': [ '5.0.1' ],
214 silly audit   toidentifier: [ '1.0.1' ],
214 silly audit   touch: [ '3.1.1' ],
214 silly audit   tslib: [ '2.8.1' ],
214 silly audit   tsscmp: [ '1.0.6' ],
214 silly audit   'type-is': [ '1.6.18' ],
214 silly audit   'uglify-js': [ '3.19.3' ],
214 silly audit   uid2: [ '0.0.4' ],
214 silly audit   undefsafe: [ '2.0.5' ],
214 silly audit   'undici-types': [ '6.20.0' ],
214 silly audit   unpipe: [ '1.0.0' ],
214 silly audit   'utils-merge': [ '1.0.1' ],
214 silly audit   uuid: [ '9.0.1' ],
214 silly audit   vary: [ '1.1.2' ],
214 silly audit   'webidl-conversions': [ '7.0.0' ],
214 silly audit   wordwrap: [ '1.0.0' ],
214 silly audit   'express-handlebars': [ '8.0.1' ],
214 silly audit   glob: [ '11.0.0' ],
214 silly audit   'foreground-child': [ '3.3.0' ],
214 silly audit   jackspeak: [ '4.0.2' ],
214 silly audit   minipass: [ '7.1.2' ],
214 silly audit   'package-json-from-dist': [ '1.0.1' ],
214 silly audit   'path-scurry': [ '2.0.0' ],
214 silly audit   'cross-spawn': [ '7.0.6' ],
214 silly audit   'signal-exit': [ '4.1.0' ],
214 silly audit   'path-key': [ '3.1.1' ],
214 silly audit   'shebang-command': [ '2.0.0' ],
214 silly audit   which: [ '2.0.2' ],
214 silly audit   '@isaacs/cliui': [ '8.0.2' ],
214 silly audit   'string-width': [ '5.1.2', '4.2.3' ],
214 silly audit   'strip-ansi': [ '7.1.0', '6.0.1' ],
214 silly audit   'wrap-ansi': [ '8.1.0', '7.0.0' ],
214 silly audit   'lru-cache': [ '11.0.2' ],
214 silly audit   'shebang-regex': [ '3.0.0' ],
214 silly audit   eastasianwidth: [ '0.2.0' ],
214 silly audit   'emoji-regex': [ '9.2.2', '8.0.0' ],
214 silly audit   'is-fullwidth-code-point': [ '3.0.0' ],
214 silly audit   'ansi-regex': [ '6.1.0', '5.0.1' ],
214 silly audit   isexe: [ '2.0.0' ],
214 silly audit   'ansi-styles': [ '6.2.1', '4.3.0' ],
214 silly audit   'color-convert': [ '2.0.1' ],
214 silly audit   'color-name': [ '1.1.4' ]
214 silly audit }
215 verbose reify failed optional dependency C:\dogDaycare\node_modules\fsevents
216 silly reify mark deleted [ 'C:\\dogDaycare\\node_modules\\fsevents' ]
217 http cache color-name@https://registry.npmjs.org/color-name/-/color-name-1.1.4.tgz 0ms (cache hit)
218 http cache ansi-styles@https://registry.npmjs.org/ansi-styles/-/ansi-styles-6.2.1.tgz 0ms (cache hit)
219 http cache color-convert@https://registry.npmjs.org/color-convert/-/color-convert-2.0.1.tgz 0ms (cache hit)
220 http cache ansi-regex@https://registry.npmjs.org/ansi-regex/-/ansi-regex-6.1.0.tgz 0ms (cache hit)
221 http cache isexe@https://registry.npmjs.org/isexe/-/isexe-2.0.0.tgz 0ms (cache hit)
222 http cache emoji-regex@https://registry.npmjs.org/emoji-regex/-/emoji-regex-9.2.2.tgz 0ms (cache hit)
223 http cache is-fullwidth-code-point@https://registry.npmjs.org/is-fullwidth-code-point/-/is-fullwidth-code-point-3.0.0.tgz 0ms (cache hit)
224 http cache eastasianwidth@https://registry.npmjs.org/eastasianwidth/-/eastasianwidth-0.2.0.tgz 0ms (cache hit)
225 http cache shebang-regex@https://registry.npmjs.org/shebang-regex/-/shebang-regex-3.0.0.tgz 0ms (cache hit)
226 http cache wrap-ansi@https://registry.npmjs.org/wrap-ansi/-/wrap-ansi-8.1.0.tgz 1ms (cache hit)
227 http cache lru-cache@https://registry.npmjs.org/lru-cache/-/lru-cache-11.0.2.tgz 0ms (cache hit)
228 http cache strip-ansi-cjs@https://registry.npmjs.org/strip-ansi/-/strip-ansi-6.0.1.tgz 0ms (cache hit)
229 http cache wrap-ansi-cjs@https://registry.npmjs.org/wrap-ansi/-/wrap-ansi-7.0.0.tgz 0ms (cache hit)
230 http cache strip-ansi@https://registry.npmjs.org/strip-ansi/-/strip-ansi-7.1.0.tgz 0ms (cache hit)
231 http cache @isaacs/cliui@https://registry.npmjs.org/@isaacs/cliui/-/cliui-8.0.2.tgz 0ms (cache hit)
232 http cache which@https://registry.npmjs.org/which/-/which-2.0.2.tgz 0ms (cache hit)
233 http cache string-width-cjs@https://registry.npmjs.org/string-width/-/string-width-4.2.3.tgz 0ms (cache hit)
234 http cache shebang-command@https://registry.npmjs.org/shebang-command/-/shebang-command-2.0.0.tgz 0ms (cache hit)
235 http cache string-width@https://registry.npmjs.org/string-width/-/string-width-5.1.2.tgz 0ms (cache hit)
236 http cache path-key@https://registry.npmjs.org/path-key/-/path-key-3.1.1.tgz 0ms (cache hit)
237 http cache cross-spawn@https://registry.npmjs.org/cross-spawn/-/cross-spawn-7.0.6.tgz 0ms (cache hit)
238 http cache signal-exit@https://registry.npmjs.org/signal-exit/-/signal-exit-4.1.0.tgz 0ms (cache hit)
239 http cache package-json-from-dist@https://registry.npmjs.org/package-json-from-dist/-/package-json-from-dist-1.0.1.tgz 0ms (cache hit)
240 http cache path-scurry@https://registry.npmjs.org/path-scurry/-/path-scurry-2.0.0.tgz 0ms (cache hit)
241 http cache strip-ansi@https://registry.npmjs.org/strip-ansi/-/strip-ansi-6.0.1.tgz 0ms (cache hit)
242 http cache minipass@https://registry.npmjs.org/minipass/-/minipass-7.1.2.tgz 0ms (cache hit)
243 http cache jackspeak@https://registry.npmjs.org/jackspeak/-/jackspeak-4.0.2.tgz 0ms (cache hit)
244 http cache foreground-child@https://registry.npmjs.org/foreground-child/-/foreground-child-3.3.0.tgz 0ms (cache hit)
245 http cache ansi-regex@https://registry.npmjs.org/ansi-regex/-/ansi-regex-5.0.1.tgz 0ms (cache hit)
246 http cache string-width@https://registry.npmjs.org/string-width/-/string-width-4.2.3.tgz 0ms (cache hit)
247 http cache ansi-regex@https://registry.npmjs.org/ansi-regex/-/ansi-regex-5.0.1.tgz 0ms (cache hit)
248 http cache emoji-regex@https://registry.npmjs.org/emoji-regex/-/emoji-regex-8.0.0.tgz 0ms (cache hit)
249 http cache glob@https://registry.npmjs.org/glob/-/glob-11.0.0.tgz 0ms (cache hit)
250 http cache brace-expansion@https://registry.npmjs.org/brace-expansion/-/brace-expansion-2.0.1.tgz 0ms (cache hit)
251 http cache express-handlebars@https://registry.npmjs.org/express-handlebars/-/express-handlebars-8.0.1.tgz 0ms (cache hit)
252 http cache ansi-styles@https://registry.npmjs.org/ansi-styles/-/ansi-styles-4.3.0.tgz 0ms (cache hit)
253 http cache strip-ansi@https://registry.npmjs.org/strip-ansi/-/strip-ansi-6.0.1.tgz 0ms (cache hit)
254 http cache minimatch@https://registry.npmjs.org/minimatch/-/minimatch-10.0.1.tgz 0ms (cache hit)
255 http cache emoji-regex@https://registry.npmjs.org/emoji-regex/-/emoji-regex-8.0.0.tgz 0ms (cache hit)
256 http cache ansi-regex@https://registry.npmjs.org/ansi-regex/-/ansi-regex-5.0.1.tgz 0ms (cache hit)
257 http fetch POST 200 https://registry.npmjs.org/-/npm/v1/security/advisories/bulk 118ms
258 silly audit report {
258 silly audit report   semver: [
258 silly audit report     {
258 silly audit report       id: 1101088,
258 silly audit report       url: 'https://github.com/advisories/GHSA-c2qf-rxjj-qqgw',
258 silly audit report       title: 'semver vulnerable to Regular Expression Denial of Service',
258 silly audit report       severity: 'high',
258 silly audit report       vulnerable_versions: '>=7.0.0 <7.5.2',
258 silly audit report       cwe: [Array],
258 silly audit report       cvss: [Object]
258 silly audit report     }
258 silly audit report   ]
258 silly audit report }
259 silly packumentCache corgi:https://registry.npmjs.org/semver cache-miss
260 http cache https://registry.npmjs.org/semver 80ms (cache hit)
261 silly packumentCache corgi:https://registry.npmjs.org/semver set size:92294 disposed:false
262 silly packumentCache corgi:https://registry.npmjs.org/simple-update-notifier cache-miss
263 http cache https://registry.npmjs.org/simple-update-notifier 37ms (cache hit)
264 silly packumentCache corgi:https://registry.npmjs.org/simple-update-notifier set size:21489 disposed:false
265 silly packumentCache corgi:https://registry.npmjs.org/nodemon cache-miss
266 http cache https://registry.npmjs.org/nodemon 22ms (cache hit)
267 silly packumentCache corgi:https://registry.npmjs.org/nodemon set size:274018 disposed:false
268 silly ADD node_modules/color-name
269 silly ADD node_modules/color-convert
270 silly ADD node_modules/ansi-styles
271 silly ADD node_modules/isexe
272 silly ADD node_modules/ansi-regex
273 silly ADD node_modules/is-fullwidth-code-point
274 silly ADD node_modules/emoji-regex
275 silly ADD node_modules/eastasianwidth
276 silly ADD node_modules/shebang-regex
277 silly ADD node_modules/lru-cache
278 silly ADD node_modules/wrap-ansi-cjs
279 silly ADD node_modules/wrap-ansi-cjs/node_modules/ansi-regex
280 silly ADD node_modules/wrap-ansi-cjs/node_modules/emoji-regex
281 silly ADD node_modules/wrap-ansi-cjs/node_modules/strip-ansi
282 silly ADD node_modules/wrap-ansi-cjs/node_modules/string-width
283 silly ADD node_modules/wrap-ansi-cjs/node_modules/ansi-styles
284 silly ADD node_modules/wrap-ansi
285 silly ADD node_modules/strip-ansi-cjs
286 silly ADD node_modules/strip-ansi-cjs/node_modules/ansi-regex
287 silly ADD node_modules/strip-ansi
288 silly ADD node_modules/string-width-cjs
289 silly ADD node_modules/string-width-cjs/node_modules/ansi-regex
290 silly ADD node_modules/string-width-cjs/node_modules/strip-ansi
291 silly ADD node_modules/string-width-cjs/node_modules/emoji-regex
292 silly ADD node_modules/string-width
293 silly ADD node_modules/@isaacs/cliui
294 silly ADD node_modules/which
295 silly ADD node_modules/shebang-command
296 silly ADD node_modules/path-key
297 silly ADD node_modules/signal-exit
298 silly ADD node_modules/cross-spawn
299 silly ADD node_modules/path-scurry
300 silly ADD node_modules/package-json-from-dist
301 silly ADD node_modules/minipass
302 silly ADD node_modules/jackspeak
303 silly ADD node_modules/foreground-child
304 silly ADD
305 silly REMOVE node_modules/wrappy
306 silly REMOVE node_modules/path-is-absolute
307 silly REMOVE node_modules/once
308 silly REMOVE node_modules/inflight
309 silly CHANGE node_modules/glob
310 silly ADD node_modules/glob/node_modules/brace-expansion
311 silly ADD node_modules/glob/node_modules/minimatch
312 silly REMOVE node_modules/fs.realpath
313 silly CHANGE node_modules/express-handlebars
314 verbose cwd C:\dogDaycare
315 verbose os Windows_NT 10.0.22631
316 verbose node v20.17.0
317 verbose npm  v10.9.2
318 verbose exit 0
319 info ok
