0 verbose cli C:\Program Files\nodejs\node.exe C:\Users\prin_\AppData\Roaming\npm\node_modules\npm\bin\npm-cli.js
1 info using npm@10.9.2
2 info using node@v20.17.0
3 silly config load:file:C:\Users\prin_\AppData\Roaming\npm\node_modules\npm\npmrc
4 silly config load:file:C:\dogDaycare\.npmrc
5 silly config load:file:C:\Users\prin_\.npmrc
6 silly config load:file:C:\Users\prin_\AppData\Roaming\npm\etc\npmrc
7 verbose title npm install express-session memorystore
8 verbose argv "install" "express-session" "memorystore"
9 verbose logfile logs-max:10 dir:C:\dogDaycare\Usersprin_npm-cache\_logs\2024-12-11T05_36_03_751Z-
10 verbose logfile C:\dogDaycare\Usersprin_npm-cache\_logs\2024-12-11T05_36_03_751Z-debug-0.log
11 silly logfile start cleaning logs, removing 1 files
12 silly packumentCache heap:4345298944 maxSize:1086324736 maxEntrySize:543162368
13 silly logfile done cleaning log files
14 silly idealTree buildDeps
15 silly fetch manifest express-session@^1.18.1
16 silly packumentCache full:https://registry.npmjs.org/express-session cache-miss
17 http fetch GET 200 https://registry.npmjs.org/express-session 258ms (cache revalidated)
18 silly packumentCache full:https://registry.npmjs.org/express-session set size:192649 disposed:false
19 silly fetch manifest memorystore@*
20 silly packumentCache full:https://registry.npmjs.org/memorystore cache-miss
21 http fetch GET 200 https://registry.npmjs.org/memorystore 73ms (cache miss)
22 silly packumentCache full:https://registry.npmjs.org/memorystore set size:undefined disposed:false
23 silly placeDep ROOT express-session@1.18.1 REPLACE for: dogdaycare@0.0.0 want: ^1.18.1
24 silly placeDep ROOT memorystore@1.6.7 OK for: dogdaycare@0.0.0 want: *
25 silly fetch manifest debug@^4.3.0
26 silly packumentCache full:https://registry.npmjs.org/debug cache-miss
27 silly fetch manifest lru-cache@^4.0.3
28 silly packumentCache full:https://registry.npmjs.org/lru-cache cache-miss
29 http fetch GET 200 https://registry.npmjs.org/debug 57ms (cache revalidated)
30 silly packumentCache full:https://registry.npmjs.org/debug set size:191347 disposed:false
31 http fetch GET 200 https://registry.npmjs.org/lru-cache 97ms (cache revalidated)
32 silly packumentCache full:https://registry.npmjs.org/lru-cache set size:387720 disposed:false
33 silly placeDep node_modules/memorystore debug@4.4.0 OK for: memorystore@1.6.7 want: ^4.3.0
34 silly placeDep node_modules/memorystore lru-cache@4.1.5 OK for: memorystore@1.6.7 want: ^4.0.3
35 silly fetch manifest yallist@^2.1.2
36 silly packumentCache full:https://registry.npmjs.org/yallist cache-miss
37 silly fetch manifest pseudomap@^1.0.2
38 silly packumentCache full:https://registry.npmjs.org/pseudomap cache-miss
39 http fetch GET 200 https://registry.npmjs.org/yallist 44ms (cache revalidated)
40 silly packumentCache full:https://registry.npmjs.org/yallist set size:34610 disposed:false
41 http fetch GET 200 https://registry.npmjs.org/pseudomap 51ms (cache miss)
42 silly packumentCache full:https://registry.npmjs.org/pseudomap set size:undefined disposed:false
43 silly placeDep ROOT pseudomap@1.0.2 OK for: lru-cache@4.1.5 want: ^1.0.2
44 silly placeDep node_modules/memorystore yallist@2.1.2 OK for: lru-cache@4.1.5 want: ^2.1.2
45 silly reify moves {}
46 silly audit bulk request {
46 silly audit   '@aws-crypto/sha256-browser': [ '5.2.0' ],
46 silly audit   '@smithy/is-array-buffer': [ '2.2.0', '3.0.0' ],
46 silly audit   '@smithy/util-buffer-from': [ '2.2.0', '3.0.0' ],
46 silly audit   '@smithy/util-utf8': [ '2.3.0', '3.0.0' ],
46 silly audit   '@aws-crypto/sha256-js': [ '5.2.0' ],
46 silly audit   '@aws-crypto/supports-web-crypto': [ '5.2.0' ],
46 silly audit   '@aws-crypto/util': [ '5.2.0' ],
46 silly audit   '@aws-sdk/client-cognito-identity': [ '3.709.0' ],
46 silly audit   '@aws-sdk/client-sso': [ '3.709.0' ],
46 silly audit   '@aws-sdk/client-sso-oidc': [ '3.709.0' ],
46 silly audit   '@aws-sdk/client-sts': [ '3.709.0' ],
46 silly audit   '@aws-sdk/core': [ '3.709.0' ],
46 silly audit   '@aws-sdk/credential-provider-cognito-identity': [ '3.709.0' ],
46 silly audit   '@aws-sdk/credential-provider-env': [ '3.709.0' ],
46 silly audit   '@aws-sdk/credential-provider-http': [ '3.709.0' ],
46 silly audit   '@aws-sdk/credential-provider-ini': [ '3.709.0' ],
46 silly audit   '@aws-sdk/credential-provider-node': [ '3.709.0' ],
46 silly audit   '@aws-sdk/credential-provider-process': [ '3.709.0' ],
46 silly audit   '@aws-sdk/credential-provider-sso': [ '3.709.0' ],
46 silly audit   '@aws-sdk/credential-provider-web-identity': [ '3.709.0' ],
46 silly audit   '@aws-sdk/credential-providers': [ '3.709.0' ],
46 silly audit   '@aws-sdk/middleware-host-header': [ '3.709.0' ],
46 silly audit   '@aws-sdk/middleware-logger': [ '3.709.0' ],
46 silly audit   '@aws-sdk/middleware-recursion-detection': [ '3.709.0' ],
46 silly audit   '@aws-sdk/middleware-user-agent': [ '3.709.0' ],
46 silly audit   '@aws-sdk/region-config-resolver': [ '3.709.0' ],
46 silly audit   '@aws-sdk/token-providers': [ '3.709.0' ],
46 silly audit   '@aws-sdk/types': [ '3.709.0' ],
46 silly audit   '@aws-sdk/util-endpoints': [ '3.709.0' ],
46 silly audit   '@aws-sdk/util-locate-window': [ '3.693.0' ],
46 silly audit   '@aws-sdk/util-user-agent-browser': [ '3.709.0' ],
46 silly audit   '@aws-sdk/util-user-agent-node': [ '3.709.0' ],
46 silly audit   '@ioredis/commands': [ '1.2.0' ],
46 silly audit   '@isaacs/cliui': [ '8.0.2' ],
46 silly audit   '@mongodb-js/saslprep': [ '1.1.9' ],
46 silly audit   '@redis/bloom': [ '1.2.0' ],
46 silly audit   '@redis/client': [ '1.6.0' ],
46 silly audit   '@redis/graph': [ '1.1.1' ],
46 silly audit   '@redis/json': [ '1.0.7' ],
46 silly audit   '@redis/search': [ '1.2.0' ],
46 silly audit   '@redis/time-series': [ '1.1.0' ],
46 silly audit   '@smithy/abort-controller': [ '3.1.9' ],
46 silly audit   '@smithy/config-resolver': [ '3.0.13' ],
46 silly audit   '@smithy/core': [ '2.5.5' ],
46 silly audit   '@smithy/credential-provider-imds': [ '3.2.8' ],
46 silly audit   '@smithy/fetch-http-handler': [ '4.1.2' ],
46 silly audit   '@smithy/hash-node': [ '3.0.11' ],
46 silly audit   '@smithy/invalid-dependency': [ '3.0.11' ],
46 silly audit   '@smithy/middleware-content-length': [ '3.0.13' ],
46 silly audit   '@smithy/middleware-endpoint': [ '3.2.5' ],
46 silly audit   '@smithy/middleware-retry': [ '3.0.30' ],
46 silly audit   '@smithy/middleware-serde': [ '3.0.11' ],
46 silly audit   '@smithy/middleware-stack': [ '3.0.11' ],
46 silly audit   '@smithy/node-config-provider': [ '3.1.12' ],
46 silly audit   '@smithy/node-http-handler': [ '3.3.2' ],
46 silly audit   '@smithy/property-provider': [ '3.1.11' ],
46 silly audit   '@smithy/protocol-http': [ '4.1.8' ],
46 silly audit   '@smithy/querystring-builder': [ '3.0.11' ],
46 silly audit   '@smithy/querystring-parser': [ '3.0.11' ],
46 silly audit   '@smithy/service-error-classification': [ '3.0.11' ],
46 silly audit   '@smithy/shared-ini-file-loader': [ '3.1.12' ],
46 silly audit   '@smithy/signature-v4': [ '4.2.4' ],
46 silly audit   '@smithy/smithy-client': [ '3.5.0' ],
46 silly audit   '@smithy/types': [ '3.7.2' ],
46 silly audit   '@smithy/url-parser': [ '3.0.11' ],
46 silly audit   '@smithy/util-base64': [ '3.0.0' ],
46 silly audit   '@smithy/util-body-length-browser': [ '3.0.0' ],
46 silly audit   '@smithy/util-body-length-node': [ '3.0.0' ],
46 silly audit   '@smithy/util-config-provider': [ '3.0.0' ],
46 silly audit   '@smithy/util-defaults-mode-browser': [ '3.0.30' ],
46 silly audit   '@smithy/util-defaults-mode-node': [ '3.0.30' ],
46 silly audit   '@smithy/util-endpoints': [ '2.1.7' ],
46 silly audit   '@smithy/util-hex-encoding': [ '3.0.0' ],
46 silly audit   '@smithy/util-middleware': [ '3.0.11' ],
46 silly audit   '@smithy/util-retry': [ '3.0.11' ],
46 silly audit   '@smithy/util-stream': [ '3.3.2' ],
46 silly audit   '@smithy/util-uri-escape': [ '3.0.0' ],
46 silly audit   '@types/node': [ '22.10.1' ],
46 silly audit   '@types/webidl-conversions': [ '7.0.3' ],
46 silly audit   accepts: [ '1.3.8' ],
46 silly audit   'ansi-regex': [ '6.1.0', '5.0.1' ],
46 silly audit   'ansi-styles': [ '6.2.1', '4.3.0' ],
46 silly audit   anymatch: [ '3.1.3' ],
46 silly audit   'array-flatten': [ '1.1.1' ],
46 silly audit   'balanced-match': [ '1.0.2' ],
46 silly audit   'base64-js': [ '1.5.1' ],
46 silly audit   base64url: [ '3.0.1' ],
46 silly audit   'basic-auth': [ '2.0.1' ],
46 silly audit   'safe-buffer': [ '5.1.2', '5.2.1' ],
46 silly audit   bcryptjs: [ '2.4.3' ],
46 silly audit   'binary-extensions': [ '2.3.0' ],
46 silly audit   'body-parser': [ '1.20.3' ],
46 silly audit   'http-errors': [ '2.0.0', '1.6.3' ],
46 silly audit   'on-finished': [ '2.4.1', '2.3.0' ],
46 silly audit   setprototypeof: [ '1.2.0', '1.1.0' ],
46 silly audit   statuses: [ '2.0.1', '1.4.0' ],
46 silly audit   bowser: [ '2.11.0' ],
46 silly audit   'brace-expansion': [ '1.1.11', '2.0.1' ],
46 silly audit   braces: [ '3.0.3' ],
46 silly audit   buffer: [ '5.7.1' ],
46 silly audit   bytes: [ '3.1.2' ],
46 silly audit   'call-bind': [ '1.0.8' ],
46 silly audit   'call-bind-apply-helpers': [ '1.0.1' ],
46 silly audit   chokidar: [ '3.6.0' ],
46 silly audit   'cluster-key-slot': [ '1.1.2' ],
46 silly audit   'color-convert': [ '2.0.1' ],
46 silly audit   'color-name': [ '1.1.4' ],
46 silly audit   'concat-map': [ '0.0.1' ],
46 silly audit   'connect-flash': [ '0.1.1' ],
46 silly audit   'connect-redis': [ '8.0.1' ],
46 silly audit   'content-disposition': [ '0.5.4' ],
46 silly audit   'content-type': [ '1.0.5' ],
46 silly audit   cookie: [ '0.7.2', '0.7.1' ],
46 silly audit   'cookie-parser': [ '1.4.7' ],
46 silly audit   'cookie-session': [ '2.1.0' ],
46 silly audit   debug: [ '3.2.7', '2.6.9', '4.4.0' ],
46 silly audit   'cookie-signature': [ '1.0.6', '1.0.7' ],
46 silly audit   cookies: [ '0.9.1' ],
46 silly audit   'cross-spawn': [ '7.0.6' ],
46 silly audit   ms: [ '2.0.0', '2.1.3' ],
46 silly audit   'define-data-property': [ '1.1.4' ],
46 silly audit   denque: [ '2.1.0' ],
46 silly audit   depd: [ '2.0.0', '1.1.2' ],
46 silly audit   destroy: [ '1.2.0' ],
46 silly audit   dotenv: [ '10.0.0' ],
46 silly audit   'dunder-proto': [ '1.0.0' ],
46 silly audit   eastasianwidth: [ '0.2.0' ],
46 silly audit   'ee-first': [ '1.1.1' ],
46 silly audit   'emoji-regex': [ '9.2.2', '8.0.0' ],
46 silly audit   encodeurl: [ '2.0.0', '1.0.2' ],
46 silly audit   'es-define-property': [ '1.0.1' ],
46 silly audit   'es-errors': [ '1.3.0' ],
46 silly audit   'escape-html': [ '1.0.3' ],
46 silly audit   etag: [ '1.8.1' ],
46 silly audit   express: [ '4.21.2' ],
46 silly audit   'express-handlebars': [ '8.0.1' ],
46 silly audit   'fast-xml-parser': [ '4.4.1' ],
46 silly audit   'fill-range': [ '7.1.1' ],
46 silly audit   finalhandler: [ '1.3.1' ],
46 silly audit   'foreground-child': [ '3.3.0' ],
46 silly audit   forwarded: [ '0.2.0' ],
46 silly audit   fresh: [ '0.5.2' ],
46 silly audit   fsevents: [ '2.3.3' ],
46 silly audit   'function-bind': [ '1.1.2' ],
46 silly audit   'generic-pool': [ '3.9.0' ],
46 silly audit   'get-intrinsic': [ '1.2.5' ],
46 silly audit   glob: [ '11.0.0' ],
46 silly audit   'glob-parent': [ '5.1.2' ],
46 silly audit   minimatch: [ '10.0.1', '3.1.2' ],
46 silly audit   gopd: [ '1.2.0' ],
46 silly audit   'graceful-fs': [ '4.2.11' ],
46 silly audit   handlebars: [ '4.7.8' ],
46 silly audit   'has-flag': [ '3.0.0' ],
46 silly audit   'has-property-descriptors': [ '1.0.2' ],
46 silly audit   'has-symbols': [ '1.1.0' ],
46 silly audit   hasown: [ '2.0.2' ],
46 silly audit   inherits: [ '2.0.3', '2.0.4' ],
46 silly audit   'iconv-lite': [ '0.4.24' ],
46 silly audit   ieee754: [ '1.2.1' ],
46 silly audit   'ignore-by-default': [ '1.0.1' ],
46 silly audit   ioredis: [ '5.4.1' ],
46 silly audit   'ip-address': [ '9.0.5' ],
46 silly audit   'ipaddr.js': [ '1.9.1' ],
46 silly audit   'is-binary-path': [ '2.1.0' ],
46 silly audit   'is-extglob': [ '2.1.1' ],
46 silly audit   'is-fullwidth-code-point': [ '3.0.0' ],
46 silly audit   'is-glob': [ '4.0.3' ],
46 silly audit   'is-number': [ '7.0.0' ],
46 silly audit   isexe: [ '2.0.0' ],
46 silly audit   jackspeak: [ '4.0.2' ],
46 silly audit   jsbn: [ '1.1.0' ],
46 silly audit   kareem: [ '2.5.1' ],
46 silly audit   keygrip: [ '1.1.0' ],
46 silly audit   'lodash.defaults': [ '4.2.0' ],
46 silly audit   'lodash.isarguments': [ '3.1.0' ],
46 silly audit   'lru-cache': [ '11.0.2', '4.1.5' ],
46 silly audit   'media-typer': [ '0.3.0' ],
46 silly audit   'memory-pager': [ '1.5.0' ],
46 silly audit   'merge-descriptors': [ '1.0.3' ],
46 silly audit   methods: [ '1.1.2' ],
46 silly audit   mime: [ '1.6.0' ],
46 silly audit   'mime-db': [ '1.52.0' ],
46 silly audit   'mime-types': [ '2.1.35' ],
46 silly audit   minimist: [ '1.2.8' ],
46 silly audit   minipass: [ '7.1.2' ],
46 silly audit   mongoose: [ '6.13.5' ],
46 silly audit   '@types/whatwg-url': [ '8.2.2' ],
46 silly audit   bson: [ '4.7.2' ],
46 silly audit   mongodb: [ '4.17.2' ],
46 silly audit   'mongodb-connection-string-url': [ '2.6.0' ],
46 silly audit   tr46: [ '3.0.0' ],
46 silly audit   'whatwg-url': [ '11.0.0' ],
46 silly audit   morgan: [ '1.9.1' ],
46 silly audit   mpath: [ '0.9.0' ],
46 silly audit   mquery: [ '4.0.3' ],
46 silly audit   negotiator: [ '0.6.3' ],
46 silly audit   'neo-async': [ '2.6.2' ],
46 silly audit   nodemon: [ '3.1.7' ],
46 silly audit   'normalize-path': [ '3.0.0' ],
46 silly audit   oauth: [ '0.10.0' ],
46 silly audit   'object-inspect': [ '1.13.3' ],
46 silly audit   'on-headers': [ '1.0.2' ],
46 silly audit   'package-json-from-dist': [ '1.0.1' ],
46 silly audit   parseurl: [ '1.3.3' ],
46 silly audit   passport: [ '0.7.0' ],
46 silly audit   'passport-github2': [ '0.1.12' ],
46 silly audit   'passport-local': [ '1.0.0' ],
46 silly audit   'passport-oauth2': [ '1.8.0' ],
46 silly audit   'passport-strategy': [ '1.0.0' ],
46 silly audit   'path-key': [ '3.1.1' ],
46 silly audit   'path-scurry': [ '2.0.0' ],
46 silly audit   'path-to-regexp': [ '0.1.12' ],
46 silly audit   pause: [ '0.0.1' ],
46 silly audit   picomatch: [ '2.3.1' ],
46 silly audit   'proxy-addr': [ '2.0.7' ],
46 silly audit   'pstree.remy': [ '1.1.8' ],
46 silly audit   punycode: [ '2.3.1' ],
46 silly audit   qs: [ '6.13.0' ],
46 silly audit   'random-bytes': [ '1.0.0' ],
46 silly audit   'range-parser': [ '1.2.1' ],
46 silly audit   'raw-body': [ '2.5.2' ],
46 silly audit   readdirp: [ '3.6.0' ],
46 silly audit   redis: [ '4.7.0' ],
46 silly audit   'redis-errors': [ '1.2.0' ],
46 silly audit   'redis-parser': [ '3.0.0' ],
46 silly audit   'safer-buffer': [ '2.1.2' ],
46 silly audit   semver: [ '7.6.3' ],
46 silly audit   send: [ '0.19.0' ],
46 silly audit   'serve-static': [ '1.16.2' ],
46 silly audit   'set-function-length': [ '1.2.2' ],
46 silly audit   'shebang-command': [ '2.0.0' ],
46 silly audit   'shebang-regex': [ '3.0.0' ],
46 silly audit   'side-channel': [ '1.0.6' ],
46 silly audit   sift: [ '16.0.1' ],
46 silly audit   'signal-exit': [ '4.1.0' ],
46 silly audit   'simple-update-notifier': [ '2.0.0' ],
46 silly audit   'smart-buffer': [ '4.2.0' ],
46 silly audit   socks: [ '2.8.3' ],
46 silly audit   'source-map': [ '0.6.1' ],
46 silly audit   'sparse-bitfield': [ '3.0.3' ],
46 silly audit   'sprintf-js': [ '1.1.3' ],
46 silly audit   'standard-as-callback': [ '2.1.0' ],
46 silly audit   'string-width': [ '5.1.2', '4.2.3' ],
46 silly audit   'strip-ansi': [ '6.0.1', '7.1.0' ],
46 silly audit   strnum: [ '1.0.5' ],
46 silly audit   'supports-color': [ '5.5.0' ],
46 silly audit   'to-regex-range': [ '5.0.1' ],
46 silly audit   toidentifier: [ '1.0.1' ],
46 silly audit   touch: [ '3.1.1' ],
46 silly audit   tslib: [ '2.8.1' ],
46 silly audit   tsscmp: [ '1.0.6' ],
46 silly audit   'type-is': [ '1.6.18' ],
46 silly audit   'uglify-js': [ '3.19.3' ],
46 silly audit   'uid-safe': [ '2.1.5' ],
46 silly audit   uid2: [ '0.0.4' ],
46 silly audit   undefsafe: [ '2.0.5' ],
46 silly audit   'undici-types': [ '6.20.0' ],
46 silly audit   unpipe: [ '1.0.0' ],
46 silly audit   'utils-merge': [ '1.0.1' ],
46 silly audit   uuid: [ '9.0.1' ],
46 silly audit   vary: [ '1.1.2' ],
46 silly audit   'webidl-conversions': [ '7.0.0' ],
46 silly audit   which: [ '2.0.2' ],
46 silly audit   wordwrap: [ '1.0.0' ],
46 silly audit   'wrap-ansi': [ '8.1.0', '7.0.0' ],
46 silly audit   yallist: [ '4.0.0', '2.1.2' ],
46 silly audit   'express-session': [ '1.18.1' ],
46 silly audit   memorystore: [ '1.6.7' ],
46 silly audit   pseudomap: [ '1.0.2' ]
46 silly audit }
47 verbose reify failed optional dependency C:\dogDaycare\node_modules\fsevents
48 silly reify mark deleted [ 'C:\\dogDaycare\\node_modules\\fsevents' ]
49 http cache pseudomap@https://registry.npmjs.org/pseudomap/-/pseudomap-1.0.2.tgz 0ms (cache hit)
50 http cache debug@https://registry.npmjs.org/debug/-/debug-4.4.0.tgz 0ms (cache hit)
51 http cache memorystore@https://registry.npmjs.org/memorystore/-/memorystore-1.6.7.tgz 0ms (cache hit)
52 http cache lru-cache@https://registry.npmjs.org/lru-cache/-/lru-cache-4.1.5.tgz 0ms (cache hit)
53 http cache yallist@https://registry.npmjs.org/yallist/-/yallist-2.1.2.tgz 0ms (cache hit)
54 silly tarball no local data for pseudomap@https://registry.npmjs.org/pseudomap/-/pseudomap-1.0.2.tgz. Extracting by manifest.
55 silly tarball no local data for memorystore@https://registry.npmjs.org/memorystore/-/memorystore-1.6.7.tgz. Extracting by manifest.
56 silly tarball no local data for lru-cache@https://registry.npmjs.org/lru-cache/-/lru-cache-4.1.5.tgz. Extracting by manifest.
57 silly tarball no local data for yallist@https://registry.npmjs.org/yallist/-/yallist-2.1.2.tgz. Extracting by manifest.
58 http fetch GET 200 https://registry.npmjs.org/pseudomap/-/pseudomap-1.0.2.tgz 68ms (cache miss)
59 http fetch POST 200 https://registry.npmjs.org/-/npm/v1/security/advisories/bulk 97ms
60 silly audit report {}
61 http fetch GET 200 https://registry.npmjs.org/lru-cache/-/lru-cache-4.1.5.tgz 104ms (cache miss)
62 http fetch GET 200 https://registry.npmjs.org/yallist/-/yallist-2.1.2.tgz 107ms (cache miss)
63 http fetch GET 200 https://registry.npmjs.org/memorystore/-/memorystore-1.6.7.tgz 113ms (cache miss)
64 silly ADD node_modules/pseudomap
65 silly ADD node_modules/memorystore
66 silly ADD node_modules/memorystore/node_modules/yallist
67 silly ADD node_modules/memorystore/node_modules/lru-cache
68 silly ADD node_modules/memorystore/node_modules/debug
69 silly ADD
70 verbose cwd C:\dogDaycare
71 verbose os Windows_NT 10.0.22631
72 verbose node v20.17.0
73 verbose npm  v10.9.2
74 verbose exit 0
75 info ok
