0 verbose cli C:\Program Files\nodejs\node.exe C:\Users\prin_\AppData\Roaming\npm\node_modules\npm\bin\npm-cli.js
1 info using npm@10.9.2
2 info using node@v20.17.0
3 silly config load:file:C:\Users\prin_\AppData\Roaming\npm\node_modules\npm\npmrc
4 silly config load:file:C:\dogDaycare\.npmrc
5 silly config load:file:C:\Users\prin_\.npmrc
6 silly config load:file:C:\Users\prin_\AppData\Roaming\npm\etc\npmrc
7 verbose title npm install connect-mongo mongoose
8 verbose argv "install" "connect-mongo" "mongoose"
9 verbose logfile logs-max:10 dir:C:\dogDaycare\Usersprin_npm-cache\_logs\2024-12-11T02_14_37_439Z-
10 verbose logfile C:\dogDaycare\Usersprin_npm-cache\_logs\2024-12-11T02_14_37_439Z-debug-0.log
11 silly logfile start cleaning logs, removing 1 files
12 silly packumentCache heap:4345298944 maxSize:1086324736 maxEntrySize:543162368
13 silly logfile done cleaning log files
14 silly idealTree buildDeps
15 silly fetch manifest connect-mongo@^5.1.0
16 silly packumentCache full:https://registry.npmjs.org/connect-mongo cache-miss
17 http fetch GET 200 https://registry.npmjs.org/connect-mongo 510ms (cache revalidated)
18 silly packumentCache full:https://registry.npmjs.org/connect-mongo set size:291224 disposed:false
19 silly fetch manifest express-session@^1.18.0
20 silly packumentCache full:https://registry.npmjs.org/express-session cache-miss
21 http fetch GET 200 https://registry.npmjs.org/express-session 75ms (cache revalidated)
22 silly packumentCache full:https://registry.npmjs.org/express-session set size:192649 disposed:false
23 silly fetch manifest mongodb@^6.3.0
24 silly packumentCache full:https://registry.npmjs.org/mongodb cache-miss
25 http fetch GET 200 https://registry.npmjs.org/mongodb 45ms (cache revalidated)
26 silly packumentCache full:https://registry.npmjs.org/mongodb set size:2553916 disposed:false
27 silly fetch manifest @aws-sdk/credential-providers@^3.188.0
28 silly packumentCache full:https://registry.npmjs.org/@aws-sdk%2fcredential-providers cache-miss
29 http fetch GET 200 https://registry.npmjs.org/@aws-sdk%2fcredential-providers 57ms (cache revalidated)
30 silly packumentCache full:https://registry.npmjs.org/@aws-sdk%2fcredential-providers set size:1355783 disposed:false
31 silly fetch manifest @mongodb-js/zstd@^1.1.0 || ^2.0.0
32 silly packumentCache full:https://registry.npmjs.org/@mongodb-js%2fzstd cache-miss
33 http fetch GET 200 https://registry.npmjs.org/@mongodb-js%2fzstd 57ms (cache revalidated)
34 silly packumentCache full:https://registry.npmjs.org/@mongodb-js%2fzstd set size:87502 disposed:false
35 silly fetch manifest gcp-metadata@^5.2.0
36 silly packumentCache full:https://registry.npmjs.org/gcp-metadata cache-miss
37 http fetch GET 200 https://registry.npmjs.org/gcp-metadata 33ms (cache revalidated)
38 silly packumentCache full:https://registry.npmjs.org/gcp-metadata set size:164267 disposed:false
39 silly fetch manifest kerberos@^2.0.1
40 silly packumentCache full:https://registry.npmjs.org/kerberos cache-miss
41 http fetch GET 200 https://registry.npmjs.org/kerberos 36ms (cache revalidated)
42 silly packumentCache full:https://registry.npmjs.org/kerberos set size:108092 disposed:false
43 silly fetch manifest mongodb-client-encryption@>=6.0.0 <7
44 silly packumentCache full:https://registry.npmjs.org/mongodb-client-encryption cache-miss
45 http fetch GET 200 https://registry.npmjs.org/mongodb-client-encryption 38ms (cache revalidated)
46 silly packumentCache full:https://registry.npmjs.org/mongodb-client-encryption set size:237919 disposed:false
47 silly fetch manifest snappy@^7.2.2
48 silly packumentCache full:https://registry.npmjs.org/snappy cache-miss
49 http fetch GET 200 https://registry.npmjs.org/snappy 35ms (cache revalidated)
50 silly packumentCache full:https://registry.npmjs.org/snappy set size:164250 disposed:false
51 silly fetch manifest socks@^2.7.1
52 silly packumentCache full:https://registry.npmjs.org/socks cache-miss
53 http fetch GET 200 https://registry.npmjs.org/socks 43ms (cache revalidated)
54 silly packumentCache full:https://registry.npmjs.org/socks set size:276457 disposed:false
55 silly fetch manifest mongoose@^8.1.1
56 silly packumentCache full:https://registry.npmjs.org/mongoose cache-miss
57 http fetch GET 200 https://registry.npmjs.org/mongoose 42ms (cache revalidated)
58 silly packumentCache full:https://registry.npmjs.org/mongoose set size:3515361 disposed:false
59 silly placeDep ROOT connect-mongo@5.1.0 REPLACE for: dogdaycare@0.0.0 want: ^5.1.0
60 silly placeDep ROOT mongoose@8.8.4 REPLACE for: dogdaycare@0.0.0 want: ^8.1.1
61 silly reify moves {}
62 silly audit bulk request {
62 silly audit   '@isaacs/cliui': [ '8.0.2' ],
62 silly audit   '@mongodb-js/saslprep': [ '1.1.9' ],
62 silly audit   '@types/webidl-conversions': [ '7.0.3' ],
62 silly audit   '@types/whatwg-url': [ '11.0.5' ],
62 silly audit   accepts: [ '1.3.8' ],
62 silly audit   'ansi-regex': [ '6.1.0', '5.0.1' ],
62 silly audit   'ansi-styles': [ '6.2.1', '4.3.0' ],
62 silly audit   anymatch: [ '3.1.3' ],
62 silly audit   'array-flatten': [ '1.1.1' ],
62 silly audit   'asn1.js': [ '5.4.1' ],
62 silly audit   'balanced-match': [ '1.0.2' ],
62 silly audit   base64url: [ '3.0.1' ],
62 silly audit   'basic-auth': [ '2.0.1' ],
62 silly audit   'safe-buffer': [ '5.1.2', '5.2.1' ],
62 silly audit   bcryptjs: [ '2.4.3' ],
62 silly audit   'binary-extensions': [ '2.3.0' ],
62 silly audit   'bn.js': [ '4.12.1' ],
62 silly audit   'body-parser': [ '1.20.3' ],
62 silly audit   debug: [ '2.6.9', '4.4.0' ],
62 silly audit   ms: [ '2.0.0', '2.1.3' ],
62 silly audit   'brace-expansion': [ '2.0.1', '1.1.11' ],
62 silly audit   braces: [ '3.0.3' ],
62 silly audit   bson: [ '6.10.1' ],
62 silly audit   bytes: [ '3.1.2' ],
62 silly audit   'call-bind': [ '1.0.8' ],
62 silly audit   'call-bind-apply-helpers': [ '1.0.1' ],
62 silly audit   chokidar: [ '3.6.0' ],
62 silly audit   'color-convert': [ '2.0.1' ],
62 silly audit   'color-name': [ '1.1.4' ],
62 silly audit   'concat-map': [ '0.0.1' ],
62 silly audit   'connect-flash': [ '0.1.1' ],
62 silly audit   'content-disposition': [ '0.5.4' ],
62 silly audit   'content-type': [ '1.0.5' ],
62 silly audit   cookie: [ '0.7.2', '0.7.1' ],
62 silly audit   'cookie-parser': [ '1.4.7' ],
62 silly audit   'cookie-signature': [ '1.0.6', '1.0.7' ],
62 silly audit   'cross-spawn': [ '7.0.6' ],
62 silly audit   'define-data-property': [ '1.1.4' ],
62 silly audit   depd: [ '2.0.0' ],
62 silly audit   destroy: [ '1.2.0' ],
62 silly audit   dotenv: [ '16.4.7' ],
62 silly audit   'dunder-proto': [ '1.0.0' ],
62 silly audit   eastasianwidth: [ '0.2.0' ],
62 silly audit   'ee-first': [ '1.1.1' ],
62 silly audit   'emoji-regex': [ '9.2.2', '8.0.0' ],
62 silly audit   encodeurl: [ '2.0.0', '1.0.2' ],
62 silly audit   'es-define-property': [ '1.0.1' ],
62 silly audit   'es-errors': [ '1.3.0' ],
62 silly audit   'escape-html': [ '1.0.3' ],
62 silly audit   etag: [ '1.8.1' ],
62 silly audit   express: [ '4.21.2' ],
62 silly audit   'express-handlebars': [ '8.0.1' ],
62 silly audit   'express-session': [ '1.18.1' ],
62 silly audit   'fill-range': [ '7.1.1' ],
62 silly audit   finalhandler: [ '1.3.1' ],
62 silly audit   foreachasync: [ '3.0.0' ],
62 silly audit   'foreground-child': [ '3.3.0' ],
62 silly audit   forwarded: [ '0.2.0' ],
62 silly audit   fresh: [ '0.5.2' ],
62 silly audit   fsevents: [ '2.3.3' ],
62 silly audit   'function-bind': [ '1.1.2' ],
62 silly audit   'get-intrinsic': [ '1.2.5' ],
62 silly audit   glob: [ '11.0.0' ],
62 silly audit   'glob-parent': [ '5.1.2' ],
62 silly audit   gopd: [ '1.2.0' ],
62 silly audit   'graceful-fs': [ '4.2.11' ],
62 silly audit   handlebars: [ '4.7.8', '4.7.7' ],
62 silly audit   'has-flag': [ '3.0.0' ],
62 silly audit   'has-property-descriptors': [ '1.0.2' ],
62 silly audit   'has-symbols': [ '1.1.0' ],
62 silly audit   hasown: [ '2.0.2' ],
62 silly audit   hbs: [ '4.2.0' ],
62 silly audit   'http-errors': [ '2.0.0' ],
62 silly audit   'iconv-lite': [ '0.4.24' ],
62 silly audit   'ignore-by-default': [ '1.0.1' ],
62 silly audit   inherits: [ '2.0.4' ],
62 silly audit   'ipaddr.js': [ '1.9.1' ],
62 silly audit   'is-binary-path': [ '2.1.0' ],
62 silly audit   'is-extglob': [ '2.1.1' ],
62 silly audit   'is-fullwidth-code-point': [ '3.0.0' ],
62 silly audit   'is-glob': [ '4.0.3' ],
62 silly audit   'is-number': [ '7.0.0' ],
62 silly audit   isexe: [ '2.0.0' ],
62 silly audit   jackspeak: [ '4.0.2' ],
62 silly audit   kareem: [ '2.6.3' ],
62 silly audit   kruptein: [ '3.0.7' ],
62 silly audit   'lru-cache': [ '11.0.2' ],
62 silly audit   'media-typer': [ '0.3.0' ],
62 silly audit   'memory-pager': [ '1.5.0' ],
62 silly audit   'merge-descriptors': [ '1.0.3' ],
62 silly audit   methods: [ '1.1.2' ],
62 silly audit   mime: [ '1.6.0' ],
62 silly audit   'mime-db': [ '1.52.0' ],
62 silly audit   'mime-types': [ '2.1.35' ],
62 silly audit   'minimalistic-assert': [ '1.0.1' ],
62 silly audit   minimatch: [ '10.0.1', '3.1.2' ],
62 silly audit   minimist: [ '1.2.8' ],
62 silly audit   minipass: [ '7.1.2' ],
62 silly audit   mongodb: [ '6.12.0', '6.10.0' ],
62 silly audit   'mongodb-connection-string-url': [ '3.0.1' ],
62 silly audit   morgan: [ '1.10.0' ],
62 silly audit   'on-finished': [ '2.3.0', '2.4.1' ],
62 silly audit   mpath: [ '0.9.0' ],
62 silly audit   mquery: [ '5.0.0' ],
62 silly audit   negotiator: [ '0.6.3' ],
62 silly audit   'neo-async': [ '2.6.2' ],
62 silly audit   nodemon: [ '3.1.7' ],
62 silly audit   'normalize-path': [ '3.0.0' ],
62 silly audit   oauth: [ '0.10.0' ],
62 silly audit   'object-inspect': [ '1.13.3' ],
62 silly audit   'on-headers': [ '1.0.2' ],
62 silly audit   'package-json-from-dist': [ '1.0.1' ],
62 silly audit   parseurl: [ '1.3.3' ],
62 silly audit   passport: [ '0.7.0' ],
62 silly audit   'passport-github2': [ '0.1.12' ],
62 silly audit   'passport-local': [ '1.0.0' ],
62 silly audit   'passport-oauth2': [ '1.8.0' ],
62 silly audit   'passport-strategy': [ '1.0.0' ],
62 silly audit   'path-key': [ '3.1.1' ],
62 silly audit   'path-scurry': [ '2.0.0' ],
62 silly audit   'path-to-regexp': [ '0.1.12' ],
62 silly audit   pause: [ '0.0.1' ],
62 silly audit   picomatch: [ '2.3.1' ],
62 silly audit   'proxy-addr': [ '2.0.7' ],
62 silly audit   'pstree.remy': [ '1.1.8' ],
62 silly audit   punycode: [ '2.3.1' ],
62 silly audit   qs: [ '6.13.0' ],
62 silly audit   'random-bytes': [ '1.0.0' ],
62 silly audit   'range-parser': [ '1.2.1' ],
62 silly audit   'raw-body': [ '2.5.2' ],
62 silly audit   readdirp: [ '3.6.0' ],
62 silly audit   'safer-buffer': [ '2.1.2' ],
62 silly audit   semver: [ '7.6.3' ],
62 silly audit   send: [ '0.19.0' ],
62 silly audit   'serve-static': [ '1.16.2' ],
62 silly audit   'set-function-length': [ '1.2.2' ],
62 silly audit   setprototypeof: [ '1.2.0' ],
62 silly audit   'shebang-command': [ '2.0.0' ],
62 silly audit   'shebang-regex': [ '3.0.0' ],
62 silly audit   'side-channel': [ '1.0.6' ],
62 silly audit   sift: [ '17.1.3' ],
62 silly audit   'signal-exit': [ '4.1.0' ],
62 silly audit   'simple-update-notifier': [ '2.0.0' ],
62 silly audit   'source-map': [ '0.6.1' ],
62 silly audit   'sparse-bitfield': [ '3.0.3' ],
62 silly audit   statuses: [ '2.0.1' ],
62 silly audit   'string-width': [ '5.1.2', '4.2.3' ],
62 silly audit   'strip-ansi': [ '6.0.1', '7.1.0' ],
62 silly audit   'supports-color': [ '5.5.0' ],
62 silly audit   'to-regex-range': [ '5.0.1' ],
62 silly audit   toidentifier: [ '1.0.1' ],
62 silly audit   touch: [ '3.1.1' ],
62 silly audit   tr46: [ '4.1.1' ],
62 silly audit   'type-is': [ '1.6.18' ],
62 silly audit   'uglify-js': [ '3.19.3' ],
62 silly audit   'uid-safe': [ '2.1.5' ],
62 silly audit   uid2: [ '0.0.4' ],
62 silly audit   undefsafe: [ '2.0.5' ],
62 silly audit   unpipe: [ '1.0.0' ],
62 silly audit   'utils-merge': [ '1.0.1' ],
62 silly audit   vary: [ '1.1.2' ],
62 silly audit   walk: [ '2.3.15' ],
62 silly audit   'webidl-conversions': [ '7.0.0' ],
62 silly audit   'whatwg-url': [ '13.0.0' ],
62 silly audit   which: [ '2.0.2' ],
62 silly audit   wordwrap: [ '1.0.0' ],
62 silly audit   'wrap-ansi': [ '8.1.0', '7.0.0' ],
62 silly audit   'connect-mongo': [ '5.1.0' ],
62 silly audit   mongoose: [ '8.8.4' ]
62 silly audit }
63 verbose reify failed optional dependency C:\dogDaycare\node_modules\fsevents
64 silly reify mark deleted [ 'C:\\dogDaycare\\node_modules\\fsevents' ]
65 http fetch POST 200 https://registry.npmjs.org/-/npm/v1/security/advisories/bulk 139ms
66 silly audit report {}
67 silly ADD
68 verbose cwd C:\dogDaycare
69 verbose os Windows_NT 10.0.22631
70 verbose node v20.17.0
71 verbose npm  v10.9.2
72 verbose exit 0
73 info ok
