0 verbose cli C:\Program Files\nodejs\node.exe C:\Users\prin_\AppData\Roaming\npm\node_modules\npm\bin\npm-cli.js
1 info using npm@10.9.2
2 info using node@v20.17.0
3 silly config load:file:C:\Users\prin_\AppData\Roaming\npm\node_modules\npm\npmrc
4 silly config load:file:C:\dogDaycare\.npmrc
5 silly config load:file:C:\Users\prin_\.npmrc
6 silly config load:file:C:\Users\prin_\AppData\Roaming\npm\etc\npmrc
7 verbose title npm install
8 verbose argv "install"
9 verbose logfile logs-max:10 dir:C:\dogDaycare\Usersprin_npm-cache\_logs\2024-12-14T17_48_23_690Z-
10 verbose logfile C:\dogDaycare\Usersprin_npm-cache\_logs\2024-12-14T17_48_23_690Z-debug-0.log
11 silly logfile done cleaning log files
12 silly packumentCache heap:4345298944 maxSize:1086324736 maxEntrySize:543162368
13 silly idealTree buildDeps
14 silly fetch manifest connect-mongo@^5.0.0
15 silly packumentCache full:https://registry.npmjs.org/connect-mongo cache-miss
16 http fetch GET 200 https://registry.npmjs.org/connect-mongo 300ms (cache miss)
17 silly packumentCache full:https://registry.npmjs.org/connect-mongo set size:undefined disposed:false
18 silly fetch manifest express-session@^1.18.1
19 silly packumentCache full:https://registry.npmjs.org/express-session cache-miss
20 http fetch GET 200 https://registry.npmjs.org/express-session 47ms (cache miss)
21 silly packumentCache full:https://registry.npmjs.org/express-session set size:undefined disposed:false
22 silly fetch manifest mongodb@^6.11.0
23 silly packumentCache full:https://registry.npmjs.org/mongodb cache-miss
24 http fetch GET 200 https://registry.npmjs.org/mongodb 59ms (cache revalidated)
25 silly packumentCache full:https://registry.npmjs.org/mongodb set size:2561720 disposed:false
26 silly fetch manifest @aws-sdk/credential-providers@^3.188.0
27 silly packumentCache full:https://registry.npmjs.org/@aws-sdk%2fcredential-providers cache-miss
28 http fetch GET 200 https://registry.npmjs.org/@aws-sdk%2fcredential-providers 63ms (cache revalidated)
29 silly packumentCache full:https://registry.npmjs.org/@aws-sdk%2fcredential-providers set size:1359317 disposed:false
30 silly fetch manifest @mongodb-js/zstd@^1.1.0 || ^2.0.0
31 silly packumentCache full:https://registry.npmjs.org/@mongodb-js%2fzstd cache-miss
32 http fetch GET 200 https://registry.npmjs.org/@mongodb-js%2fzstd 192ms (cache revalidated)
33 silly packumentCache full:https://registry.npmjs.org/@mongodb-js%2fzstd set size:87502 disposed:false
34 silly fetch manifest gcp-metadata@^5.2.0
35 silly packumentCache full:https://registry.npmjs.org/gcp-metadata cache-miss
36 http fetch GET 200 https://registry.npmjs.org/gcp-metadata 40ms (cache revalidated)
37 silly packumentCache full:https://registry.npmjs.org/gcp-metadata set size:164267 disposed:false
38 silly fetch manifest kerberos@^2.0.1
39 silly packumentCache full:https://registry.npmjs.org/kerberos cache-miss
40 http fetch GET 200 https://registry.npmjs.org/kerberos 45ms (cache revalidated)
41 silly packumentCache full:https://registry.npmjs.org/kerberos set size:108092 disposed:false
42 silly fetch manifest mongodb-client-encryption@>=6.0.0 <7
43 silly packumentCache full:https://registry.npmjs.org/mongodb-client-encryption cache-miss
44 http fetch GET 200 https://registry.npmjs.org/mongodb-client-encryption 34ms (cache revalidated)
45 silly packumentCache full:https://registry.npmjs.org/mongodb-client-encryption set size:237919 disposed:false
46 silly fetch manifest snappy@^7.2.2
47 silly packumentCache full:https://registry.npmjs.org/snappy cache-miss
48 http fetch GET 200 https://registry.npmjs.org/snappy 88ms (cache revalidated)
49 silly packumentCache full:https://registry.npmjs.org/snappy set size:164250 disposed:false
50 silly fetch manifest socks@^2.7.1
51 silly packumentCache full:https://registry.npmjs.org/socks cache-miss
52 http fetch GET 200 https://registry.npmjs.org/socks 37ms (cache revalidated)
53 silly packumentCache full:https://registry.npmjs.org/socks set size:276457 disposed:false
54 silly placeDep ROOT connect-mongo@5.1.0 OK for: dogdaycare@0.0.0 want: ^5.0.0
55 silly fetch manifest debug@^4.3.1
56 silly packumentCache full:https://registry.npmjs.org/debug cache-miss
57 silly fetch manifest kruptein@^3.0.0
58 silly packumentCache full:https://registry.npmjs.org/kruptein cache-miss
59 http fetch GET 200 https://registry.npmjs.org/debug 56ms (cache revalidated)
60 silly packumentCache full:https://registry.npmjs.org/debug set size:191331 disposed:false
61 http fetch GET 200 https://registry.npmjs.org/kruptein 456ms (cache miss)
62 silly packumentCache full:https://registry.npmjs.org/kruptein set size:undefined disposed:false
63 silly placeDep node_modules/connect-mongo debug@4.4.0 OK for: connect-mongo@5.1.0 want: ^4.3.1
64 silly placeDep ROOT kruptein@3.0.7 OK for: connect-mongo@5.1.0 want: ^3.0.0
65 silly fetch manifest asn1.js@^5.4.1
66 silly packumentCache full:https://registry.npmjs.org/asn1.js cache-miss
67 http fetch GET 200 https://registry.npmjs.org/asn1.js 63ms (cache miss)
68 silly packumentCache full:https://registry.npmjs.org/asn1.js set size:undefined disposed:false
69 silly placeDep ROOT asn1.js@5.4.1 OK for: kruptein@3.0.7 want: ^5.4.1
70 silly fetch manifest bn.js@^4.0.0
71 silly packumentCache full:https://registry.npmjs.org/bn.js cache-miss
72 silly fetch manifest minimalistic-assert@^1.0.0
73 silly packumentCache full:https://registry.npmjs.org/minimalistic-assert cache-miss
74 http fetch GET 200 https://registry.npmjs.org/minimalistic-assert 38ms (cache miss)
75 silly packumentCache full:https://registry.npmjs.org/minimalistic-assert set size:undefined disposed:false
76 http fetch GET 200 https://registry.npmjs.org/bn.js 40ms (cache miss)
77 silly packumentCache full:https://registry.npmjs.org/bn.js set size:undefined disposed:false
78 silly placeDep ROOT bn.js@4.12.1 OK for: asn1.js@5.4.1 want: ^4.0.0
79 silly placeDep ROOT minimalistic-assert@1.0.1 OK for: asn1.js@5.4.1 want: ^1.0.0
80 silly reify moves {}
81 silly audit bulk request {
81 silly audit   '@aws-crypto/sha256-browser': [ '5.2.0' ],
81 silly audit   '@smithy/is-array-buffer': [ '2.2.0', '3.0.0' ],
81 silly audit   '@smithy/util-buffer-from': [ '2.2.0', '3.0.0' ],
81 silly audit   '@smithy/util-utf8': [ '2.3.0', '3.0.0' ],
81 silly audit   '@aws-crypto/sha256-js': [ '5.2.0' ],
81 silly audit   '@aws-crypto/supports-web-crypto': [ '5.2.0' ],
81 silly audit   '@aws-crypto/util': [ '5.2.0' ],
81 silly audit   '@aws-sdk/client-cognito-identity': [ '3.709.0' ],
81 silly audit   '@aws-sdk/client-sso': [ '3.709.0' ],
81 silly audit   '@aws-sdk/client-sso-oidc': [ '3.709.0' ],
81 silly audit   '@aws-sdk/client-sts': [ '3.709.0' ],
81 silly audit   '@aws-sdk/core': [ '3.709.0' ],
81 silly audit   '@aws-sdk/credential-provider-cognito-identity': [ '3.709.0' ],
81 silly audit   '@aws-sdk/credential-provider-env': [ '3.709.0' ],
81 silly audit   '@aws-sdk/credential-provider-http': [ '3.709.0' ],
81 silly audit   '@aws-sdk/credential-provider-ini': [ '3.709.0' ],
81 silly audit   '@aws-sdk/credential-provider-node': [ '3.709.0' ],
81 silly audit   '@aws-sdk/credential-provider-process': [ '3.709.0' ],
81 silly audit   '@aws-sdk/credential-provider-sso': [ '3.709.0' ],
81 silly audit   '@aws-sdk/credential-provider-web-identity': [ '3.709.0' ],
81 silly audit   '@aws-sdk/credential-providers': [ '3.709.0' ],
81 silly audit   '@aws-sdk/middleware-host-header': [ '3.709.0' ],
81 silly audit   '@aws-sdk/middleware-logger': [ '3.709.0' ],
81 silly audit   '@aws-sdk/middleware-recursion-detection': [ '3.709.0' ],
81 silly audit   '@aws-sdk/middleware-user-agent': [ '3.709.0' ],
81 silly audit   '@aws-sdk/region-config-resolver': [ '3.709.0' ],
81 silly audit   '@aws-sdk/token-providers': [ '3.709.0' ],
81 silly audit   '@aws-sdk/types': [ '3.709.0' ],
81 silly audit   '@aws-sdk/util-endpoints': [ '3.709.0' ],
81 silly audit   '@aws-sdk/util-locate-window': [ '3.693.0' ],
81 silly audit   '@aws-sdk/util-user-agent-browser': [ '3.709.0' ],
81 silly audit   '@aws-sdk/util-user-agent-node': [ '3.709.0' ],
81 silly audit   '@isaacs/cliui': [ '8.0.2' ],
81 silly audit   '@mongodb-js/saslprep': [ '1.1.9' ],
81 silly audit   '@smithy/abort-controller': [ '3.1.9' ],
81 silly audit   '@smithy/config-resolver': [ '3.0.13' ],
81 silly audit   '@smithy/core': [ '2.5.5' ],
81 silly audit   '@smithy/credential-provider-imds': [ '3.2.8' ],
81 silly audit   '@smithy/fetch-http-handler': [ '4.1.2' ],
81 silly audit   '@smithy/hash-node': [ '3.0.11' ],
81 silly audit   '@smithy/invalid-dependency': [ '3.0.11' ],
81 silly audit   '@smithy/middleware-content-length': [ '3.0.13' ],
81 silly audit   '@smithy/middleware-endpoint': [ '3.2.5' ],
81 silly audit   '@smithy/middleware-retry': [ '3.0.30' ],
81 silly audit   '@smithy/middleware-serde': [ '3.0.11' ],
81 silly audit   '@smithy/middleware-stack': [ '3.0.11' ],
81 silly audit   '@smithy/node-config-provider': [ '3.1.12' ],
81 silly audit   '@smithy/node-http-handler': [ '3.3.2' ],
81 silly audit   '@smithy/property-provider': [ '3.1.11' ],
81 silly audit   '@smithy/protocol-http': [ '4.1.8' ],
81 silly audit   '@smithy/querystring-builder': [ '3.0.11' ],
81 silly audit   '@smithy/querystring-parser': [ '3.0.11' ],
81 silly audit   '@smithy/service-error-classification': [ '3.0.11' ],
81 silly audit   '@smithy/shared-ini-file-loader': [ '3.1.12' ],
81 silly audit   '@smithy/signature-v4': [ '4.2.4' ],
81 silly audit   '@smithy/smithy-client': [ '3.5.0' ],
81 silly audit   '@smithy/types': [ '3.7.2' ],
81 silly audit   '@smithy/url-parser': [ '3.0.11' ],
81 silly audit   '@smithy/util-base64': [ '3.0.0' ],
81 silly audit   '@smithy/util-body-length-browser': [ '3.0.0' ],
81 silly audit   '@smithy/util-body-length-node': [ '3.0.0' ],
81 silly audit   '@smithy/util-config-provider': [ '3.0.0' ],
81 silly audit   '@smithy/util-defaults-mode-browser': [ '3.0.30' ],
81 silly audit   '@smithy/util-defaults-mode-node': [ '3.0.30' ],
81 silly audit   '@smithy/util-endpoints': [ '2.1.7' ],
81 silly audit   '@smithy/util-hex-encoding': [ '3.0.0' ],
81 silly audit   '@smithy/util-middleware': [ '3.0.11' ],
81 silly audit   '@smithy/util-retry': [ '3.0.11' ],
81 silly audit   '@smithy/util-stream': [ '3.3.2' ],
81 silly audit   '@smithy/util-uri-escape': [ '3.0.0' ],
81 silly audit   '@types/webidl-conversions': [ '7.0.3' ],
81 silly audit   '@types/whatwg-url': [ '11.0.5' ],
81 silly audit   accepts: [ '1.3.8' ],
81 silly audit   'ansi-regex': [ '6.1.0', '5.0.1' ],
81 silly audit   'ansi-styles': [ '6.2.1', '4.3.0' ],
81 silly audit   'array-flatten': [ '1.1.1' ],
81 silly audit   'balanced-match': [ '1.0.2' ],
81 silly audit   base64url: [ '3.0.1' ],
81 silly audit   'basic-auth': [ '2.0.1' ],
81 silly audit   'safe-buffer': [ '5.1.2', '5.2.1' ],
81 silly audit   bcryptjs: [ '2.4.3' ],
81 silly audit   'body-parser': [ '1.20.3' ],
81 silly audit   'http-errors': [ '2.0.0', '1.6.3' ],
81 silly audit   'on-finished': [ '2.4.1', '2.3.0' ],
81 silly audit   setprototypeof: [ '1.2.0', '1.1.0' ],
81 silly audit   statuses: [ '2.0.1', '1.4.0' ],
81 silly audit   bowser: [ '2.11.0' ],
81 silly audit   bson: [ '6.10.1' ],
81 silly audit   bytes: [ '3.1.2' ],
81 silly audit   'call-bind': [ '1.0.8' ],
81 silly audit   'call-bind-apply-helpers': [ '1.0.1' ],
81 silly audit   'call-bound': [ '1.0.2' ],
81 silly audit   'color-convert': [ '2.0.1' ],
81 silly audit   'color-name': [ '1.1.4' ],
81 silly audit   'connect-flash': [ '0.1.1' ],
81 silly audit   'content-disposition': [ '0.5.4' ],
81 silly audit   'content-type': [ '1.0.5' ],
81 silly audit   cookie: [ '0.7.2', '0.7.1' ],
81 silly audit   'cookie-parser': [ '1.4.7' ],
81 silly audit   'cookie-signature': [ '1.0.6', '1.0.7' ],
81 silly audit   'cross-spawn': [ '7.0.6' ],
81 silly audit   debug: [ '2.6.9', '4.4.0' ],
81 silly audit   ms: [ '2.0.0', '2.1.3' ],
81 silly audit   'define-data-property': [ '1.1.4' ],
81 silly audit   depd: [ '2.0.0', '1.1.2' ],
81 silly audit   destroy: [ '1.2.0' ],
81 silly audit   dotenv: [ '16.4.7' ],
81 silly audit   'dunder-proto': [ '1.0.0' ],
81 silly audit   eastasianwidth: [ '0.2.0' ],
81 silly audit   'ee-first': [ '1.1.1' ],
81 silly audit   'emoji-regex': [ '9.2.2', '8.0.0' ],
81 silly audit   encodeurl: [ '2.0.0', '1.0.2' ],
81 silly audit   'es-define-property': [ '1.0.1' ],
81 silly audit   'es-errors': [ '1.3.0' ],
81 silly audit   'es-object-atoms': [ '1.0.0' ],
81 silly audit   'escape-html': [ '1.0.3' ],
81 silly audit   etag: [ '1.8.1' ],
81 silly audit   express: [ '4.21.2' ],
81 silly audit   'express-handlebars': [ '8.0.1' ],
81 silly audit   'express-session': [ '1.18.1' ],
81 silly audit   'fast-xml-parser': [ '4.4.1' ],
81 silly audit   finalhandler: [ '1.3.1' ],
81 silly audit   foreachasync: [ '3.0.0' ],
81 silly audit   'foreground-child': [ '3.3.0' ],
81 silly audit   forwarded: [ '0.2.0' ],
81 silly audit   fresh: [ '0.5.2' ],
81 silly audit   'function-bind': [ '1.1.2' ],
81 silly audit   'get-intrinsic': [ '1.2.6' ],
81 silly audit   glob: [ '11.0.0' ],
81 silly audit   'brace-expansion': [ '2.0.1' ],
81 silly audit   minimatch: [ '10.0.1' ],
81 silly audit   gopd: [ '1.2.0' ],
81 silly audit   'graceful-fs': [ '4.2.11' ],
81 silly audit   handlebars: [ '4.7.8', '4.7.7' ],
81 silly audit   'has-property-descriptors': [ '1.0.2' ],
81 silly audit   'has-symbols': [ '1.1.0' ],
81 silly audit   hasown: [ '2.0.2' ],
81 silly audit   hbs: [ '4.2.0' ],
81 silly audit   inherits: [ '2.0.3', '2.0.4' ],
81 silly audit   'iconv-lite': [ '0.4.24' ],
81 silly audit   'ip-address': [ '9.0.5' ],
81 silly audit   'ipaddr.js': [ '1.9.1' ],
81 silly audit   'is-fullwidth-code-point': [ '3.0.0' ],
81 silly audit   isexe: [ '2.0.0' ],
81 silly audit   jackspeak: [ '4.0.2' ],
81 silly audit   jsbn: [ '1.1.0' ],
81 silly audit   kareem: [ '2.6.3' ],
81 silly audit   'lru-cache': [ '11.0.2' ],
81 silly audit   'math-intrinsics': [ '1.0.0' ],
81 silly audit   'media-typer': [ '0.3.0' ],
81 silly audit   'memory-pager': [ '1.5.0' ],
81 silly audit   'merge-descriptors': [ '1.0.3' ],
81 silly audit   methods: [ '1.1.2' ],
81 silly audit   mime: [ '1.6.0' ],
81 silly audit   'mime-db': [ '1.52.0' ],
81 silly audit   'mime-types': [ '2.1.35' ],
81 silly audit   minimist: [ '1.2.8' ],
81 silly audit   minipass: [ '7.1.2' ],
81 silly audit   mongodb: [ '6.12.0' ],
81 silly audit   'mongodb-connection-string-url': [ '3.0.1' ],
81 silly audit   mongoose: [ '8.9.0' ],
81 silly audit   morgan: [ '1.9.1' ],
81 silly audit   mpath: [ '0.9.0' ],
81 silly audit   mquery: [ '5.0.0' ],
81 silly audit   negotiator: [ '0.6.3' ],
81 silly audit   'neo-async': [ '2.6.2' ],
81 silly audit   oauth: [ '0.10.0' ],
81 silly audit   'object-inspect': [ '1.13.3' ],
81 silly audit   'on-headers': [ '1.0.2' ],
81 silly audit   'package-json-from-dist': [ '1.0.1' ],
81 silly audit   parseurl: [ '1.3.3' ],
81 silly audit   passport: [ '0.7.0' ],
81 silly audit   'passport-github2': [ '0.1.12' ],
81 silly audit   'passport-local': [ '1.0.0' ],
81 silly audit   'passport-oauth2': [ '1.8.0' ],
81 silly audit   'passport-strategy': [ '1.0.0' ],
81 silly audit   'path-key': [ '3.1.1' ],
81 silly audit   'path-scurry': [ '2.0.0' ],
81 silly audit   'path-to-regexp': [ '0.1.12' ],
81 silly audit   pause: [ '0.0.1' ],
81 silly audit   'proxy-addr': [ '2.0.7' ],
81 silly audit   punycode: [ '2.3.1' ],
81 silly audit   qs: [ '6.13.0' ],
81 silly audit   'random-bytes': [ '1.0.0' ],
81 silly audit   'range-parser': [ '1.2.1' ],
81 silly audit   'raw-body': [ '2.5.2' ],
81 silly audit   'safer-buffer': [ '2.1.2' ],
81 silly audit   send: [ '0.19.0' ],
81 silly audit   'serve-static': [ '1.16.2' ],
81 silly audit   'set-function-length': [ '1.2.2' ],
81 silly audit   'shebang-command': [ '2.0.0' ],
81 silly audit   'shebang-regex': [ '3.0.0' ],
81 silly audit   'side-channel': [ '1.1.0' ],
81 silly audit   'side-channel-list': [ '1.0.0' ],
81 silly audit   'side-channel-map': [ '1.0.1' ],
81 silly audit   'side-channel-weakmap': [ '1.0.2' ],
81 silly audit   sift: [ '17.1.3' ],
81 silly audit   'signal-exit': [ '4.1.0' ],
81 silly audit   'smart-buffer': [ '4.2.0' ],
81 silly audit   socks: [ '2.8.3' ],
81 silly audit   'source-map': [ '0.6.1' ],
81 silly audit   'sparse-bitfield': [ '3.0.3' ],
81 silly audit   'sprintf-js': [ '1.1.3' ],
81 silly audit   'string-width': [ '5.1.2', '4.2.3' ],
81 silly audit   'strip-ansi': [ '6.0.1', '7.1.0' ],
81 silly audit   strnum: [ '1.0.5' ],
81 silly audit   toidentifier: [ '1.0.1' ],
81 silly audit   tr46: [ '4.1.1' ],
81 silly audit   tslib: [ '2.8.1' ],
81 silly audit   'type-is': [ '1.6.18' ],
81 silly audit   'uglify-js': [ '3.19.3' ],
81 silly audit   'uid-safe': [ '2.1.5' ],
81 silly audit   uid2: [ '0.0.4' ],
81 silly audit   unpipe: [ '1.0.0' ],
81 silly audit   'utils-merge': [ '1.0.1' ],
81 silly audit   uuid: [ '9.0.1' ],
81 silly audit   vary: [ '1.1.2' ],
81 silly audit   walk: [ '2.3.15' ],
81 silly audit   'webidl-conversions': [ '7.0.0' ],
81 silly audit   'whatwg-url': [ '13.0.0' ],
81 silly audit   which: [ '2.0.2' ],
81 silly audit   wordwrap: [ '1.0.0' ],
81 silly audit   'wrap-ansi': [ '8.1.0', '7.0.0' ],
81 silly audit   'connect-mongo': [ '5.1.0' ],
81 silly audit   kruptein: [ '3.0.7' ],
81 silly audit   'asn1.js': [ '5.4.1' ],
81 silly audit   'bn.js': [ '4.12.1' ],
81 silly audit   'minimalistic-assert': [ '1.0.1' ]
81 silly audit }
82 http cache minimalistic-assert@https://registry.npmjs.org/minimalistic-assert/-/minimalistic-assert-1.0.1.tgz 0ms (cache hit)
83 http cache bn.js@https://registry.npmjs.org/bn.js/-/bn.js-4.12.1.tgz 0ms (cache hit)
84 http cache asn1.js@https://registry.npmjs.org/asn1.js/-/asn1.js-5.4.1.tgz 0ms (cache hit)
85 http cache kruptein@https://registry.npmjs.org/kruptein/-/kruptein-3.0.7.tgz 0ms (cache hit)
86 http cache connect-mongo@https://registry.npmjs.org/connect-mongo/-/connect-mongo-5.1.0.tgz 0ms (cache hit)
87 http cache debug@https://registry.npmjs.org/debug/-/debug-4.4.0.tgz 0ms (cache hit)
88 silly tarball no local data for minimalistic-assert@https://registry.npmjs.org/minimalistic-assert/-/minimalistic-assert-1.0.1.tgz. Extracting by manifest.
89 silly tarball no local data for bn.js@https://registry.npmjs.org/bn.js/-/bn.js-4.12.1.tgz. Extracting by manifest.
90 silly tarball no local data for asn1.js@https://registry.npmjs.org/asn1.js/-/asn1.js-5.4.1.tgz. Extracting by manifest.
91 silly tarball no local data for kruptein@https://registry.npmjs.org/kruptein/-/kruptein-3.0.7.tgz. Extracting by manifest.
92 silly tarball no local data for connect-mongo@https://registry.npmjs.org/connect-mongo/-/connect-mongo-5.1.0.tgz. Extracting by manifest.
93 silly tarball no local data for debug@https://registry.npmjs.org/debug/-/debug-4.4.0.tgz. Extracting by manifest.
94 http fetch POST 200 https://registry.npmjs.org/-/npm/v1/security/advisories/bulk 107ms
95 silly audit report {}
96 http fetch GET 200 https://registry.npmjs.org/minimalistic-assert/-/minimalistic-assert-1.0.1.tgz 104ms (cache miss)
97 http fetch GET 200 https://registry.npmjs.org/bn.js/-/bn.js-4.12.1.tgz 143ms (cache miss)
98 http fetch GET 200 https://registry.npmjs.org/debug/-/debug-4.4.0.tgz 161ms (cache miss)
99 http fetch GET 200 https://registry.npmjs.org/kruptein/-/kruptein-3.0.7.tgz 163ms (cache miss)
100 http fetch GET 200 https://registry.npmjs.org/asn1.js/-/asn1.js-5.4.1.tgz 181ms (cache miss)
101 http fetch GET 200 https://registry.npmjs.org/connect-mongo/-/connect-mongo-5.1.0.tgz 540ms (cache miss)
102 silly ADD node_modules/minimalistic-assert
103 silly ADD node_modules/bn.js
104 silly ADD node_modules/asn1.js
105 silly ADD node_modules/kruptein
106 silly ADD node_modules/connect-mongo
107 silly ADD node_modules/connect-mongo/node_modules/debug
108 verbose cwd C:\dogDaycare
109 verbose os Windows_NT 10.0.22631
110 verbose node v20.17.0
111 verbose npm  v10.9.2
112 verbose exit 0
113 info ok
