0 verbose cli C:\Program Files\nodejs\node.exe C:\Users\prin_\AppData\Roaming\npm\node_modules\npm\bin\npm-cli.js
1 info using npm@10.9.2
2 info using node@v20.17.0
3 silly config load:file:C:\Users\prin_\AppData\Roaming\npm\node_modules\npm\npmrc
4 silly config load:file:C:\Users\prin_\OneDrive\Documentos\GeorgianClasses\Semester4\JavaScriptFrameworks\dogDaycare\.npmrc
5 silly config load:file:C:\Users\prin_\.npmrc
6 silly config load:file:C:\Users\prin_\AppData\Roaming\npm\etc\npmrc
7 verbose title npm install
8 verbose argv "install"
9 verbose logfile logs-max:10 dir:C:\Users\prin_\OneDrive\Documentos\GeorgianClasses\Semester4\JavaScriptFrameworks\dogDaycare\Usersprin_npm-cache\_logs\2024-12-11T01_45_31_426Z-
10 verbose logfile C:\Users\prin_\OneDrive\Documentos\GeorgianClasses\Semester4\JavaScriptFrameworks\dogDaycare\Usersprin_npm-cache\_logs\2024-12-11T01_45_31_426Z-debug-0.log
11 silly logfile done cleaning log files
12 silly packumentCache heap:4345298944 maxSize:1086324736 maxEntrySize:543162368
13 silly idealTree buildDeps
14 silly fetch manifest debug@^4.3.4
15 silly packumentCache full:https://registry.npmjs.org/debug cache-miss
16 http fetch GET 200 https://registry.npmjs.org/debug 464ms (cache revalidated)
17 silly packumentCache full:https://registry.npmjs.org/debug set size:191347 disposed:false
18 silly fetch manifest http-errors@^2.0.0
19 silly packumentCache full:https://registry.npmjs.org/http-errors cache-miss
20 http fetch GET 200 https://registry.npmjs.org/http-errors 73ms (cache miss)
21 silly packumentCache full:https://registry.npmjs.org/http-errors set size:undefined disposed:false
22 silly fetch manifest morgan@^1.10.0
23 silly packumentCache full:https://registry.npmjs.org/morgan cache-miss
24 http fetch GET 200 https://registry.npmjs.org/morgan 61ms (cache miss)
25 silly packumentCache full:https://registry.npmjs.org/morgan set size:undefined disposed:false
26 silly placeDep ROOT debug@4.4.0 REPLACE for: dogdaycare@0.0.0 want: ^4.3.4
27 silly placeDep ROOT http-errors@2.0.0 REPLACE for: dogdaycare@0.0.0 want: ^2.0.0
28 silly placeDep ROOT morgan@1.10.0 REPLACE for: dogdaycare@0.0.0 want: ^1.10.0
29 silly fetch manifest ms@^2.1.3
30 silly packumentCache full:https://registry.npmjs.org/ms cache-miss
31 silly fetch manifest depd@2.0.0
32 silly packumentCache full:https://registry.npmjs.org/depd cache-miss
33 silly fetch manifest inherits@2.0.4
34 silly packumentCache full:https://registry.npmjs.org/inherits cache-miss
35 silly fetch manifest setprototypeof@1.2.0
36 silly packumentCache full:https://registry.npmjs.org/setprototypeof cache-miss
37 silly fetch manifest statuses@2.0.1
38 silly packumentCache full:https://registry.npmjs.org/statuses cache-miss
39 silly fetch manifest depd@~2.0.0
40 silly packumentCache full:https://registry.npmjs.org/depd cache-miss
41 silly fetch manifest debug@2.6.9
42 silly packumentCache full:https://registry.npmjs.org/debug cache-hit
43 http fetch GET 200 https://registry.npmjs.org/ms 144ms (cache revalidated)
44 silly packumentCache full:https://registry.npmjs.org/ms set size:84885 disposed:false
45 http fetch GET 200 https://registry.npmjs.org/depd 155ms (cache miss)
46 silly packumentCache full:https://registry.npmjs.org/depd set size:undefined disposed:false
47 http fetch GET 200 https://registry.npmjs.org/setprototypeof 162ms (cache miss)
48 silly packumentCache full:https://registry.npmjs.org/setprototypeof set size:undefined disposed:false
49 http fetch GET 200 https://registry.npmjs.org/statuses 164ms (cache miss)
50 silly packumentCache full:https://registry.npmjs.org/statuses set size:undefined disposed:false
51 http fetch GET 200 https://registry.npmjs.org/depd 169ms (cache miss)
52 silly packumentCache full:https://registry.npmjs.org/depd set size:undefined disposed:false
53 http fetch GET 200 https://registry.npmjs.org/inherits 173ms (cache miss)
54 silly packumentCache full:https://registry.npmjs.org/inherits set size:undefined disposed:false
55 silly placeDep node_modules/body-parser debug@2.6.9 OK for: body-parser@1.20.3 want: 2.6.9
56 silly fetch manifest ms@2.0.0
57 silly packumentCache full:https://registry.npmjs.org/ms cache-hit
58 silly placeDep ROOT ms@2.1.3 OK for: debug@4.4.0 want: ^2.1.3
59 silly placeDep node_modules/express debug@2.6.9 OK for: express@4.21.2 want: 2.6.9
60 silly placeDep node_modules/express-session debug@2.6.9 OK for: express-session@1.18.1 want: 2.6.9
61 silly placeDep node_modules/finalhandler debug@2.6.9 OK for: finalhandler@1.3.1 want: 2.6.9
62 silly placeDep ROOT depd@2.0.0 OK for: http-errors@2.0.0 want: 2.0.0
63 silly placeDep ROOT inherits@2.0.4 REPLACE for: http-errors@2.0.0 want: 2.0.4
64 silly placeDep ROOT setprototypeof@1.2.0 OK for: http-errors@2.0.0 want: 1.2.0
65 silly placeDep ROOT statuses@2.0.1 OK for: http-errors@2.0.0 want: 2.0.1
66 silly placeDep node_modules/morgan debug@2.6.9 OK for: morgan@1.10.0 want: 2.6.9
67 silly placeDep node_modules/send debug@2.6.9 OK for: send@0.19.0 want: 2.6.9
68 silly placeDep node_modules/body-parser ms@2.0.0 OK for: debug@2.6.9 want: 2.0.0
69 silly placeDep node_modules/express-session ms@2.0.0 OK for: debug@2.6.9 want: 2.0.0
70 silly placeDep node_modules/express ms@2.0.0 OK for: debug@2.6.9 want: 2.0.0
71 silly placeDep node_modules/finalhandler ms@2.0.0 OK for: debug@2.6.9 want: 2.0.0
72 silly placeDep node_modules/morgan ms@2.0.0 OK for: debug@2.6.9 want: 2.0.0
73 silly placeDep node_modules/send/node_modules/debug ms@2.0.0 OK for: debug@2.6.9 want: 2.0.0
74 silly reify mark retired [
74 silly reify   'C:\\Users\\prin_\\OneDrive\\Documentos\\GeorgianClasses\\Semester4\\JavaScriptFrameworks\\dogDaycare\\node_modules\\ansi-regex'
74 silly reify ]
75 silly reify mark retired [
75 silly reify   'C:\\Users\\prin_\\OneDrive\\Documentos\\GeorgianClasses\\Semester4\\JavaScriptFrameworks\\dogDaycare\\node_modules\\ansi-styles'
75 silly reify ]
76 silly reify mark retired [
76 silly reify   'C:\\Users\\prin_\\OneDrive\\Documentos\\GeorgianClasses\\Semester4\\JavaScriptFrameworks\\dogDaycare\\node_modules\\basic-auth\\node_modules\\safe-buffer'
76 silly reify ]
77 silly reify mark retired [
77 silly reify   'C:\\Users\\prin_\\OneDrive\\Documentos\\GeorgianClasses\\Semester4\\JavaScriptFrameworks\\dogDaycare\\node_modules\\brace-expansion'
77 silly reify ]
78 silly reify mark retired [
78 silly reify   'C:\\Users\\prin_\\OneDrive\\Documentos\\GeorgianClasses\\Semester4\\JavaScriptFrameworks\\dogDaycare\\node_modules\\bson'
78 silly reify ]
79 silly reify mark retired [
79 silly reify   'C:\\Users\\prin_\\OneDrive\\Documentos\\GeorgianClasses\\Semester4\\JavaScriptFrameworks\\dogDaycare\\node_modules\\call-bind'
79 silly reify ]
80 silly reify mark retired [
80 silly reify   'C:\\Users\\prin_\\OneDrive\\Documentos\\GeorgianClasses\\Semester4\\JavaScriptFrameworks\\dogDaycare\\node_modules\\call-bind-apply-helpers'
80 silly reify ]
81 silly reify mark retired [
81 silly reify   'C:\\Users\\prin_\\OneDrive\\Documentos\\GeorgianClasses\\Semester4\\JavaScriptFrameworks\\dogDaycare\\node_modules\\depd'
81 silly reify ]
82 silly reify mark retired [
82 silly reify   'C:\\Users\\prin_\\OneDrive\\Documentos\\GeorgianClasses\\Semester4\\JavaScriptFrameworks\\dogDaycare\\node_modules\\dunder-proto'
82 silly reify ]
83 silly reify mark retired [
83 silly reify   'C:\\Users\\prin_\\OneDrive\\Documentos\\GeorgianClasses\\Semester4\\JavaScriptFrameworks\\dogDaycare\\node_modules\\emoji-regex'
83 silly reify ]
84 silly reify mark retired [
84 silly reify   'C:\\Users\\prin_\\OneDrive\\Documentos\\GeorgianClasses\\Semester4\\JavaScriptFrameworks\\dogDaycare\\node_modules\\es-define-property'
84 silly reify ]
85 silly reify mark retired [
85 silly reify   'C:\\Users\\prin_\\OneDrive\\Documentos\\GeorgianClasses\\Semester4\\JavaScriptFrameworks\\dogDaycare\\node_modules\\get-intrinsic'
85 silly reify ]
86 silly reify mark retired [
86 silly reify   'C:\\Users\\prin_\\OneDrive\\Documentos\\GeorgianClasses\\Semester4\\JavaScriptFrameworks\\dogDaycare\\node_modules\\glob\\node_modules\\minimatch'
86 silly reify ]
87 silly reify mark retired [
87 silly reify   'C:\\Users\\prin_\\OneDrive\\Documentos\\GeorgianClasses\\Semester4\\JavaScriptFrameworks\\dogDaycare\\node_modules\\glob\\node_modules\\brace-expansion'
87 silly reify ]
88 silly reify mark retired [
88 silly reify   'C:\\Users\\prin_\\OneDrive\\Documentos\\GeorgianClasses\\Semester4\\JavaScriptFrameworks\\dogDaycare\\node_modules\\gopd'
88 silly reify ]
89 silly reify mark retired [
89 silly reify   'C:\\Users\\prin_\\OneDrive\\Documentos\\GeorgianClasses\\Semester4\\JavaScriptFrameworks\\dogDaycare\\node_modules\\has-symbols'
89 silly reify ]
90 silly reify mark retired [
90 silly reify   'C:\\Users\\prin_\\OneDrive\\Documentos\\GeorgianClasses\\Semester4\\JavaScriptFrameworks\\dogDaycare\\node_modules\\inherits'
90 silly reify ]
91 silly reify mark retired [
91 silly reify   'C:\\Users\\prin_\\OneDrive\\Documentos\\GeorgianClasses\\Semester4\\JavaScriptFrameworks\\dogDaycare\\node_modules\\minimatch'
91 silly reify ]
92 silly reify mark retired [
92 silly reify   'C:\\Users\\prin_\\OneDrive\\Documentos\\GeorgianClasses\\Semester4\\JavaScriptFrameworks\\dogDaycare\\node_modules\\mquery\\node_modules\\debug'
92 silly reify ]
93 silly reify mark retired [
93 silly reify   'C:\\Users\\prin_\\OneDrive\\Documentos\\GeorgianClasses\\Semester4\\JavaScriptFrameworks\\dogDaycare\\node_modules\\mquery\\node_modules\\ms'
93 silly reify ]
94 silly reify mark retired [
94 silly reify   'C:\\Users\\prin_\\OneDrive\\Documentos\\GeorgianClasses\\Semester4\\JavaScriptFrameworks\\dogDaycare\\node_modules\\ms'
94 silly reify ]
95 silly reify mark retired [
95 silly reify   'C:\\Users\\prin_\\OneDrive\\Documentos\\GeorgianClasses\\Semester4\\JavaScriptFrameworks\\dogDaycare\\node_modules\\on-finished'
95 silly reify ]
96 silly reify mark retired [
96 silly reify   'C:\\Users\\prin_\\OneDrive\\Documentos\\GeorgianClasses\\Semester4\\JavaScriptFrameworks\\dogDaycare\\node_modules\\raw-body\\node_modules\\depd'
96 silly reify ]
97 silly reify mark retired [
97 silly reify   'C:\\Users\\prin_\\OneDrive\\Documentos\\GeorgianClasses\\Semester4\\JavaScriptFrameworks\\dogDaycare\\node_modules\\raw-body\\node_modules\\http-errors'
97 silly reify ]
98 silly reify mark retired [
98 silly reify   'C:\\Users\\prin_\\OneDrive\\Documentos\\GeorgianClasses\\Semester4\\JavaScriptFrameworks\\dogDaycare\\node_modules\\raw-body\\node_modules\\inherits'
98 silly reify ]
99 silly reify mark retired [
99 silly reify   'C:\\Users\\prin_\\OneDrive\\Documentos\\GeorgianClasses\\Semester4\\JavaScriptFrameworks\\dogDaycare\\node_modules\\raw-body\\node_modules\\setprototypeof'
99 silly reify ]
100 silly reify mark retired [
100 silly reify   'C:\\Users\\prin_\\OneDrive\\Documentos\\GeorgianClasses\\Semester4\\JavaScriptFrameworks\\dogDaycare\\node_modules\\raw-body\\node_modules\\statuses'
100 silly reify ]
101 silly reify mark retired [
101 silly reify   'C:\\Users\\prin_\\OneDrive\\Documentos\\GeorgianClasses\\Semester4\\JavaScriptFrameworks\\dogDaycare\\node_modules\\safe-buffer'
101 silly reify ]
102 silly reify mark retired [
102 silly reify   'C:\\Users\\prin_\\OneDrive\\Documentos\\GeorgianClasses\\Semester4\\JavaScriptFrameworks\\dogDaycare\\node_modules\\semver',
102 silly reify   'C:\\Users\\prin_\\OneDrive\\Documentos\\GeorgianClasses\\Semester4\\JavaScriptFrameworks\\dogDaycare\\node_modules\\.bin\\semver',
102 silly reify   'C:\\Users\\prin_\\OneDrive\\Documentos\\GeorgianClasses\\Semester4\\JavaScriptFrameworks\\dogDaycare\\node_modules\\.bin\\semver.cmd',
102 silly reify   'C:\\Users\\prin_\\OneDrive\\Documentos\\GeorgianClasses\\Semester4\\JavaScriptFrameworks\\dogDaycare\\node_modules\\.bin\\semver.ps1'
102 silly reify ]
103 silly reify mark retired [
103 silly reify   'C:\\Users\\prin_\\OneDrive\\Documentos\\GeorgianClasses\\Semester4\\JavaScriptFrameworks\\dogDaycare\\node_modules\\send\\node_modules\\depd'
103 silly reify ]
104 silly reify mark retired [
104 silly reify   'C:\\Users\\prin_\\OneDrive\\Documentos\\GeorgianClasses\\Semester4\\JavaScriptFrameworks\\dogDaycare\\node_modules\\send\\node_modules\\http-errors'
104 silly reify ]
105 silly reify mark retired [
105 silly reify   'C:\\Users\\prin_\\OneDrive\\Documentos\\GeorgianClasses\\Semester4\\JavaScriptFrameworks\\dogDaycare\\node_modules\\send\\node_modules\\inherits'
105 silly reify ]
106 silly reify mark retired [
106 silly reify   'C:\\Users\\prin_\\OneDrive\\Documentos\\GeorgianClasses\\Semester4\\JavaScriptFrameworks\\dogDaycare\\node_modules\\send\\node_modules\\ms'
106 silly reify ]
107 silly reify mark retired [
107 silly reify   'C:\\Users\\prin_\\OneDrive\\Documentos\\GeorgianClasses\\Semester4\\JavaScriptFrameworks\\dogDaycare\\node_modules\\send\\node_modules\\statuses'
107 silly reify ]
108 silly reify mark retired [
108 silly reify   'C:\\Users\\prin_\\OneDrive\\Documentos\\GeorgianClasses\\Semester4\\JavaScriptFrameworks\\dogDaycare\\node_modules\\send\\node_modules\\setprototypeof'
108 silly reify ]
109 silly reify mark retired [
109 silly reify   'C:\\Users\\prin_\\OneDrive\\Documentos\\GeorgianClasses\\Semester4\\JavaScriptFrameworks\\dogDaycare\\node_modules\\setprototypeof'
109 silly reify ]
110 silly reify mark retired [
110 silly reify   'C:\\Users\\prin_\\OneDrive\\Documentos\\GeorgianClasses\\Semester4\\JavaScriptFrameworks\\dogDaycare\\node_modules\\simple-update-notifier'
110 silly reify ]
111 silly reify mark retired [
111 silly reify   'C:\\Users\\prin_\\OneDrive\\Documentos\\GeorgianClasses\\Semester4\\JavaScriptFrameworks\\dogDaycare\\node_modules\\statuses'
111 silly reify ]
112 silly reify mark retired [
112 silly reify   'C:\\Users\\prin_\\OneDrive\\Documentos\\GeorgianClasses\\Semester4\\JavaScriptFrameworks\\dogDaycare\\node_modules\\string-width\\node_modules\\ansi-regex'
112 silly reify ]
113 silly reify mark retired [
113 silly reify   'C:\\Users\\prin_\\OneDrive\\Documentos\\GeorgianClasses\\Semester4\\JavaScriptFrameworks\\dogDaycare\\node_modules\\string-width\\node_modules\\emoji-regex'
113 silly reify ]
114 silly reify mark retired [
114 silly reify   'C:\\Users\\prin_\\OneDrive\\Documentos\\GeorgianClasses\\Semester4\\JavaScriptFrameworks\\dogDaycare\\node_modules\\string-width\\node_modules\\strip-ansi'
114 silly reify ]
115 silly reify mark retired [
115 silly reify   'C:\\Users\\prin_\\OneDrive\\Documentos\\GeorgianClasses\\Semester4\\JavaScriptFrameworks\\dogDaycare\\node_modules\\strip-ansi'
115 silly reify ]
116 silly reify mark retired [
116 silly reify   'C:\\Users\\prin_\\OneDrive\\Documentos\\GeorgianClasses\\Semester4\\JavaScriptFrameworks\\dogDaycare\\node_modules\\wrap-ansi\\node_modules\\ansi-regex'
116 silly reify ]
117 silly reify mark retired [
117 silly reify   'C:\\Users\\prin_\\OneDrive\\Documentos\\GeorgianClasses\\Semester4\\JavaScriptFrameworks\\dogDaycare\\node_modules\\wrap-ansi\\node_modules\\strip-ansi'
117 silly reify ]
118 silly reify mark retired [
118 silly reify   'C:\\Users\\prin_\\OneDrive\\Documentos\\GeorgianClasses\\Semester4\\JavaScriptFrameworks\\dogDaycare\\node_modules\\wrap-ansi\\node_modules\\ansi-styles'
118 silly reify ]
119 silly reify mark retired [
119 silly reify   'C:\\Users\\prin_\\OneDrive\\Documentos\\GeorgianClasses\\Semester4\\JavaScriptFrameworks\\dogDaycare\\node_modules\\@isaacs\\cliui\\node_modules\\ansi-regex'
119 silly reify ]
120 silly reify mark retired [
120 silly reify   'C:\\Users\\prin_\\OneDrive\\Documentos\\GeorgianClasses\\Semester4\\JavaScriptFrameworks\\dogDaycare\\node_modules\\@isaacs\\cliui\\node_modules\\strip-ansi'
120 silly reify ]
121 silly reify mark retired [
121 silly reify   'C:\\Users\\prin_\\OneDrive\\Documentos\\GeorgianClasses\\Semester4\\JavaScriptFrameworks\\dogDaycare\\node_modules\\connect-flash'
121 silly reify ]
122 silly reify mark retired [
122 silly reify   'C:\\Users\\prin_\\OneDrive\\Documentos\\GeorgianClasses\\Semester4\\JavaScriptFrameworks\\dogDaycare\\node_modules\\bcryptjs'
122 silly reify ]
123 silly reify mark retired [
123 silly reify   'C:\\Users\\prin_\\OneDrive\\Documentos\\GeorgianClasses\\Semester4\\JavaScriptFrameworks\\dogDaycare\\node_modules\\body-parser'
123 silly reify ]
124 silly reify mark retired [
124 silly reify   'C:\\Users\\prin_\\OneDrive\\Documentos\\GeorgianClasses\\Semester4\\JavaScriptFrameworks\\dogDaycare\\node_modules\\connect-mongo'
124 silly reify ]
125 silly reify mark retired [
125 silly reify   'C:\\Users\\prin_\\OneDrive\\Documentos\\GeorgianClasses\\Semester4\\JavaScriptFrameworks\\dogDaycare\\node_modules\\cookie-parser'
125 silly reify ]
126 silly reify mark retired [
126 silly reify   'C:\\Users\\prin_\\OneDrive\\Documentos\\GeorgianClasses\\Semester4\\JavaScriptFrameworks\\dogDaycare\\node_modules\\debug'
126 silly reify ]
127 silly reify mark retired [
127 silly reify   'C:\\Users\\prin_\\OneDrive\\Documentos\\GeorgianClasses\\Semester4\\JavaScriptFrameworks\\dogDaycare\\node_modules\\dotenv'
127 silly reify ]
128 silly reify mark retired [
128 silly reify   'C:\\Users\\prin_\\OneDrive\\Documentos\\GeorgianClasses\\Semester4\\JavaScriptFrameworks\\dogDaycare\\node_modules\\express'
128 silly reify ]
129 silly reify mark retired [
129 silly reify   'C:\\Users\\prin_\\OneDrive\\Documentos\\GeorgianClasses\\Semester4\\JavaScriptFrameworks\\dogDaycare\\node_modules\\express-handlebars'
129 silly reify ]
130 silly reify mark retired [
130 silly reify   'C:\\Users\\prin_\\OneDrive\\Documentos\\GeorgianClasses\\Semester4\\JavaScriptFrameworks\\dogDaycare\\node_modules\\express-session'
130 silly reify ]
131 silly reify mark retired [
131 silly reify   'C:\\Users\\prin_\\OneDrive\\Documentos\\GeorgianClasses\\Semester4\\JavaScriptFrameworks\\dogDaycare\\node_modules\\handlebars',
131 silly reify   'C:\\Users\\prin_\\OneDrive\\Documentos\\GeorgianClasses\\Semester4\\JavaScriptFrameworks\\dogDaycare\\node_modules\\.bin\\handlebars',
131 silly reify   'C:\\Users\\prin_\\OneDrive\\Documentos\\GeorgianClasses\\Semester4\\JavaScriptFrameworks\\dogDaycare\\node_modules\\.bin\\handlebars.cmd',
131 silly reify   'C:\\Users\\prin_\\OneDrive\\Documentos\\GeorgianClasses\\Semester4\\JavaScriptFrameworks\\dogDaycare\\node_modules\\.bin\\handlebars.ps1'
131 silly reify ]
132 silly reify mark retired [
132 silly reify   'C:\\Users\\prin_\\OneDrive\\Documentos\\GeorgianClasses\\Semester4\\JavaScriptFrameworks\\dogDaycare\\node_modules\\hbs'
132 silly reify ]
133 silly reify mark retired [
133 silly reify   'C:\\Users\\prin_\\OneDrive\\Documentos\\GeorgianClasses\\Semester4\\JavaScriptFrameworks\\dogDaycare\\node_modules\\http-errors'
133 silly reify ]
134 silly reify mark retired [
134 silly reify   'C:\\Users\\prin_\\OneDrive\\Documentos\\GeorgianClasses\\Semester4\\JavaScriptFrameworks\\dogDaycare\\node_modules\\mongodb'
134 silly reify ]
135 silly reify mark retired [
135 silly reify   'C:\\Users\\prin_\\OneDrive\\Documentos\\GeorgianClasses\\Semester4\\JavaScriptFrameworks\\dogDaycare\\node_modules\\mongoose'
135 silly reify ]
136 silly reify mark retired [
136 silly reify   'C:\\Users\\prin_\\OneDrive\\Documentos\\GeorgianClasses\\Semester4\\JavaScriptFrameworks\\dogDaycare\\node_modules\\morgan'
136 silly reify ]
137 silly reify mark retired [
137 silly reify   'C:\\Users\\prin_\\OneDrive\\Documentos\\GeorgianClasses\\Semester4\\JavaScriptFrameworks\\dogDaycare\\node_modules\\nodemon',
137 silly reify   'C:\\Users\\prin_\\OneDrive\\Documentos\\GeorgianClasses\\Semester4\\JavaScriptFrameworks\\dogDaycare\\node_modules\\.bin\\nodemon',
137 silly reify   'C:\\Users\\prin_\\OneDrive\\Documentos\\GeorgianClasses\\Semester4\\JavaScriptFrameworks\\dogDaycare\\node_modules\\.bin\\nodemon.cmd',
137 silly reify   'C:\\Users\\prin_\\OneDrive\\Documentos\\GeorgianClasses\\Semester4\\JavaScriptFrameworks\\dogDaycare\\node_modules\\.bin\\nodemon.ps1'
137 silly reify ]
138 silly reify mark retired [
138 silly reify   'C:\\Users\\prin_\\OneDrive\\Documentos\\GeorgianClasses\\Semester4\\JavaScriptFrameworks\\dogDaycare\\node_modules\\passport'
138 silly reify ]
139 silly reify mark retired [
139 silly reify   'C:\\Users\\prin_\\OneDrive\\Documentos\\GeorgianClasses\\Semester4\\JavaScriptFrameworks\\dogDaycare\\node_modules\\passport-github2'
139 silly reify ]
140 silly reify mark retired [
140 silly reify   'C:\\Users\\prin_\\OneDrive\\Documentos\\GeorgianClasses\\Semester4\\JavaScriptFrameworks\\dogDaycare\\node_modules\\passport-local'
140 silly reify ]
141 silly reify moves {
141 silly reify   'C:\\Users\\prin_\\OneDrive\\Documentos\\GeorgianClasses\\Semester4\\JavaScriptFrameworks\\dogDaycare\\node_modules\\ansi-regex': 'C:\\Users\\prin_\\OneDrive\\Documentos\\GeorgianClasses\\Semester4\\JavaScriptFrameworks\\dogDaycare\\node_modules\\.ansi-regex-ZlcHPTyL',
141 silly reify   'C:\\Users\\prin_\\OneDrive\\Documentos\\GeorgianClasses\\Semester4\\JavaScriptFrameworks\\dogDaycare\\node_modules\\ansi-styles': 'C:\\Users\\prin_\\OneDrive\\Documentos\\GeorgianClasses\\Semester4\\JavaScriptFrameworks\\dogDaycare\\node_modules\\.ansi-styles-Uns3GiF0',
141 silly reify   'C:\\Users\\prin_\\OneDrive\\Documentos\\GeorgianClasses\\Semester4\\JavaScriptFrameworks\\dogDaycare\\node_modules\\basic-auth\\node_modules\\safe-buffer': 'C:\\Users\\prin_\\OneDrive\\Documentos\\GeorgianClasses\\Semester4\\JavaScriptFrameworks\\dogDaycare\\node_modules\\basic-auth\\node_modules\\.safe-buffer-1Pu9hDLM',
141 silly reify   'C:\\Users\\prin_\\OneDrive\\Documentos\\GeorgianClasses\\Semester4\\JavaScriptFrameworks\\dogDaycare\\node_modules\\brace-expansion': 'C:\\Users\\prin_\\OneDrive\\Documentos\\GeorgianClasses\\Semester4\\JavaScriptFrameworks\\dogDaycare\\node_modules\\.brace-expansion-CG7Jg0O3',
141 silly reify   'C:\\Users\\prin_\\OneDrive\\Documentos\\GeorgianClasses\\Semester4\\JavaScriptFrameworks\\dogDaycare\\node_modules\\bson': 'C:\\Users\\prin_\\OneDrive\\Documentos\\GeorgianClasses\\Semester4\\JavaScriptFrameworks\\dogDaycare\\node_modules\\.bson-fwmfZ6vi',
141 silly reify   'C:\\Users\\prin_\\OneDrive\\Documentos\\GeorgianClasses\\Semester4\\JavaScriptFrameworks\\dogDaycare\\node_modules\\call-bind': 'C:\\Users\\prin_\\OneDrive\\Documentos\\GeorgianClasses\\Semester4\\JavaScriptFrameworks\\dogDaycare\\node_modules\\.call-bind-veD3GNHX',
141 silly reify   'C:\\Users\\prin_\\OneDrive\\Documentos\\GeorgianClasses\\Semester4\\JavaScriptFrameworks\\dogDaycare\\node_modules\\call-bind-apply-helpers': 'C:\\Users\\prin_\\OneDrive\\Documentos\\GeorgianClasses\\Semester4\\JavaScriptFrameworks\\dogDaycare\\node_modules\\.call-bind-apply-helpers-mTVn6t8r',
141 silly reify   'C:\\Users\\prin_\\OneDrive\\Documentos\\GeorgianClasses\\Semester4\\JavaScriptFrameworks\\dogDaycare\\node_modules\\depd': 'C:\\Users\\prin_\\OneDrive\\Documentos\\GeorgianClasses\\Semester4\\JavaScriptFrameworks\\dogDaycare\\node_modules\\.depd-dDkYjo66',
141 silly reify   'C:\\Users\\prin_\\OneDrive\\Documentos\\GeorgianClasses\\Semester4\\JavaScriptFrameworks\\dogDaycare\\node_modules\\dunder-proto': 'C:\\Users\\prin_\\OneDrive\\Documentos\\GeorgianClasses\\Semester4\\JavaScriptFrameworks\\dogDaycare\\node_modules\\.dunder-proto-gp89HPL0',
141 silly reify   'C:\\Users\\prin_\\OneDrive\\Documentos\\GeorgianClasses\\Semester4\\JavaScriptFrameworks\\dogDaycare\\node_modules\\emoji-regex': 'C:\\Users\\prin_\\OneDrive\\Documentos\\GeorgianClasses\\Semester4\\JavaScriptFrameworks\\dogDaycare\\node_modules\\.emoji-regex-IM4qlFol',
141 silly reify   'C:\\Users\\prin_\\OneDrive\\Documentos\\GeorgianClasses\\Semester4\\JavaScriptFrameworks\\dogDaycare\\node_modules\\es-define-property': 'C:\\Users\\prin_\\OneDrive\\Documentos\\GeorgianClasses\\Semester4\\JavaScriptFrameworks\\dogDaycare\\node_modules\\.es-define-property-JGxgUezp',
141 silly reify   'C:\\Users\\prin_\\OneDrive\\Documentos\\GeorgianClasses\\Semester4\\JavaScriptFrameworks\\dogDaycare\\node_modules\\get-intrinsic': 'C:\\Users\\prin_\\OneDrive\\Documentos\\GeorgianClasses\\Semester4\\JavaScriptFrameworks\\dogDaycare\\node_modules\\.get-intrinsic-agnT2HHM',
141 silly reify   'C:\\Users\\prin_\\OneDrive\\Documentos\\GeorgianClasses\\Semester4\\JavaScriptFrameworks\\dogDaycare\\node_modules\\glob\\node_modules\\minimatch': 'C:\\Users\\prin_\\OneDrive\\Documentos\\GeorgianClasses\\Semester4\\JavaScriptFrameworks\\dogDaycare\\node_modules\\glob\\node_modules\\.minimatch-XFgIruVY',
141 silly reify   'C:\\Users\\prin_\\OneDrive\\Documentos\\GeorgianClasses\\Semester4\\JavaScriptFrameworks\\dogDaycare\\node_modules\\glob\\node_modules\\brace-expansion': 'C:\\Users\\prin_\\OneDrive\\Documentos\\GeorgianClasses\\Semester4\\JavaScriptFrameworks\\dogDaycare\\node_modules\\glob\\node_modules\\.brace-expansion-GH1ledEW',
141 silly reify   'C:\\Users\\prin_\\OneDrive\\Documentos\\GeorgianClasses\\Semester4\\JavaScriptFrameworks\\dogDaycare\\node_modules\\gopd': 'C:\\Users\\prin_\\OneDrive\\Documentos\\GeorgianClasses\\Semester4\\JavaScriptFrameworks\\dogDaycare\\node_modules\\.gopd-J1smcNc3',
141 silly reify   'C:\\Users\\prin_\\OneDrive\\Documentos\\GeorgianClasses\\Semester4\\JavaScriptFrameworks\\dogDaycare\\node_modules\\has-symbols': 'C:\\Users\\prin_\\OneDrive\\Documentos\\GeorgianClasses\\Semester4\\JavaScriptFrameworks\\dogDaycare\\node_modules\\.has-symbols-lvKAlaJx',
141 silly reify   'C:\\Users\\prin_\\OneDrive\\Documentos\\GeorgianClasses\\Semester4\\JavaScriptFrameworks\\dogDaycare\\node_modules\\inherits': 'C:\\Users\\prin_\\OneDrive\\Documentos\\GeorgianClasses\\Semester4\\JavaScriptFrameworks\\dogDaycare\\node_modules\\.inherits-SpH3xSCk',
141 silly reify   'C:\\Users\\prin_\\OneDrive\\Documentos\\GeorgianClasses\\Semester4\\JavaScriptFrameworks\\dogDaycare\\node_modules\\minimatch': 'C:\\Users\\prin_\\OneDrive\\Documentos\\GeorgianClasses\\Semester4\\JavaScriptFrameworks\\dogDaycare\\node_modules\\.minimatch-Wisv0cvO',
141 silly reify   'C:\\Users\\prin_\\OneDrive\\Documentos\\GeorgianClasses\\Semester4\\JavaScriptFrameworks\\dogDaycare\\node_modules\\mquery\\node_modules\\debug': 'C:\\Users\\prin_\\OneDrive\\Documentos\\GeorgianClasses\\Semester4\\JavaScriptFrameworks\\dogDaycare\\node_modules\\mquery\\node_modules\\.debug-YwB4ILau',
141 silly reify   'C:\\Users\\prin_\\OneDrive\\Documentos\\GeorgianClasses\\Semester4\\JavaScriptFrameworks\\dogDaycare\\node_modules\\mquery\\node_modules\\ms': 'C:\\Users\\prin_\\OneDrive\\Documentos\\GeorgianClasses\\Semester4\\JavaScriptFrameworks\\dogDaycare\\node_modules\\mquery\\node_modules\\.ms-r87jBWqQ',
141 silly reify   'C:\\Users\\prin_\\OneDrive\\Documentos\\GeorgianClasses\\Semester4\\JavaScriptFrameworks\\dogDaycare\\node_modules\\ms': 'C:\\Users\\prin_\\OneDrive\\Documentos\\GeorgianClasses\\Semester4\\JavaScriptFrameworks\\dogDaycare\\node_modules\\.ms-FxG67otc',
141 silly reify   'C:\\Users\\prin_\\OneDrive\\Documentos\\GeorgianClasses\\Semester4\\JavaScriptFrameworks\\dogDaycare\\node_modules\\on-finished': 'C:\\Users\\prin_\\OneDrive\\Documentos\\GeorgianClasses\\Semester4\\JavaScriptFrameworks\\dogDaycare\\node_modules\\.on-finished-0FfZ9zQb',
141 silly reify   'C:\\Users\\prin_\\OneDrive\\Documentos\\GeorgianClasses\\Semester4\\JavaScriptFrameworks\\dogDaycare\\node_modules\\raw-body\\node_modules\\depd': 'C:\\Users\\prin_\\OneDrive\\Documentos\\GeorgianClasses\\Semester4\\JavaScriptFrameworks\\dogDaycare\\node_modules\\raw-body\\node_modules\\.depd-SQG3EFgl',
141 silly reify   'C:\\Users\\prin_\\OneDrive\\Documentos\\GeorgianClasses\\Semester4\\JavaScriptFrameworks\\dogDaycare\\node_modules\\raw-body\\node_modules\\http-errors': 'C:\\Users\\prin_\\OneDrive\\Documentos\\GeorgianClasses\\Semester4\\JavaScriptFrameworks\\dogDaycare\\node_modules\\raw-body\\node_modules\\.http-errors-wse6ftdO',
141 silly reify   'C:\\Users\\prin_\\OneDrive\\Documentos\\GeorgianClasses\\Semester4\\JavaScriptFrameworks\\dogDaycare\\node_modules\\raw-body\\node_modules\\inherits': 'C:\\Users\\prin_\\OneDrive\\Documentos\\GeorgianClasses\\Semester4\\JavaScriptFrameworks\\dogDaycare\\node_modules\\raw-body\\node_modules\\.inherits-OXA1Ughg',
141 silly reify   'C:\\Users\\prin_\\OneDrive\\Documentos\\GeorgianClasses\\Semester4\\JavaScriptFrameworks\\dogDaycare\\node_modules\\raw-body\\node_modules\\setprototypeof': 'C:\\Users\\prin_\\OneDrive\\Documentos\\GeorgianClasses\\Semester4\\JavaScriptFrameworks\\dogDaycare\\node_modules\\raw-body\\node_modules\\.setprototypeof-KFiBMRKu',
141 silly reify   'C:\\Users\\prin_\\OneDrive\\Documentos\\GeorgianClasses\\Semester4\\JavaScriptFrameworks\\dogDaycare\\node_modules\\raw-body\\node_modules\\statuses': 'C:\\Users\\prin_\\OneDrive\\Documentos\\GeorgianClasses\\Semester4\\JavaScriptFrameworks\\dogDaycare\\node_modules\\raw-body\\node_modules\\.statuses-bqwM1y74',
141 silly reify   'C:\\Users\\prin_\\OneDrive\\Documentos\\GeorgianClasses\\Semester4\\JavaScriptFrameworks\\dogDaycare\\node_modules\\safe-buffer': 'C:\\Users\\prin_\\OneDrive\\Documentos\\GeorgianClasses\\Semester4\\JavaScriptFrameworks\\dogDaycare\\node_modules\\.safe-buffer-ILSlq3Vg',
141 silly reify   'C:\\Users\\prin_\\OneDrive\\Documentos\\GeorgianClasses\\Semester4\\JavaScriptFrameworks\\dogDaycare\\node_modules\\semver': 'C:\\Users\\prin_\\OneDrive\\Documentos\\GeorgianClasses\\Semester4\\JavaScriptFrameworks\\dogDaycare\\node_modules\\.semver-GxoiJJ2l',
141 silly reify   'C:\\Users\\prin_\\OneDrive\\Documentos\\GeorgianClasses\\Semester4\\JavaScriptFrameworks\\dogDaycare\\node_modules\\.bin\\semver': 'C:\\Users\\prin_\\OneDrive\\Documentos\\GeorgianClasses\\Semester4\\JavaScriptFrameworks\\dogDaycare\\node_modules\\.bin\\.semver-Kqxyattc',
141 silly reify   'C:\\Users\\prin_\\OneDrive\\Documentos\\GeorgianClasses\\Semester4\\JavaScriptFrameworks\\dogDaycare\\node_modules\\.bin\\semver.cmd': 'C:\\Users\\prin_\\OneDrive\\Documentos\\GeorgianClasses\\Semester4\\JavaScriptFrameworks\\dogDaycare\\node_modules\\.bin\\.semver.cmd-6x8MUHXR',
141 silly reify   'C:\\Users\\prin_\\OneDrive\\Documentos\\GeorgianClasses\\Semester4\\JavaScriptFrameworks\\dogDaycare\\node_modules\\.bin\\semver.ps1': 'C:\\Users\\prin_\\OneDrive\\Documentos\\GeorgianClasses\\Semester4\\JavaScriptFrameworks\\dogDaycare\\node_modules\\.bin\\.semver.ps1-OqkXrR8g',
141 silly reify   'C:\\Users\\prin_\\OneDrive\\Documentos\\GeorgianClasses\\Semester4\\JavaScriptFrameworks\\dogDaycare\\node_modules\\send\\node_modules\\depd': 'C:\\Users\\prin_\\OneDrive\\Documentos\\GeorgianClasses\\Semester4\\JavaScriptFrameworks\\dogDaycare\\node_modules\\send\\node_modules\\.depd-wEF3ruZN',
141 silly reify   'C:\\Users\\prin_\\OneDrive\\Documentos\\GeorgianClasses\\Semester4\\JavaScriptFrameworks\\dogDaycare\\node_modules\\send\\node_modules\\http-errors': 'C:\\Users\\prin_\\OneDrive\\Documentos\\GeorgianClasses\\Semester4\\JavaScriptFrameworks\\dogDaycare\\node_modules\\send\\node_modules\\.http-errors-oLQW32dF',
141 silly reify   'C:\\Users\\prin_\\OneDrive\\Documentos\\GeorgianClasses\\Semester4\\JavaScriptFrameworks\\dogDaycare\\node_modules\\send\\node_modules\\inherits': 'C:\\Users\\prin_\\OneDrive\\Documentos\\GeorgianClasses\\Semester4\\JavaScriptFrameworks\\dogDaycare\\node_modules\\send\\node_modules\\.inherits-dGx9disO',
141 silly reify   'C:\\Users\\prin_\\OneDrive\\Documentos\\GeorgianClasses\\Semester4\\JavaScriptFrameworks\\dogDaycare\\node_modules\\send\\node_modules\\ms': 'C:\\Users\\prin_\\OneDrive\\Documentos\\GeorgianClasses\\Semester4\\JavaScriptFrameworks\\dogDaycare\\node_modules\\send\\node_modules\\.ms-GVgDCXF0',
141 silly reify   'C:\\Users\\prin_\\OneDrive\\Documentos\\GeorgianClasses\\Semester4\\JavaScriptFrameworks\\dogDaycare\\node_modules\\send\\node_modules\\statuses': 'C:\\Users\\prin_\\OneDrive\\Documentos\\GeorgianClasses\\Semester4\\JavaScriptFrameworks\\dogDaycare\\node_modules\\send\\node_modules\\.statuses-raavJxtD',
141 silly reify   'C:\\Users\\prin_\\OneDrive\\Documentos\\GeorgianClasses\\Semester4\\JavaScriptFrameworks\\dogDaycare\\node_modules\\send\\node_modules\\setprototypeof': 'C:\\Users\\prin_\\OneDrive\\Documentos\\GeorgianClasses\\Semester4\\JavaScriptFrameworks\\dogDaycare\\node_modules\\send\\node_modules\\.setprototypeof-uAdKwuAQ',
141 silly reify   'C:\\Users\\prin_\\OneDrive\\Documentos\\GeorgianClasses\\Semester4\\JavaScriptFrameworks\\dogDaycare\\node_modules\\setprototypeof': 'C:\\Users\\prin_\\OneDrive\\Documentos\\GeorgianClasses\\Semester4\\JavaScriptFrameworks\\dogDaycare\\node_modules\\.setprototypeof-oY1Rp88W',
141 silly reify   'C:\\Users\\prin_\\OneDrive\\Documentos\\GeorgianClasses\\Semester4\\JavaScriptFrameworks\\dogDaycare\\node_modules\\simple-update-notifier': 'C:\\Users\\prin_\\OneDrive\\Documentos\\GeorgianClasses\\Semester4\\JavaScriptFrameworks\\dogDaycare\\node_modules\\.simple-update-notifier-MI6un9Dt',
141 silly reify   'C:\\Users\\prin_\\OneDrive\\Documentos\\GeorgianClasses\\Semester4\\JavaScriptFrameworks\\dogDaycare\\node_modules\\statuses': 'C:\\Users\\prin_\\OneDrive\\Documentos\\GeorgianClasses\\Semester4\\JavaScriptFrameworks\\dogDaycare\\node_modules\\.statuses-U72dVj4w',
141 silly reify   'C:\\Users\\prin_\\OneDrive\\Documentos\\GeorgianClasses\\Semester4\\JavaScriptFrameworks\\dogDaycare\\node_modules\\string-width\\node_modules\\ansi-regex': 'C:\\Users\\prin_\\OneDrive\\Documentos\\GeorgianClasses\\Semester4\\JavaScriptFrameworks\\dogDaycare\\node_modules\\string-width\\node_modules\\.ansi-regex-e7iayHwF',
141 silly reify   'C:\\Users\\prin_\\OneDrive\\Documentos\\GeorgianClasses\\Semester4\\JavaScriptFrameworks\\dogDaycare\\node_modules\\string-width\\node_modules\\emoji-regex': 'C:\\Users\\prin_\\OneDrive\\Documentos\\GeorgianClasses\\Semester4\\JavaScriptFrameworks\\dogDaycare\\node_modules\\string-width\\node_modules\\.emoji-regex-XTZRrsh9',
141 silly reify   'C:\\Users\\prin_\\OneDrive\\Documentos\\GeorgianClasses\\Semester4\\JavaScriptFrameworks\\dogDaycare\\node_modules\\string-width\\node_modules\\strip-ansi': 'C:\\Users\\prin_\\OneDrive\\Documentos\\GeorgianClasses\\Semester4\\JavaScriptFrameworks\\dogDaycare\\node_modules\\string-width\\node_modules\\.strip-ansi-HJiRWAPC',
141 silly reify   'C:\\Users\\prin_\\OneDrive\\Documentos\\GeorgianClasses\\Semester4\\JavaScriptFrameworks\\dogDaycare\\node_modules\\strip-ansi': 'C:\\Users\\prin_\\OneDrive\\Documentos\\GeorgianClasses\\Semester4\\JavaScriptFrameworks\\dogDaycare\\node_modules\\.strip-ansi-KevPhoff',
141 silly reify   'C:\\Users\\prin_\\OneDrive\\Documentos\\GeorgianClasses\\Semester4\\JavaScriptFrameworks\\dogDaycare\\node_modules\\wrap-ansi\\node_modules\\ansi-regex': 'C:\\Users\\prin_\\OneDrive\\Documentos\\GeorgianClasses\\Semester4\\JavaScriptFrameworks\\dogDaycare\\node_modules\\wrap-ansi\\node_modules\\.ansi-regex-Ko4UZV8W',
141 silly reify   'C:\\Users\\prin_\\OneDrive\\Documentos\\GeorgianClasses\\Semester4\\JavaScriptFrameworks\\dogDaycare\\node_modules\\wrap-ansi\\node_modules\\strip-ansi': 'C:\\Users\\prin_\\OneDrive\\Documentos\\GeorgianClasses\\Semester4\\JavaScriptFrameworks\\dogDaycare\\node_modules\\wrap-ansi\\node_modules\\.strip-ansi-zPebpotn',
141 silly reify   'C:\\Users\\prin_\\OneDrive\\Documentos\\GeorgianClasses\\Semester4\\JavaScriptFrameworks\\dogDaycare\\node_modules\\wrap-ansi\\node_modules\\ansi-styles': 'C:\\Users\\prin_\\OneDrive\\Documentos\\GeorgianClasses\\Semester4\\JavaScriptFrameworks\\dogDaycare\\node_modules\\wrap-ansi\\node_modules\\.ansi-styles-8I9vpgJ9',
141 silly reify   'C:\\Users\\prin_\\OneDrive\\Documentos\\GeorgianClasses\\Semester4\\JavaScriptFrameworks\\dogDaycare\\node_modules\\@isaacs\\cliui\\node_modules\\ansi-regex': 'C:\\Users\\prin_\\OneDrive\\Documentos\\GeorgianClasses\\Semester4\\JavaScriptFrameworks\\dogDaycare\\node_modules\\@isaacs\\cliui\\node_modules\\.ansi-regex-R6fWLHGf',
141 silly reify   'C:\\Users\\prin_\\OneDrive\\Documentos\\GeorgianClasses\\Semester4\\JavaScriptFrameworks\\dogDaycare\\node_modules\\@isaacs\\cliui\\node_modules\\strip-ansi': 'C:\\Users\\prin_\\OneDrive\\Documentos\\GeorgianClasses\\Semester4\\JavaScriptFrameworks\\dogDaycare\\node_modules\\@isaacs\\cliui\\node_modules\\.strip-ansi-XGsx46LN',
141 silly reify   'C:\\Users\\prin_\\OneDrive\\Documentos\\GeorgianClasses\\Semester4\\JavaScriptFrameworks\\dogDaycare\\node_modules\\connect-flash': 'C:\\Users\\prin_\\OneDrive\\Documentos\\GeorgianClasses\\Semester4\\JavaScriptFrameworks\\dogDaycare\\node_modules\\.connect-flash-hLEUxRlI',
141 silly reify   'C:\\Users\\prin_\\OneDrive\\Documentos\\GeorgianClasses\\Semester4\\JavaScriptFrameworks\\dogDaycare\\node_modules\\bcryptjs': 'C:\\Users\\prin_\\OneDrive\\Documentos\\GeorgianClasses\\Semester4\\JavaScriptFrameworks\\dogDaycare\\node_modules\\.bcryptjs-gIvhxc71',
141 silly reify   'C:\\Users\\prin_\\OneDrive\\Documentos\\GeorgianClasses\\Semester4\\JavaScriptFrameworks\\dogDaycare\\node_modules\\body-parser': 'C:\\Users\\prin_\\OneDrive\\Documentos\\GeorgianClasses\\Semester4\\JavaScriptFrameworks\\dogDaycare\\node_modules\\.body-parser-XbNoZW3g',
141 silly reify   'C:\\Users\\prin_\\OneDrive\\Documentos\\GeorgianClasses\\Semester4\\JavaScriptFrameworks\\dogDaycare\\node_modules\\connect-mongo': 'C:\\Users\\prin_\\OneDrive\\Documentos\\GeorgianClasses\\Semester4\\JavaScriptFrameworks\\dogDaycare\\node_modules\\.connect-mongo-KMDFTW5V',
141 silly reify   'C:\\Users\\prin_\\OneDrive\\Documentos\\GeorgianClasses\\Semester4\\JavaScriptFrameworks\\dogDaycare\\node_modules\\cookie-parser': 'C:\\Users\\prin_\\OneDrive\\Documentos\\GeorgianClasses\\Semester4\\JavaScriptFrameworks\\dogDaycare\\node_modules\\.cookie-parser-ro0bOxzW',
141 silly reify   'C:\\Users\\prin_\\OneDrive\\Documentos\\GeorgianClasses\\Semester4\\JavaScriptFrameworks\\dogDaycare\\node_modules\\debug': 'C:\\Users\\prin_\\OneDrive\\Documentos\\GeorgianClasses\\Semester4\\JavaScriptFrameworks\\dogDaycare\\node_modules\\.debug-pNOeNPwI',
141 silly reify   'C:\\Users\\prin_\\OneDrive\\Documentos\\GeorgianClasses\\Semester4\\JavaScriptFrameworks\\dogDaycare\\node_modules\\dotenv': 'C:\\Users\\prin_\\OneDrive\\Documentos\\GeorgianClasses\\Semester4\\JavaScriptFrameworks\\dogDaycare\\node_modules\\.dotenv-VY1bOO6l',
141 silly reify   'C:\\Users\\prin_\\OneDrive\\Documentos\\GeorgianClasses\\Semester4\\JavaScriptFrameworks\\dogDaycare\\node_modules\\express': 'C:\\Users\\prin_\\OneDrive\\Documentos\\GeorgianClasses\\Semester4\\JavaScriptFrameworks\\dogDaycare\\node_modules\\.express-NenyOxkA',
141 silly reify   'C:\\Users\\prin_\\OneDrive\\Documentos\\GeorgianClasses\\Semester4\\JavaScriptFrameworks\\dogDaycare\\node_modules\\express-handlebars': 'C:\\Users\\prin_\\OneDrive\\Documentos\\GeorgianClasses\\Semester4\\JavaScriptFrameworks\\dogDaycare\\node_modules\\.express-handlebars-xgkqGgbR',
141 silly reify   'C:\\Users\\prin_\\OneDrive\\Documentos\\GeorgianClasses\\Semester4\\JavaScriptFrameworks\\dogDaycare\\node_modules\\express-session': 'C:\\Users\\prin_\\OneDrive\\Documentos\\GeorgianClasses\\Semester4\\JavaScriptFrameworks\\dogDaycare\\node_modules\\.express-session-37jpOwia',
141 silly reify   'C:\\Users\\prin_\\OneDrive\\Documentos\\GeorgianClasses\\Semester4\\JavaScriptFrameworks\\dogDaycare\\node_modules\\handlebars': 'C:\\Users\\prin_\\OneDrive\\Documentos\\GeorgianClasses\\Semester4\\JavaScriptFrameworks\\dogDaycare\\node_modules\\.handlebars-Q662HMSJ',
141 silly reify   'C:\\Users\\prin_\\OneDrive\\Documentos\\GeorgianClasses\\Semester4\\JavaScriptFrameworks\\dogDaycare\\node_modules\\.bin\\handlebars': 'C:\\Users\\prin_\\OneDrive\\Documentos\\GeorgianClasses\\Semester4\\JavaScriptFrameworks\\dogDaycare\\node_modules\\.bin\\.handlebars-eQ448AZV',
141 silly reify   'C:\\Users\\prin_\\OneDrive\\Documentos\\GeorgianClasses\\Semester4\\JavaScriptFrameworks\\dogDaycare\\node_modules\\.bin\\handlebars.cmd': 'C:\\Users\\prin_\\OneDrive\\Documentos\\GeorgianClasses\\Semester4\\JavaScriptFrameworks\\dogDaycare\\node_modules\\.bin\\.handlebars.cmd-ehwufgP8',
141 silly reify   'C:\\Users\\prin_\\OneDrive\\Documentos\\GeorgianClasses\\Semester4\\JavaScriptFrameworks\\dogDaycare\\node_modules\\.bin\\handlebars.ps1': 'C:\\Users\\prin_\\OneDrive\\Documentos\\GeorgianClasses\\Semester4\\JavaScriptFrameworks\\dogDaycare\\node_modules\\.bin\\.handlebars.ps1-f6yj7HlJ',
141 silly reify   'C:\\Users\\prin_\\OneDrive\\Documentos\\GeorgianClasses\\Semester4\\JavaScriptFrameworks\\dogDaycare\\node_modules\\hbs': 'C:\\Users\\prin_\\OneDrive\\Documentos\\GeorgianClasses\\Semester4\\JavaScriptFrameworks\\dogDaycare\\node_modules\\.hbs-v0KG4HHa',
141 silly reify   'C:\\Users\\prin_\\OneDrive\\Documentos\\GeorgianClasses\\Semester4\\JavaScriptFrameworks\\dogDaycare\\node_modules\\http-errors': 'C:\\Users\\prin_\\OneDrive\\Documentos\\GeorgianClasses\\Semester4\\JavaScriptFrameworks\\dogDaycare\\node_modules\\.http-errors-CBUBFIUn',
141 silly reify   'C:\\Users\\prin_\\OneDrive\\Documentos\\GeorgianClasses\\Semester4\\JavaScriptFrameworks\\dogDaycare\\node_modules\\mongodb': 'C:\\Users\\prin_\\OneDrive\\Documentos\\GeorgianClasses\\Semester4\\JavaScriptFrameworks\\dogDaycare\\node_modules\\.mongodb-VXMsOahD',
141 silly reify   'C:\\Users\\prin_\\OneDrive\\Documentos\\GeorgianClasses\\Semester4\\JavaScriptFrameworks\\dogDaycare\\node_modules\\mongoose': 'C:\\Users\\prin_\\OneDrive\\Documentos\\GeorgianClasses\\Semester4\\JavaScriptFrameworks\\dogDaycare\\node_modules\\.mongoose-oBhIuZw0',
141 silly reify   'C:\\Users\\prin_\\OneDrive\\Documentos\\GeorgianClasses\\Semester4\\JavaScriptFrameworks\\dogDaycare\\node_modules\\morgan': 'C:\\Users\\prin_\\OneDrive\\Documentos\\GeorgianClasses\\Semester4\\JavaScriptFrameworks\\dogDaycare\\node_modules\\.morgan-NfFvofIq',
141 silly reify   'C:\\Users\\prin_\\OneDrive\\Documentos\\GeorgianClasses\\Semester4\\JavaScriptFrameworks\\dogDaycare\\node_modules\\nodemon': 'C:\\Users\\prin_\\OneDrive\\Documentos\\GeorgianClasses\\Semester4\\JavaScriptFrameworks\\dogDaycare\\node_modules\\.nodemon-jTrHUAP9',
141 silly reify   'C:\\Users\\prin_\\OneDrive\\Documentos\\GeorgianClasses\\Semester4\\JavaScriptFrameworks\\dogDaycare\\node_modules\\.bin\\nodemon': 'C:\\Users\\prin_\\OneDrive\\Documentos\\GeorgianClasses\\Semester4\\JavaScriptFrameworks\\dogDaycare\\node_modules\\.bin\\.nodemon-SOWFwGrv',
141 silly reify   'C:\\Users\\prin_\\OneDrive\\Documentos\\GeorgianClasses\\Semester4\\JavaScriptFrameworks\\dogDaycare\\node_modules\\.bin\\nodemon.cmd': 'C:\\Users\\prin_\\OneDrive\\Documentos\\GeorgianClasses\\Semester4\\JavaScriptFrameworks\\dogDaycare\\node_modules\\.bin\\.nodemon.cmd-nmYG14k7',
141 silly reify   'C:\\Users\\prin_\\OneDrive\\Documentos\\GeorgianClasses\\Semester4\\JavaScriptFrameworks\\dogDaycare\\node_modules\\.bin\\nodemon.ps1': 'C:\\Users\\prin_\\OneDrive\\Documentos\\GeorgianClasses\\Semester4\\JavaScriptFrameworks\\dogDaycare\\node_modules\\.bin\\.nodemon.ps1-gaCgF0qg',
141 silly reify   'C:\\Users\\prin_\\OneDrive\\Documentos\\GeorgianClasses\\Semester4\\JavaScriptFrameworks\\dogDaycare\\node_modules\\passport': 'C:\\Users\\prin_\\OneDrive\\Documentos\\GeorgianClasses\\Semester4\\JavaScriptFrameworks\\dogDaycare\\node_modules\\.passport-YvoU9eS8',
141 silly reify   'C:\\Users\\prin_\\OneDrive\\Documentos\\GeorgianClasses\\Semester4\\JavaScriptFrameworks\\dogDaycare\\node_modules\\passport-github2': 'C:\\Users\\prin_\\OneDrive\\Documentos\\GeorgianClasses\\Semester4\\JavaScriptFrameworks\\dogDaycare\\node_modules\\.passport-github2-B8YXtPxZ',
141 silly reify   'C:\\Users\\prin_\\OneDrive\\Documentos\\GeorgianClasses\\Semester4\\JavaScriptFrameworks\\dogDaycare\\node_modules\\passport-local': 'C:\\Users\\prin_\\OneDrive\\Documentos\\GeorgianClasses\\Semester4\\JavaScriptFrameworks\\dogDaycare\\node_modules\\.passport-local-sn1QjImC'
141 silly reify }
142 verbose stack Error: EPERM: operation not permitted, rmdir 'C:\Users\prin_\OneDrive\Documentos\GeorgianClasses\Semester4\JavaScriptFrameworks\dogDaycare\node_modules\semver\bin'
143 error code EPERM
144 error syscall rmdir
145 error path C:\Users\prin_\OneDrive\Documentos\GeorgianClasses\Semester4\JavaScriptFrameworks\dogDaycare\node_modules\semver\bin
146 error errno -4048
147 error [Error: EPERM: operation not permitted, rmdir 'C:\Users\prin_\OneDrive\Documentos\GeorgianClasses\Semester4\JavaScriptFrameworks\dogDaycare\node_modules\semver\bin'] {
147 error   errno: -4048,
147 error   code: 'EPERM',
147 error   syscall: 'rmdir',
147 error   path: 'C:\\Users\\prin_\\OneDrive\\Documentos\\GeorgianClasses\\Semester4\\JavaScriptFrameworks\\dogDaycare\\node_modules\\semver\\bin'
147 error }
148 error
148 error The operation was rejected by your operating system.
148 error It's possible that the file was already in use (by a text editor or antivirus),
148 error or that you lack permissions to access it.
148 error
148 error If you believe this might be a permissions issue, please double-check the
148 error permissions of the file and its containing directories, or try running
148 error the command again as root/Administrator.
149 silly unfinished npm timer reify 1733881532528
150 silly unfinished npm timer reify:retireShallow 1733881533600
151 verbose cwd C:\Users\prin_\OneDrive\Documentos\GeorgianClasses\Semester4\JavaScriptFrameworks\dogDaycare
152 verbose os Windows_NT 10.0.22631
153 verbose node v20.17.0
154 verbose npm  v10.9.2
155 verbose exit -4048
156 verbose code -4048
157 error A complete log of this run can be found in: C:\Users\prin_\OneDrive\Documentos\GeorgianClasses\Semester4\JavaScriptFrameworks\dogDaycare\Usersprin_npm-cache\_logs\2024-12-11T01_45_31_426Z-debug-0.log
