0 verbose cli C:\Program Files\nodejs\node.exe C:\Users\prin_\AppData\Roaming\npm\node_modules\npm\bin\npm-cli.js
1 info using npm@10.9.2
2 info using node@v20.17.0
3 silly config load:file:C:\Users\prin_\AppData\Roaming\npm\node_modules\npm\npmrc
4 silly config load:file:C:\dogDaycare\.npmrc
5 silly config load:file:C:\Users\prin_\.npmrc
6 silly config load:file:C:\Users\prin_\AppData\Roaming\npm\etc\npmrc
7 verbose title npm install nodemon@latest
8 verbose argv "install" "nodemon@latest"
9 verbose logfile logs-max:10 dir:C:\dogDaycare\Usersprin_npm-cache\_logs\2024-12-11T03_53_24_715Z-
10 verbose logfile C:\dogDaycare\Usersprin_npm-cache\_logs\2024-12-11T03_53_24_715Z-debug-0.log
11 silly logfile start cleaning logs, removing 1 files
12 silly packumentCache heap:4345298944 maxSize:1086324736 maxEntrySize:543162368
13 silly logfile done cleaning log files
14 silly packumentCache corgi:https://registry.npmjs.org/nodemon cache-miss
15 http cache https://registry.npmjs.org/nodemon 79ms (cache hit)
16 silly packumentCache corgi:https://registry.npmjs.org/nodemon set size:274018 disposed:false
17 silly idealTree buildDeps
18 silly fetch manifest nodemon@3.1.7
19 silly packumentCache full:https://registry.npmjs.org/nodemon cache-miss
20 http cache https://registry.npmjs.org/nodemon 9ms (cache hit)
21 silly packumentCache full:https://registry.npmjs.org/nodemon set size:647001 disposed:false
22 silly placeDep ROOT nodemon@3.1.7 REPLACE for: dogdaycare@0.0.0 want: 3.1.7
23 silly fetch manifest debug@^4
24 silly packumentCache full:https://registry.npmjs.org/debug cache-miss
25 silly fetch manifest semver@^7.5.3
26 silly packumentCache full:https://registry.npmjs.org/semver cache-miss
27 silly fetch manifest simple-update-notifier@^2.0.0
28 silly packumentCache full:https://registry.npmjs.org/simple-update-notifier cache-miss
29 http cache https://registry.npmjs.org/simple-update-notifier 71ms (cache hit)
30 silly packumentCache full:https://registry.npmjs.org/simple-update-notifier set size:44879 disposed:false
31 http cache https://registry.npmjs.org/semver 73ms (cache hit)
32 silly packumentCache full:https://registry.npmjs.org/semver set size:215926 disposed:false
33 http fetch GET 200 https://registry.npmjs.org/debug 158ms (cache revalidated)
34 silly packumentCache full:https://registry.npmjs.org/debug set size:191347 disposed:false
35 silly placeDep node_modules/nodemon debug@4.4.0 OK for: nodemon@3.1.7 want: ^4
36 silly placeDep ROOT semver@7.6.3 OK for: nodemon@3.1.7 want: ^7.5.3
37 silly placeDep ROOT simple-update-notifier@2.0.0 OK for: nodemon@3.1.7 want: ^2.0.0
38 silly reify mark retired [
38 silly reify   'C:\\dogDaycare\\node_modules\\nodemon',
38 silly reify   'C:\\dogDaycare\\node_modules\\.bin\\nodemon',
38 silly reify   'C:\\dogDaycare\\node_modules\\.bin\\nodemon.cmd',
38 silly reify   'C:\\dogDaycare\\node_modules\\.bin\\nodemon.ps1'
38 silly reify ]
39 silly reify mark retired [
39 silly reify   'C:\\dogDaycare\\node_modules\\semver',
39 silly reify   'C:\\dogDaycare\\node_modules\\.bin\\semver',
39 silly reify   'C:\\dogDaycare\\node_modules\\.bin\\semver.cmd',
39 silly reify   'C:\\dogDaycare\\node_modules\\.bin\\semver.ps1'
39 silly reify ]
40 silly reify mark retired [ 'C:\\dogDaycare\\node_modules\\simple-update-notifier' ]
41 silly reify moves {
41 silly reify   'C:\\dogDaycare\\node_modules\\nodemon': 'C:\\dogDaycare\\node_modules\\.nodemon-8IDGwUBy',
41 silly reify   'C:\\dogDaycare\\node_modules\\.bin\\nodemon': 'C:\\dogDaycare\\node_modules\\.bin\\.nodemon-0q89pIAF',
41 silly reify   'C:\\dogDaycare\\node_modules\\.bin\\nodemon.cmd': 'C:\\dogDaycare\\node_modules\\.bin\\.nodemon.cmd-dwsengWM',
41 silly reify   'C:\\dogDaycare\\node_modules\\.bin\\nodemon.ps1': 'C:\\dogDaycare\\node_modules\\.bin\\.nodemon.ps1-1yEexRQ2',
41 silly reify   'C:\\dogDaycare\\node_modules\\semver': 'C:\\dogDaycare\\node_modules\\.semver-xBueyIFA',
41 silly reify   'C:\\dogDaycare\\node_modules\\.bin\\semver': 'C:\\dogDaycare\\node_modules\\.bin\\.semver-P5fnwUO5',
41 silly reify   'C:\\dogDaycare\\node_modules\\.bin\\semver.cmd': 'C:\\dogDaycare\\node_modules\\.bin\\.semver.cmd-7Dat8K4w',
41 silly reify   'C:\\dogDaycare\\node_modules\\.bin\\semver.ps1': 'C:\\dogDaycare\\node_modules\\.bin\\.semver.ps1-pfrdYWBO',
41 silly reify   'C:\\dogDaycare\\node_modules\\simple-update-notifier': 'C:\\dogDaycare\\node_modules\\.simple-update-notifier-E6lYzzJa'
41 silly reify }
42 silly audit bulk request {
42 silly audit   '@aws-crypto/sha256-browser': [ '5.2.0' ],
42 silly audit   '@smithy/is-array-buffer': [ '2.2.0', '3.0.0' ],
42 silly audit   '@smithy/util-buffer-from': [ '2.2.0', '3.0.0' ],
42 silly audit   '@smithy/util-utf8': [ '2.3.0', '3.0.0' ],
42 silly audit   '@aws-crypto/sha256-js': [ '5.2.0' ],
42 silly audit   '@aws-crypto/supports-web-crypto': [ '5.2.0' ],
42 silly audit   '@aws-crypto/util': [ '5.2.0' ],
42 silly audit   '@aws-sdk/client-cognito-identity': [ '3.709.0' ],
42 silly audit   '@aws-sdk/client-sso': [ '3.709.0' ],
42 silly audit   '@aws-sdk/client-sso-oidc': [ '3.709.0' ],
42 silly audit   '@aws-sdk/client-sts': [ '3.709.0' ],
42 silly audit   '@aws-sdk/core': [ '3.709.0' ],
42 silly audit   '@aws-sdk/credential-provider-cognito-identity': [ '3.709.0' ],
42 silly audit   '@aws-sdk/credential-provider-env': [ '3.709.0' ],
42 silly audit   '@aws-sdk/credential-provider-http': [ '3.709.0' ],
42 silly audit   '@aws-sdk/credential-provider-ini': [ '3.709.0' ],
42 silly audit   '@aws-sdk/credential-provider-node': [ '3.709.0' ],
42 silly audit   '@aws-sdk/credential-provider-process': [ '3.709.0' ],
42 silly audit   '@aws-sdk/credential-provider-sso': [ '3.709.0' ],
42 silly audit   '@aws-sdk/credential-provider-web-identity': [ '3.709.0' ],
42 silly audit   '@aws-sdk/credential-providers': [ '3.709.0' ],
42 silly audit   '@aws-sdk/middleware-host-header': [ '3.709.0' ],
42 silly audit   '@aws-sdk/middleware-logger': [ '3.709.0' ],
42 silly audit   '@aws-sdk/middleware-recursion-detection': [ '3.709.0' ],
42 silly audit   '@aws-sdk/middleware-user-agent': [ '3.709.0' ],
42 silly audit   '@aws-sdk/region-config-resolver': [ '3.709.0' ],
42 silly audit   '@aws-sdk/token-providers': [ '3.709.0' ],
42 silly audit   '@aws-sdk/types': [ '3.709.0' ],
42 silly audit   '@aws-sdk/util-endpoints': [ '3.709.0' ],
42 silly audit   '@aws-sdk/util-locate-window': [ '3.693.0' ],
42 silly audit   '@aws-sdk/util-user-agent-browser': [ '3.709.0' ],
42 silly audit   '@aws-sdk/util-user-agent-node': [ '3.709.0' ],
42 silly audit   '@isaacs/cliui': [ '8.0.2' ],
42 silly audit   '@mongodb-js/saslprep': [ '1.1.9' ],
42 silly audit   '@smithy/abort-controller': [ '3.1.9' ],
42 silly audit   '@smithy/config-resolver': [ '3.0.13' ],
42 silly audit   '@smithy/core': [ '2.5.5' ],
42 silly audit   '@smithy/credential-provider-imds': [ '3.2.8' ],
42 silly audit   '@smithy/fetch-http-handler': [ '4.1.2' ],
42 silly audit   '@smithy/hash-node': [ '3.0.11' ],
42 silly audit   '@smithy/invalid-dependency': [ '3.0.11' ],
42 silly audit   '@smithy/middleware-content-length': [ '3.0.13' ],
42 silly audit   '@smithy/middleware-endpoint': [ '3.2.5' ],
42 silly audit   '@smithy/middleware-retry': [ '3.0.30' ],
42 silly audit   '@smithy/middleware-serde': [ '3.0.11' ],
42 silly audit   '@smithy/middleware-stack': [ '3.0.11' ],
42 silly audit   '@smithy/node-config-provider': [ '3.1.12' ],
42 silly audit   '@smithy/node-http-handler': [ '3.3.2' ],
42 silly audit   '@smithy/property-provider': [ '3.1.11' ],
42 silly audit   '@smithy/protocol-http': [ '4.1.8' ],
42 silly audit   '@smithy/querystring-builder': [ '3.0.11' ],
42 silly audit   '@smithy/querystring-parser': [ '3.0.11' ],
42 silly audit   '@smithy/service-error-classification': [ '3.0.11' ],
42 silly audit   '@smithy/shared-ini-file-loader': [ '3.1.12' ],
42 silly audit   '@smithy/signature-v4': [ '4.2.4' ],
42 silly audit   '@smithy/smithy-client': [ '3.5.0' ],
42 silly audit   '@smithy/types': [ '3.7.2' ],
42 silly audit   '@smithy/url-parser': [ '3.0.11' ],
42 silly audit   '@smithy/util-base64': [ '3.0.0' ],
42 silly audit   '@smithy/util-body-length-browser': [ '3.0.0' ],
42 silly audit   '@smithy/util-body-length-node': [ '3.0.0' ],
42 silly audit   '@smithy/util-config-provider': [ '3.0.0' ],
42 silly audit   '@smithy/util-defaults-mode-browser': [ '3.0.30' ],
42 silly audit   '@smithy/util-defaults-mode-node': [ '3.0.30' ],
42 silly audit   '@smithy/util-endpoints': [ '2.1.7' ],
42 silly audit   '@smithy/util-hex-encoding': [ '3.0.0' ],
42 silly audit   '@smithy/util-middleware': [ '3.0.11' ],
42 silly audit   '@smithy/util-retry': [ '3.0.11' ],
42 silly audit   '@smithy/util-stream': [ '3.3.2' ],
42 silly audit   '@smithy/util-uri-escape': [ '3.0.0' ],
42 silly audit   '@types/node': [ '22.10.1' ],
42 silly audit   '@types/webidl-conversions': [ '7.0.3' ],
42 silly audit   accepts: [ '1.3.8' ],
42 silly audit   'ansi-regex': [ '6.1.0', '5.0.1' ],
42 silly audit   'ansi-styles': [ '6.2.1', '4.3.0' ],
42 silly audit   anymatch: [ '3.1.3' ],
42 silly audit   'array-flatten': [ '1.1.1' ],
42 silly audit   'balanced-match': [ '1.0.2' ],
42 silly audit   'base64-js': [ '1.5.1' ],
42 silly audit   base64url: [ '3.0.1' ],
42 silly audit   'basic-auth': [ '2.0.1' ],
42 silly audit   'safe-buffer': [ '5.1.2', '5.2.1' ],
42 silly audit   bcryptjs: [ '2.4.3' ],
42 silly audit   'binary-extensions': [ '2.3.0' ],
42 silly audit   'body-parser': [ '1.20.3' ],
42 silly audit   'http-errors': [ '2.0.0', '1.6.3' ],
42 silly audit   'on-finished': [ '2.4.1', '2.3.0' ],
42 silly audit   setprototypeof: [ '1.2.0', '1.1.0' ],
42 silly audit   statuses: [ '2.0.1', '1.4.0' ],
42 silly audit   bowser: [ '2.11.0' ],
42 silly audit   'brace-expansion': [ '1.1.11', '2.0.1' ],
42 silly audit   braces: [ '3.0.3' ],
42 silly audit   buffer: [ '5.7.1' ],
42 silly audit   bytes: [ '3.1.2' ],
42 silly audit   'call-bind': [ '1.0.8' ],
42 silly audit   'call-bind-apply-helpers': [ '1.0.1' ],
42 silly audit   chokidar: [ '3.6.0' ],
42 silly audit   'color-convert': [ '2.0.1' ],
42 silly audit   'color-name': [ '1.1.4' ],
42 silly audit   'concat-map': [ '0.0.1' ],
42 silly audit   'connect-flash': [ '0.1.1' ],
42 silly audit   'content-disposition': [ '0.5.4' ],
42 silly audit   'content-type': [ '1.0.5' ],
42 silly audit   cookie: [ '0.7.2', '0.7.1' ],
42 silly audit   'cookie-parser': [ '1.4.7' ],
42 silly audit   'cookie-session': [ '2.1.0' ],
42 silly audit   debug: [ '3.2.7', '2.6.9', '4.4.0' ],
42 silly audit   'cookie-signature': [ '1.0.6' ],
42 silly audit   cookies: [ '0.9.1' ],
42 silly audit   'cross-spawn': [ '7.0.6' ],
42 silly audit   ms: [ '2.0.0', '2.1.3' ],
42 silly audit   'define-data-property': [ '1.1.4' ],
42 silly audit   depd: [ '2.0.0', '1.1.2' ],
42 silly audit   destroy: [ '1.2.0' ],
42 silly audit   dotenv: [ '10.0.0' ],
42 silly audit   'dunder-proto': [ '1.0.0' ],
42 silly audit   eastasianwidth: [ '0.2.0' ],
42 silly audit   'ee-first': [ '1.1.1' ],
42 silly audit   'emoji-regex': [ '9.2.2', '8.0.0' ],
42 silly audit   encodeurl: [ '2.0.0', '1.0.2' ],
42 silly audit   'es-define-property': [ '1.0.1' ],
42 silly audit   'es-errors': [ '1.3.0' ],
42 silly audit   'escape-html': [ '1.0.3' ],
42 silly audit   etag: [ '1.8.1' ],
42 silly audit   express: [ '4.21.2' ],
42 silly audit   'express-handlebars': [ '8.0.1' ],
42 silly audit   'fast-xml-parser': [ '4.4.1' ],
42 silly audit   'fill-range': [ '7.1.1' ],
42 silly audit   finalhandler: [ '1.3.1' ],
42 silly audit   'foreground-child': [ '3.3.0' ],
42 silly audit   forwarded: [ '0.2.0' ],
42 silly audit   fresh: [ '0.5.2' ],
42 silly audit   fsevents: [ '2.3.3' ],
42 silly audit   'function-bind': [ '1.1.2' ],
42 silly audit   'get-intrinsic': [ '1.2.5' ],
42 silly audit   glob: [ '11.0.0' ],
42 silly audit   'glob-parent': [ '5.1.2' ],
42 silly audit   minimatch: [ '10.0.1', '3.1.2' ],
42 silly audit   gopd: [ '1.2.0' ],
42 silly audit   'graceful-fs': [ '4.2.11' ],
42 silly audit   handlebars: [ '4.7.8' ],
42 silly audit   'has-flag': [ '3.0.0' ],
42 silly audit   'has-property-descriptors': [ '1.0.2' ],
42 silly audit   'has-symbols': [ '1.1.0' ],
42 silly audit   hasown: [ '2.0.2' ],
42 silly audit   inherits: [ '2.0.3', '2.0.4' ],
42 silly audit   'iconv-lite': [ '0.4.24' ],
42 silly audit   ieee754: [ '1.2.1' ],
42 silly audit   'ignore-by-default': [ '1.0.1' ],
42 silly audit   'ip-address': [ '9.0.5' ],
42 silly audit   'ipaddr.js': [ '1.9.1' ],
42 silly audit   'is-binary-path': [ '2.1.0' ],
42 silly audit   'is-extglob': [ '2.1.1' ],
42 silly audit   'is-fullwidth-code-point': [ '3.0.0' ],
42 silly audit   'is-glob': [ '4.0.3' ],
42 silly audit   'is-number': [ '7.0.0' ],
42 silly audit   isexe: [ '2.0.0' ],
42 silly audit   jackspeak: [ '4.0.2' ],
42 silly audit   jsbn: [ '1.1.0' ],
42 silly audit   kareem: [ '2.5.1' ],
42 silly audit   keygrip: [ '1.1.0' ],
42 silly audit   'lru-cache': [ '11.0.2' ],
42 silly audit   'media-typer': [ '0.3.0' ],
42 silly audit   'memory-pager': [ '1.5.0' ],
42 silly audit   'merge-descriptors': [ '1.0.3' ],
42 silly audit   methods: [ '1.1.2' ],
42 silly audit   mime: [ '1.6.0' ],
42 silly audit   'mime-db': [ '1.52.0' ],
42 silly audit   'mime-types': [ '2.1.35' ],
42 silly audit   minimist: [ '1.2.8' ],
42 silly audit   minipass: [ '7.1.2' ],
42 silly audit   mongoose: [ '6.13.5' ],
42 silly audit   '@types/whatwg-url': [ '8.2.2' ],
42 silly audit   bson: [ '4.7.2' ],
42 silly audit   mongodb: [ '4.17.2' ],
42 silly audit   'mongodb-connection-string-url': [ '2.6.0' ],
42 silly audit   tr46: [ '3.0.0' ],
42 silly audit   'whatwg-url': [ '11.0.0' ],
42 silly audit   morgan: [ '1.9.1' ],
42 silly audit   mpath: [ '0.9.0' ],
42 silly audit   mquery: [ '4.0.3' ],
42 silly audit   negotiator: [ '0.6.3' ],
42 silly audit   'neo-async': [ '2.6.2' ],
42 silly audit   'normalize-path': [ '3.0.0' ],
42 silly audit   oauth: [ '0.10.0' ],
42 silly audit   'object-inspect': [ '1.13.3' ],
42 silly audit   'on-headers': [ '1.0.2' ],
42 silly audit   'package-json-from-dist': [ '1.0.1' ],
42 silly audit   parseurl: [ '1.3.3' ],
42 silly audit   passport: [ '0.7.0' ],
42 silly audit   'passport-github2': [ '0.1.12' ],
42 silly audit   'passport-local': [ '1.0.0' ],
42 silly audit   'passport-oauth2': [ '1.8.0' ],
42 silly audit   'passport-strategy': [ '1.0.0' ],
42 silly audit   'path-key': [ '3.1.1' ],
42 silly audit   'path-scurry': [ '2.0.0' ],
42 silly audit   'path-to-regexp': [ '0.1.12' ],
42 silly audit   pause: [ '0.0.1' ],
42 silly audit   picomatch: [ '2.3.1' ],
42 silly audit   'proxy-addr': [ '2.0.7' ],
42 silly audit   'pstree.remy': [ '1.1.8' ],
42 silly audit   punycode: [ '2.3.1' ],
42 silly audit   qs: [ '6.13.0' ],
42 silly audit   'range-parser': [ '1.2.1' ],
42 silly audit   'raw-body': [ '2.5.2' ],
42 silly audit   readdirp: [ '3.6.0' ],
42 silly audit   'safer-buffer': [ '2.1.2' ],
42 silly audit   send: [ '0.19.0' ],
42 silly audit   'serve-static': [ '1.16.2' ],
42 silly audit   'set-function-length': [ '1.2.2' ],
42 silly audit   'shebang-command': [ '2.0.0' ],
42 silly audit   'shebang-regex': [ '3.0.0' ],
42 silly audit   'side-channel': [ '1.0.6' ],
42 silly audit   sift: [ '16.0.1' ],
42 silly audit   'signal-exit': [ '4.1.0' ],
42 silly audit   'smart-buffer': [ '4.2.0' ],
42 silly audit   socks: [ '2.8.3' ],
42 silly audit   'source-map': [ '0.6.1' ],
42 silly audit   'sparse-bitfield': [ '3.0.3' ],
42 silly audit   'sprintf-js': [ '1.1.3' ],
42 silly audit   'string-width': [ '5.1.2', '4.2.3' ],
42 silly audit   'strip-ansi': [ '6.0.1', '7.1.0' ],
42 silly audit   strnum: [ '1.0.5' ],
42 silly audit   'supports-color': [ '5.5.0' ],
42 silly audit   'to-regex-range': [ '5.0.1' ],
42 silly audit   toidentifier: [ '1.0.1' ],
42 silly audit   touch: [ '3.1.1' ],
42 silly audit   tslib: [ '2.8.1' ],
42 silly audit   tsscmp: [ '1.0.6' ],
42 silly audit   'type-is': [ '1.6.18' ],
42 silly audit   'uglify-js': [ '3.19.3' ],
42 silly audit   uid2: [ '0.0.4' ],
42 silly audit   undefsafe: [ '2.0.5' ],
42 silly audit   'undici-types': [ '6.20.0' ],
42 silly audit   unpipe: [ '1.0.0' ],
42 silly audit   'utils-merge': [ '1.0.1' ],
42 silly audit   uuid: [ '9.0.1' ],
42 silly audit   vary: [ '1.1.2' ],
42 silly audit   'webidl-conversions': [ '7.0.0' ],
42 silly audit   which: [ '2.0.2' ],
42 silly audit   wordwrap: [ '1.0.0' ],
42 silly audit   'wrap-ansi': [ '8.1.0', '7.0.0' ],
42 silly audit   nodemon: [ '3.1.7' ],
42 silly audit   semver: [ '7.6.3' ],
42 silly audit   'simple-update-notifier': [ '2.0.0' ]
42 silly audit }
43 verbose reify failed optional dependency C:\dogDaycare\node_modules\fsevents
44 silly reify mark deleted [ 'C:\\dogDaycare\\node_modules\\fsevents' ]
45 http cache simple-update-notifier@https://registry.npmjs.org/simple-update-notifier/-/simple-update-notifier-2.0.0.tgz 0ms (cache hit)
46 http cache debug@https://registry.npmjs.org/debug/-/debug-4.4.0.tgz 0ms (cache hit)
47 http cache nodemon@https://registry.npmjs.org/nodemon/-/nodemon-3.1.7.tgz 0ms (cache hit)
48 http cache semver@https://registry.npmjs.org/semver/-/semver-7.6.3.tgz 0ms (cache hit)
49 http fetch POST 200 https://registry.npmjs.org/-/npm/v1/security/advisories/bulk 90ms
50 silly audit report {}
51 silly ADD
52 silly CHANGE node_modules/simple-update-notifier
53 silly REMOVE node_modules/simple-update-notifier/node_modules/semver
54 silly CHANGE node_modules/semver
55 silly CHANGE node_modules/nodemon
56 silly CHANGE node_modules/nodemon/node_modules/debug
57 verbose cwd C:\dogDaycare
58 verbose os Windows_NT 10.0.22631
59 verbose node v20.17.0
60 verbose npm  v10.9.2
61 verbose exit 0
62 info ok
